#
# There is insufficient memory for the Java Runtime Environment to continue.
# Native memory allocation (malloc) failed to allocate 953584 bytes for Chunk::new
# Possible reasons:
#   The system is out of physical RAM or swap space
#   The process is running with CompressedOops enabled, and the Java Heap may be blocking the growth of the native heap
# Possible solutions:
#   Reduce memory load on the system
#   Increase physical memory or swap space
#   Check if swap backing store is full
#   Decrease Java heap size (-Xmx/-Xms)
#   Decrease number of Java threads
#   Decrease Java thread stack sizes (-Xss)
#   Set larger code cache with -XX:ReservedCodeCacheSize=
#   JVM is running with Zero Based Compressed Oops mode in which the Java heap is
#     placed in the first 32GB address space. The Java Heap base address is the
#     maximum limit for the native heap growth. Please use -XX:HeapBaseMinAddress
#     to set the Java Heap base and to place the Java Heap above 32GB virtual address.
# This output file may be truncated or incomplete.
#
#  Out of Memory Error (arena.cpp:189), pid=9112, tid=2012
#
# JRE version: OpenJDK Runtime Environment (17.0.6) (build 17.0.6+0-b2043.56-10027231)
# Java VM: OpenJDK 64-Bit Server VM (17.0.6+0-b2043.56-10027231, mixed mode, tiered, compressed oops, compressed class ptrs, g1 gc, windows-amd64)
# No core dump will be written. Minidumps are not enabled by default on client versions of Windows
#

---------------  S U M M A R Y ------------

Command Line: --add-opens=java.base/java.util=ALL-UNNAMED --add-opens=java.base/java.lang=ALL-UNNAMED --add-opens=java.base/java.lang.invoke=ALL-UNNAMED --add-opens=java.base/java.util=ALL-UNNAMED --add-opens=java.prefs/java.util.prefs=ALL-UNNAMED --add-opens=java.prefs/java.util.prefs=ALL-UNNAMED --add-opens=java.base/java.nio.charset=ALL-UNNAMED --add-opens=java.base/java.net=ALL-UNNAMED --add-opens=java.base/java.util.concurrent.atomic=ALL-UNNAMED -Xmx4G -Dfile.encoding=windows-1252 -Duser.country=US -Duser.language=en -Duser.variant org.gradle.launcher.daemon.bootstrap.GradleDaemon 7.5

Host: Intel(R) Core(TM) i5-3317U CPU @ 1.70GHz, 4 cores, 7G,  Windows 10 , 64 bit Build 19041 (10.0.19041.3636)
Time: Mon Jan  8 20:43:20 2024 Pacific Standard Time elapsed time: 154.499323 seconds (0d 0h 2m 34s)

---------------  T H R E A D  ---------------

Current thread (0x00000161dc267a20):  JavaThread "C2 CompilerThread0" daemon [_thread_in_native, id=2012, stack(0x0000001789000000,0x0000001789100000)]


Current CompileTask:
C2: 154499 10657       4       org.gradle.internal.logging.text.AbstractLineChoppingStyledTextOutput::doAppend (43 bytes)

Stack: [0x0000001789000000,0x0000001789100000]
Native frames: (J=compiled Java code, j=interpreted, Vv=VM code, C=native code)
V  [jvm.dll+0x683c9a]
V  [jvm.dll+0x8427a4]
V  [jvm.dll+0x843f9e]
V  [jvm.dll+0x844603]
V  [jvm.dll+0x249b75]
V  [jvm.dll+0xabcac]
V  [jvm.dll+0xac27c]
V  [jvm.dll+0x368857]
V  [jvm.dll+0x332f31]
V  [jvm.dll+0x3323da]
V  [jvm.dll+0x21c201]
V  [jvm.dll+0x21b621]
V  [jvm.dll+0x1a4fdd]
V  [jvm.dll+0x22b098]
V  [jvm.dll+0x229159]
V  [jvm.dll+0x7f81ec]
V  [jvm.dll+0x7f274a]
V  [jvm.dll+0x682ad5]
C  [ucrtbase.dll+0x21bb2]
C  [KERNEL32.DLL+0x17344]
C  [ntdll.dll+0x526b1]


---------------  P R O C E S S  ---------------

Threads class SMR info:
_java_thread_list=0x00000161e4f8b360, length=93, elements={
0x00000161bc1100e0, 0x00000161dc23bc00, 0x00000161dc23cd30, 0x00000161dc260440,
0x00000161dc265940, 0x00000161dc2665b0, 0x00000161dc266a80, 0x00000161dc267a20,
0x00000161dcc5a540, 0x00000161dcc5d9a0, 0x00000161dcdc1a80, 0x00000161dcde2650,
0x00000161de761230, 0x00000161df75b390, 0x00000161de702680, 0x00000161df322910,
0x00000161df36e8e0, 0x00000161df3f8030, 0x00000161df3f8500, 0x00000161dd9f1570,
0x00000161dd9ee080, 0x00000161dd9ee550, 0x00000161dd9efd60, 0x00000161dd9ef3c0,
0x00000161dd9f0230, 0x00000161dd9f0700, 0x00000161dd9ef890, 0x00000161dd9f0bd0,
0x00000161dd9f10a0, 0x00000161e143e410, 0x00000161e143da70, 0x00000161e1440a90,
0x00000161e143c730, 0x00000161e14422a0, 0x00000161e143d0d0, 0x00000161e14400f0,
0x00000161e143f280, 0x00000161e1442c40, 0x00000161e143edb0, 0x00000161e143c260,
0x00000161e14435e0, 0x00000161e1441900, 0x00000161e1443ab0, 0x00000161e143d5a0,
0x00000161e143cc00, 0x00000161dd9eea20, 0x00000161dd9eeef0, 0x00000161e233b950,
0x00000161e233b480, 0x00000161e233be20, 0x00000161e2338e00, 0x00000161e2338930,
0x00000161e2335de0, 0x00000161e23392d0, 0x00000161e23397a0, 0x00000161e2339c70,
0x00000161e233a140, 0x00000161e2335910, 0x00000161e2337120, 0x00000161e233c7c0,
0x00000161e2334f70, 0x00000161e233a610, 0x00000161e2335440, 0x00000161e23362b0,
0x00000161e2336780, 0x00000161e233aae0, 0x00000161e233afb0, 0x00000161e2336c50,
0x00000161e23375f0, 0x00000161e2337ac0, 0x00000161e2337f90, 0x00000161e2338460,
0x00000161e1502840, 0x00000161e15036b0, 0x00000161e1502d10, 0x00000161e1501500,
0x00000161e14fe010, 0x00000161e14ff350, 0x00000161e1502370, 0x00000161e14fe9b0,
0x00000161e1503b80, 0x00000161e15031e0, 0x00000161e1504050, 0x00000161e1504520,
0x00000161e14ff820, 0x00000161e15049f0, 0x00000161e10fa870, 0x00000161e10f9ed0,
0x00000161e10fca20, 0x00000161e10f9060, 0x00000161e10fa3a0, 0x00000161e10fad40,
0x00000161e10fbbb0
}

Java Threads: ( => current thread )
  0x00000161bc1100e0 JavaThread "main" [_thread_blocked, id=9740, stack(0x0000001788300000,0x0000001788400000)]
  0x00000161dc23bc00 JavaThread "Reference Handler" daemon [_thread_blocked, id=9596, stack(0x0000001788a00000,0x0000001788b00000)]
  0x00000161dc23cd30 JavaThread "Finalizer" daemon [_thread_blocked, id=14204, stack(0x0000001788b00000,0x0000001788c00000)]
  0x00000161dc260440 JavaThread "Signal Dispatcher" daemon [_thread_blocked, id=12360, stack(0x0000001788c00000,0x0000001788d00000)]
  0x00000161dc265940 JavaThread "Attach Listener" daemon [_thread_blocked, id=4916, stack(0x0000001788d00000,0x0000001788e00000)]
  0x00000161dc2665b0 JavaThread "Service Thread" daemon [_thread_blocked, id=12872, stack(0x0000001788e00000,0x0000001788f00000)]
  0x00000161dc266a80 JavaThread "Monitor Deflation Thread" daemon [_thread_blocked, id=14164, stack(0x0000001788f00000,0x0000001789000000)]
=>0x00000161dc267a20 JavaThread "C2 CompilerThread0" daemon [_thread_in_native, id=2012, stack(0x0000001789000000,0x0000001789100000)]
  0x00000161dcc5a540 JavaThread "C1 CompilerThread0" daemon [_thread_blocked, id=5028, stack(0x0000001789100000,0x0000001789200000)]
  0x00000161dcc5d9a0 JavaThread "Sweeper thread" daemon [_thread_blocked, id=13616, stack(0x0000001789200000,0x0000001789300000)]
  0x00000161dcdc1a80 JavaThread "Common-Cleaner" daemon [_thread_blocked, id=13588, stack(0x0000001789300000,0x0000001789400000)]
  0x00000161dcde2650 JavaThread "Notification Thread" daemon [_thread_blocked, id=14176, stack(0x0000001789400000,0x0000001789500000)]
  0x00000161de761230 JavaThread "Daemon health stats" [_thread_blocked, id=15240, stack(0x0000001789a00000,0x0000001789b00000)]
  0x00000161df75b390 JavaThread "Incoming local TCP Connector on port 50840" [_thread_in_native, id=11548, stack(0x0000001789600000,0x0000001789700000)]
  0x00000161de702680 JavaThread "Daemon periodic checks" [_thread_blocked, id=8680, stack(0x0000001789b00000,0x0000001789c00000)]
  0x00000161df322910 JavaThread "Daemon" [_thread_blocked, id=7920, stack(0x0000001789c00000,0x0000001789d00000)]
  0x00000161df36e8e0 JavaThread "Handler for socket connection from /127.0.0.1:50840 to /127.0.0.1:50841" [_thread_in_native, id=11900, stack(0x0000001789d00000,0x0000001789e00000)]
  0x00000161df3f8030 JavaThread "Cancel handler" [_thread_blocked, id=3024, stack(0x0000001789e00000,0x0000001789f00000)]
  0x00000161df3f8500 JavaThread "Daemon worker" [_thread_blocked, id=16096, stack(0x0000001789f00000,0x000000178a000000)]
  0x00000161dd9f1570 JavaThread "Asynchronous log dispatcher for DefaultDaemonConnection: socket connection from /127.0.0.1:50840 to /127.0.0.1:50841" [_thread_blocked, id=14652, stack(0x000000178a000000,0x000000178a100000)]
  0x00000161dd9ee080 JavaThread "Daemon client event forwarder" [_thread_blocked, id=11828, stack(0x000000178a200000,0x000000178a300000)]
  0x00000161dd9ee550 JavaThread "Cache worker for journal cache (C:\Users\Admin\.gradle\caches\journal-1)" [_thread_blocked, id=14656, stack(0x000000178a300000,0x000000178a400000)]
  0x00000161dd9efd60 JavaThread "File lock request listener" [_thread_in_native, id=11532, stack(0x000000178a400000,0x000000178a500000)]
  0x00000161dd9ef3c0 JavaThread "Cache worker for file hash cache (C:\Users\Admin\.gradle\caches\7.5\fileHashes)" [_thread_blocked, id=9676, stack(0x000000178a500000,0x000000178a600000)]
  0x00000161dd9f0230 JavaThread "File watcher server" daemon [_thread_in_native, id=2336, stack(0x000000178a700000,0x000000178a800000)]
  0x00000161dd9f0700 JavaThread "File watcher consumer" daemon [_thread_blocked, id=2516, stack(0x000000178a800000,0x000000178a900000)]
  0x00000161dd9ef890 JavaThread "Cache worker for checksums cache (H:\my-P-flutter\quran_app\android\.gradle\7.5\checksums)" [_thread_blocked, id=3036, stack(0x000000178a900000,0x000000178aa00000)]
  0x00000161dd9f0bd0 JavaThread "Cache worker for cache directory md-rule (C:\Users\Admin\.gradle\caches\7.5\md-rule)" [_thread_blocked, id=14516, stack(0x000000178aa00000,0x000000178ab00000)]
  0x00000161dd9f10a0 JavaThread "Cache worker for file content cache (C:\Users\Admin\.gradle\caches\7.5\fileContent)" [_thread_blocked, id=3340, stack(0x000000178ab00000,0x000000178ac00000)]
  0x00000161e143e410 JavaThread "Cache worker for file hash cache (H:\my-P-flutter\quran_app\android\.gradle\7.5\fileHashes)" [_thread_blocked, id=5128, stack(0x000000178a600000,0x000000178a700000)]
  0x00000161e143da70 JavaThread "Cache worker for cache directory md-supplier (C:\Users\Admin\.gradle\caches\7.5\md-supplier)" [_thread_blocked, id=13828, stack(0x000000178ac00000,0x000000178ad00000)]
  0x00000161e1440a90 JavaThread "Cache worker for execution history cache (C:\Users\Admin\.gradle\caches\7.5\executionHistory)" [_thread_blocked, id=1692, stack(0x000000178ad00000,0x000000178ae00000)]
  0x00000161e143c730 JavaThread "jar transforms" [_thread_blocked, id=14088, stack(0x000000178af00000,0x000000178b000000)]
  0x00000161e14422a0 JavaThread "Cache worker for kotlin-dsl (C:\Users\Admin\.gradle\caches\7.5\kotlin-dsl)" [_thread_blocked, id=12284, stack(0x000000178b000000,0x000000178b100000)]
  0x00000161e143d0d0 JavaThread "jar transforms Thread 2" [_thread_blocked, id=12072, stack(0x000000178ae00000,0x000000178af00000)]
  0x00000161e14400f0 JavaThread "Cache worker for dependencies-accessors (H:\my-P-flutter\quran_app\android\.gradle\7.5\dependencies-accessors)" [_thread_blocked, id=15492, stack(0x000000178b100000,0x000000178b200000)]
  0x00000161e143f280 JavaThread "Cache worker for Build Output Cleanup Cache (G:\src\flutter\packages\flutter_tools\gradle\.gradle\buildOutputCleanup)" [_thread_blocked, id=3348, stack(0x000000178b300000,0x000000178b400000)]
  0x00000161e1442c40 JavaThread "jar transforms Thread 3" [_thread_blocked, id=8088, stack(0x000000178b400000,0x000000178b500000)]
  0x00000161e143edb0 JavaThread "Memory manager" [_thread_blocked, id=3372, stack(0x000000178b500000,0x000000178b600000)]
  0x00000161e143c260 JavaThread "jar transforms Thread 4" [_thread_blocked, id=10220, stack(0x000000178b600000,0x000000178b700000)]
  0x00000161e14435e0 JavaThread "included builds" [_thread_blocked, id=14624, stack(0x000000178b700000,0x000000178b800000)]
  0x00000161e1441900 JavaThread "Execution worker" [_thread_blocked, id=9816, stack(0x000000178b800000,0x000000178b900000)]
  0x00000161e1443ab0 JavaThread "Execution worker Thread 2" [_thread_blocked, id=11400, stack(0x000000178b900000,0x000000178ba00000)]
  0x00000161e143d5a0 JavaThread "Execution worker Thread 3" [_thread_blocked, id=1456, stack(0x000000178ba00000,0x000000178bb00000)]
  0x00000161e143cc00 JavaThread "Cache worker for execution history cache (G:\src\flutter\packages\flutter_tools\gradle\.gradle\7.5\executionHistory)" [_thread_blocked, id=11960, stack(0x000000178bb00000,0x000000178bc00000)]
  0x00000161dd9eea20 JavaThread "Unconstrained build operations" [_thread_blocked, id=2608, stack(0x000000178bc00000,0x000000178bd00000)]
  0x00000161dd9eeef0 JavaThread "Unconstrained build operations Thread 2" [_thread_blocked, id=5084, stack(0x000000178bd00000,0x000000178be00000)]
  0x00000161e233b950 JavaThread "Unconstrained build operations Thread 3" [_thread_blocked, id=11288, stack(0x000000178be00000,0x000000178bf00000)]
  0x00000161e233b480 JavaThread "Unconstrained build operations Thread 4" [_thread_blocked, id=13740, stack(0x000000178bf00000,0x000000178c000000)]
  0x00000161e233be20 JavaThread "Unconstrained build operations Thread 5" [_thread_blocked, id=7296, stack(0x000000178c000000,0x000000178c100000)]
  0x00000161e2338e00 JavaThread "Unconstrained build operations Thread 6" [_thread_blocked, id=72, stack(0x000000178c100000,0x000000178c200000)]
  0x00000161e2338930 JavaThread "Unconstrained build operations Thread 7" [_thread_blocked, id=5668, stack(0x000000178c200000,0x000000178c300000)]
  0x00000161e2335de0 JavaThread "Unconstrained build operations Thread 8" [_thread_blocked, id=9192, stack(0x000000178c300000,0x000000178c400000)]
  0x00000161e23392d0 JavaThread "Unconstrained build operations Thread 9" [_thread_blocked, id=7844, stack(0x000000178c400000,0x000000178c500000)]
  0x00000161e23397a0 JavaThread "Unconstrained build operations Thread 10" [_thread_blocked, id=3156, stack(0x000000178c500000,0x000000178c600000)]
  0x00000161e2339c70 JavaThread "Unconstrained build operations Thread 11" [_thread_blocked, id=11524, stack(0x000000178b200000,0x000000178b300000)]
  0x00000161e233a140 JavaThread "Unconstrained build operations Thread 12" [_thread_blocked, id=14212, stack(0x000000178c600000,0x000000178c700000)]
  0x00000161e2335910 JavaThread "Unconstrained build operations Thread 13" [_thread_blocked, id=13612, stack(0x000000178c700000,0x000000178c800000)]
  0x00000161e2337120 JavaThread "Unconstrained build operations Thread 14" [_thread_blocked, id=11072, stack(0x000000178c800000,0x000000178c900000)]
  0x00000161e233c7c0 JavaThread "Unconstrained build operations Thread 15" [_thread_blocked, id=14192, stack(0x000000178c900000,0x000000178ca00000)]
  0x00000161e2334f70 JavaThread "Unconstrained build operations Thread 16" [_thread_blocked, id=9820, stack(0x000000178ca00000,0x000000178cb00000)]
  0x00000161e233a610 JavaThread "Unconstrained build operations Thread 17" [_thread_blocked, id=7652, stack(0x000000178cb00000,0x000000178cc00000)]
  0x00000161e2335440 JavaThread "Unconstrained build operations Thread 18" [_thread_blocked, id=9696, stack(0x000000178cc00000,0x000000178cd00000)]
  0x00000161e23362b0 JavaThread "Unconstrained build operations Thread 19" [_thread_blocked, id=6372, stack(0x000000178cd00000,0x000000178ce00000)]
  0x00000161e2336780 JavaThread "Unconstrained build operations Thread 20" [_thread_blocked, id=12324, stack(0x000000178ce00000,0x000000178cf00000)]
  0x00000161e233aae0 JavaThread "Unconstrained build operations Thread 21" [_thread_blocked, id=13036, stack(0x000000178cf00000,0x000000178d000000)]
  0x00000161e233afb0 JavaThread "Unconstrained build operations Thread 22" [_thread_blocked, id=8724, stack(0x000000178d000000,0x000000178d100000)]
  0x00000161e2336c50 JavaThread "Unconstrained build operations Thread 23" [_thread_blocked, id=16332, stack(0x000000178d100000,0x000000178d200000)]
  0x00000161e23375f0 JavaThread "Unconstrained build operations Thread 24" [_thread_blocked, id=4364, stack(0x000000178d200000,0x000000178d300000)]
  0x00000161e2337ac0 JavaThread "Unconstrained build operations Thread 25" [_thread_blocked, id=15400, stack(0x000000178d300000,0x000000178d400000)]
  0x00000161e2337f90 JavaThread "Unconstrained build operations Thread 26" [_thread_blocked, id=12928, stack(0x000000178d400000,0x000000178d500000)]
  0x00000161e2338460 JavaThread "Unconstrained build operations Thread 27" [_thread_blocked, id=11184, stack(0x000000178d500000,0x000000178d600000)]
  0x00000161e1502840 JavaThread "Unconstrained build operations Thread 28" [_thread_blocked, id=4656, stack(0x000000178d600000,0x000000178d700000)]
  0x00000161e15036b0 JavaThread "Unconstrained build operations Thread 29" [_thread_blocked, id=436, stack(0x000000178d700000,0x000000178d800000)]
  0x00000161e1502d10 JavaThread "Unconstrained build operations Thread 30" [_thread_blocked, id=13608, stack(0x000000178d800000,0x000000178d900000)]
  0x00000161e1501500 JavaThread "Unconstrained build operations Thread 31" [_thread_blocked, id=6320, stack(0x000000178d900000,0x000000178da00000)]
  0x00000161e14fe010 JavaThread "Unconstrained build operations Thread 32" [_thread_blocked, id=7004, stack(0x000000178da00000,0x000000178db00000)]
  0x00000161e14ff350 JavaThread "Unconstrained build operations Thread 33" [_thread_blocked, id=10228, stack(0x000000178db00000,0x000000178dc00000)]
  0x00000161e1502370 JavaThread "Unconstrained build operations Thread 34" [_thread_blocked, id=15744, stack(0x000000178dc00000,0x000000178dd00000)]
  0x00000161e14fe9b0 JavaThread "Unconstrained build operations Thread 35" [_thread_blocked, id=10180, stack(0x000000178dd00000,0x000000178de00000)]
  0x00000161e1503b80 JavaThread "Unconstrained build operations Thread 36" [_thread_blocked, id=15856, stack(0x000000178de00000,0x000000178df00000)]
  0x00000161e15031e0 JavaThread "Unconstrained build operations Thread 37" [_thread_blocked, id=3336, stack(0x000000178df00000,0x000000178e000000)]
  0x00000161e1504050 JavaThread "Unconstrained build operations Thread 38" [_thread_blocked, id=15984, stack(0x000000178e000000,0x000000178e100000)]
  0x00000161e1504520 JavaThread "Unconstrained build operations Thread 39" [_thread_blocked, id=3436, stack(0x000000178e100000,0x000000178e200000)]
  0x00000161e14ff820 JavaThread "Unconstrained build operations Thread 40" [_thread_blocked, id=15368, stack(0x000000178e200000,0x000000178e300000)]
  0x00000161e15049f0 JavaThread "Cache worker for Build Output Cleanup Cache (H:\my-P-flutter\quran_app\android\.gradle\buildOutputCleanup)" [_thread_blocked, id=420, stack(0x000000178e300000,0x000000178e400000)]
  0x00000161e10fa870 JavaThread "pool-3-thread-1" [_thread_blocked, id=15156, stack(0x0000001788000000,0x0000001788100000)]
  0x00000161e10f9ed0 JavaThread "build event listener" [_thread_blocked, id=13008, stack(0x0000001788100000,0x0000001788200000)]
  0x00000161e10fca20 JavaThread "Cache worker for execution history cache (H:\my-P-flutter\quran_app\android\.gradle\7.5\executionHistory)" [_thread_blocked, id=12400, stack(0x0000001788200000,0x0000001788300000)]
  0x00000161e10f9060 JavaThread "Exec process" [_thread_in_native, id=9296, stack(0x000000178e600000,0x000000178e700000)]
  0x00000161e10fa3a0 JavaThread "Exec process Thread 2" [_thread_in_native, id=9372, stack(0x000000178e700000,0x000000178e800000)]
  0x00000161e10fad40 JavaThread "Exec process Thread 3" [_thread_in_native, id=8676, stack(0x000000178e800000,0x000000178e900000)]
  0x00000161e10fbbb0 JavaThread "File lock release action executor" [_thread_blocked, id=10044, stack(0x000000178e900000,0x000000178ea00000)]

Other Threads:
  0x00000161dc1f2db0 VMThread "VM Thread" [stack: 0x0000001788900000,0x0000001788a00000] [id=10208]
  0x00000161bc1967c0 WatcherThread [stack: 0x0000001789500000,0x0000001789600000] [id=3264]
  0x00000161bc17c760 GCTaskThread "GC Thread#0" [stack: 0x0000001788400000,0x0000001788500000] [id=15968]
  0x00000161dd386b20 GCTaskThread "GC Thread#1" [stack: 0x0000001789700000,0x0000001789800000] [id=14184]
  0x00000161dd2e5020 GCTaskThread "GC Thread#2" [stack: 0x0000001789800000,0x0000001789900000] [id=12364]
  0x00000161dddf8ab0 GCTaskThread "GC Thread#3" [stack: 0x0000001789900000,0x0000001789a00000] [id=11604]
  0x00000161bc18d5b0 ConcurrentGCThread "G1 Main Marker" [stack: 0x0000001788500000,0x0000001788600000] [id=15980]
  0x00000161bc18e670 ConcurrentGCThread "G1 Conc#0" [stack: 0x0000001788600000,0x0000001788700000] [id=10140]
  0x00000161dc0b14b0 ConcurrentGCThread "G1 Refine#0" [stack: 0x0000001788700000,0x0000001788800000] [id=11004]
  0x00000161dc0b19f0 ConcurrentGCThread "G1 Service" [stack: 0x0000001788800000,0x0000001788900000] [id=2928]

Threads with active compile tasks:
C2 CompilerThread0   154558 10657       4       org.gradle.internal.logging.text.AbstractLineChoppingStyledTextOutput::doAppend (43 bytes)

VM state: not at safepoint (normal execution)

VM Mutex/Monitor currently owned by a thread: None

Heap address: 0x0000000700000000, size: 4096 MB, Compressed Oops mode: Zero based, Oop shift amount: 3

CDS archive(s) not mapped
Compressed class space mapped at: 0x0000000800000000-0x0000000840000000, reserved size: 1073741824
Narrow klass base: 0x0000000800000000, Narrow klass shift: 0, Narrow klass range: 0x40000000

GC Precious Log:
 CPUs: 4 total, 4 available
 Memory: 8077M
 Large Page Support: Disabled
 NUMA Support: Disabled
 Compressed Oops: Enabled (Zero based)
 Heap Region Size: 2M
 Heap Min Capacity: 8M
 Heap Initial Capacity: 128M
 Heap Max Capacity: 4G
 Pre-touch: Disabled
 Parallel Workers: 4
 Concurrent Workers: 1
 Concurrent Refinement Workers: 4
 Periodic GC: Disabled

Heap:
 garbage-first heap   total 167936K, used 103348K [0x0000000700000000, 0x0000000800000000)
  region size 2048K, 8 young (16384K), 3 survivors (6144K)
 Metaspace       used 98901K, committed 99648K, reserved 1138688K
  class space    used 13511K, committed 13888K, reserved 1048576K

Heap Regions: E=young(eden), S=young(survivor), O=old, HS=humongous(starts), HC=humongous(continues), CS=collection set, F=free, OA=open archive, CA=closed archive, TAMS=top-at-mark-start (previous, next)
|   0|0x0000000700000000, 0x0000000700200000, 0x0000000700200000|100%|HS|  |TAMS 0x0000000700200000, 0x0000000700000000| Complete 
|   1|0x0000000700200000, 0x0000000700400000, 0x0000000700400000|100%|HC|  |TAMS 0x0000000700400000, 0x0000000700200000| Complete 
|   2|0x0000000700400000, 0x0000000700600000, 0x0000000700600000|100%| O|  |TAMS 0x0000000700600000, 0x0000000700400000| Untracked 
|   3|0x0000000700600000, 0x00000007007ede00, 0x0000000700800000| 96%| O|  |TAMS 0x00000007007ede00, 0x0000000700600000| Untracked 
|   4|0x0000000700800000, 0x0000000700a00000, 0x0000000700a00000|100%| O|  |TAMS 0x0000000700a00000, 0x0000000700800000| Untracked 
|   5|0x0000000700a00000, 0x0000000700c00000, 0x0000000700c00000|100%| O|  |TAMS 0x0000000700c00000, 0x0000000700a00000| Untracked 
|   6|0x0000000700c00000, 0x0000000700e00000, 0x0000000700e00000|100%| O|  |TAMS 0x0000000700e00000, 0x0000000700c00000| Untracked 
|   7|0x0000000700e00000, 0x0000000701000000, 0x0000000701000000|100%| O|  |TAMS 0x0000000701000000, 0x0000000700e00000| Untracked 
|   8|0x0000000701000000, 0x0000000701200000, 0x0000000701200000|100%| O|  |TAMS 0x0000000701200000, 0x0000000701000000| Untracked 
|   9|0x0000000701200000, 0x0000000701400000, 0x0000000701400000|100%| O|  |TAMS 0x0000000701400000, 0x0000000701200000| Untracked 
|  10|0x0000000701400000, 0x0000000701600000, 0x0000000701600000|100%| O|  |TAMS 0x0000000701600000, 0x0000000701400000| Untracked 
|  11|0x0000000701600000, 0x0000000701800000, 0x0000000701800000|100%| O|  |TAMS 0x0000000701800000, 0x0000000701600000| Untracked 
|  12|0x0000000701800000, 0x0000000701a00000, 0x0000000701a00000|100%| O|  |TAMS 0x0000000701a00000, 0x0000000701800000| Untracked 
|  13|0x0000000701a00000, 0x0000000701c00000, 0x0000000701c00000|100%| O|  |TAMS 0x0000000701c00000, 0x0000000701a00000| Untracked 
|  14|0x0000000701c00000, 0x0000000701e00000, 0x0000000701e00000|100%| O|  |TAMS 0x0000000701e00000, 0x0000000701c00000| Untracked 
|  15|0x0000000701e00000, 0x0000000702000000, 0x0000000702000000|100%| O|  |TAMS 0x0000000702000000, 0x0000000701e00000| Untracked 
|  16|0x0000000702000000, 0x0000000702200000, 0x0000000702200000|100%| O|  |TAMS 0x0000000702200000, 0x0000000702000000| Untracked 
|  17|0x0000000702200000, 0x00000007023ffff8, 0x0000000702400000| 99%| O|  |TAMS 0x00000007023ffff8, 0x0000000702200000| Untracked 
|  18|0x0000000702400000, 0x0000000702600000, 0x0000000702600000|100%| O|  |TAMS 0x0000000702600000, 0x0000000702400000| Untracked 
|  19|0x0000000702600000, 0x0000000702800000, 0x0000000702800000|100%| O|  |TAMS 0x0000000702800000, 0x0000000702600000| Untracked 
|  20|0x0000000702800000, 0x0000000702a00000, 0x0000000702a00000|100%| O|  |TAMS 0x0000000702a00000, 0x0000000702800000| Untracked 
|  21|0x0000000702a00000, 0x0000000702c00000, 0x0000000702c00000|100%| O|  |TAMS 0x0000000702c00000, 0x0000000702a00000| Untracked 
|  22|0x0000000702c00000, 0x0000000702e00000, 0x0000000702e00000|100%|HS|  |TAMS 0x0000000702e00000, 0x0000000702c00000| Complete 
|  23|0x0000000702e00000, 0x0000000703000000, 0x0000000703000000|100%| O|  |TAMS 0x0000000703000000, 0x0000000702e00000| Untracked 
|  24|0x0000000703000000, 0x0000000703200000, 0x0000000703200000|100%| O|  |TAMS 0x0000000703200000, 0x0000000703000000| Untracked 
|  25|0x0000000703200000, 0x0000000703400000, 0x0000000703400000|100%|HS|  |TAMS 0x0000000703400000, 0x0000000703200000| Complete 
|  26|0x0000000703400000, 0x0000000703600000, 0x0000000703600000|100%|HC|  |TAMS 0x0000000703600000, 0x0000000703400000| Complete 
|  27|0x0000000703600000, 0x0000000703800000, 0x0000000703800000|100%| O|  |TAMS 0x0000000703800000, 0x0000000703600000| Untracked 
|  28|0x0000000703800000, 0x0000000703a00000, 0x0000000703a00000|100%| O|  |TAMS 0x0000000703a00000, 0x0000000703800000| Untracked 
|  29|0x0000000703a00000, 0x0000000703c00000, 0x0000000703c00000|100%| O|  |TAMS 0x0000000703a00000, 0x0000000703a00000| Untracked 
|  30|0x0000000703c00000, 0x0000000703e00000, 0x0000000703e00000|100%| O|  |TAMS 0x0000000703e00000, 0x0000000703c00000| Untracked 
|  31|0x0000000703e00000, 0x0000000704000000, 0x0000000704000000|100%| O|  |TAMS 0x0000000704000000, 0x0000000703e00000| Untracked 
|  32|0x0000000704000000, 0x0000000704200000, 0x0000000704200000|100%| O|  |TAMS 0x0000000704200000, 0x0000000704000000| Untracked 
|  33|0x0000000704200000, 0x0000000704400000, 0x0000000704400000|100%| O|  |TAMS 0x0000000704400000, 0x0000000704200000| Untracked 
|  34|0x0000000704400000, 0x0000000704600000, 0x0000000704600000|100%| O|  |TAMS 0x0000000704600000, 0x0000000704400000| Untracked 
|  35|0x0000000704600000, 0x0000000704800000, 0x0000000704800000|100%| O|  |TAMS 0x0000000704800000, 0x0000000704600000| Untracked 
|  36|0x0000000704800000, 0x0000000704a00000, 0x0000000704a00000|100%| O|  |TAMS 0x0000000704a00000, 0x0000000704800000| Untracked 
|  37|0x0000000704a00000, 0x0000000704c00000, 0x0000000704c00000|100%| O|  |TAMS 0x0000000704c00000, 0x0000000704a00000| Untracked 
|  38|0x0000000704c00000, 0x0000000704e00000, 0x0000000704e00000|100%| O|  |TAMS 0x0000000704e00000, 0x0000000704c00000| Untracked 
|  39|0x0000000704e00000, 0x0000000705000000, 0x0000000705000000|100%| O|  |TAMS 0x0000000705000000, 0x0000000704e00000| Untracked 
|  40|0x0000000705000000, 0x0000000705200000, 0x0000000705200000|100%| O|  |TAMS 0x0000000705200000, 0x0000000705000000| Untracked 
|  41|0x0000000705200000, 0x0000000705400000, 0x0000000705400000|100%| O|  |TAMS 0x0000000705400000, 0x0000000705200000| Untracked 
|  42|0x0000000705400000, 0x0000000705600000, 0x0000000705600000|100%| O|  |TAMS 0x00000007054a7e00, 0x0000000705400000| Untracked 
|  43|0x0000000705600000, 0x00000007056ff600, 0x0000000705800000| 49%| O|  |TAMS 0x0000000705600000, 0x0000000705600000| Untracked 
|  44|0x0000000705800000, 0x0000000705800000, 0x0000000705a00000|  0%| F|  |TAMS 0x0000000705800000, 0x0000000705800000| Untracked 
|  45|0x0000000705a00000, 0x0000000705a00000, 0x0000000705c00000|  0%| F|  |TAMS 0x0000000705a00000, 0x0000000705a00000| Untracked 
|  46|0x0000000705c00000, 0x0000000705c00000, 0x0000000705e00000|  0%| F|  |TAMS 0x0000000705c00000, 0x0000000705c00000| Untracked 
|  47|0x0000000705e00000, 0x0000000705e00000, 0x0000000706000000|  0%| F|  |TAMS 0x0000000705e00000, 0x0000000705e00000| Untracked 
|  48|0x0000000706000000, 0x0000000706000000, 0x0000000706200000|  0%| F|  |TAMS 0x0000000706000000, 0x0000000706000000| Untracked 
|  49|0x0000000706200000, 0x0000000706200000, 0x0000000706400000|  0%| F|  |TAMS 0x0000000706200000, 0x0000000706200000| Untracked 
|  50|0x0000000706400000, 0x0000000706400000, 0x0000000706600000|  0%| F|  |TAMS 0x0000000706400000, 0x0000000706400000| Untracked 
|  51|0x0000000706600000, 0x0000000706600000, 0x0000000706800000|  0%| F|  |TAMS 0x0000000706600000, 0x0000000706600000| Untracked 
|  52|0x0000000706800000, 0x0000000706a00000, 0x0000000706a00000|100%| S|CS|TAMS 0x0000000706800000, 0x0000000706800000| Complete 
|  53|0x0000000706a00000, 0x0000000706c00000, 0x0000000706c00000|100%| S|CS|TAMS 0x0000000706a00000, 0x0000000706a00000| Complete 
|  54|0x0000000706c00000, 0x0000000706e00000, 0x0000000706e00000|100%| S|CS|TAMS 0x0000000706c00000, 0x0000000706c00000| Complete 
|  55|0x0000000706e00000, 0x0000000706e00000, 0x0000000707000000|  0%| F|  |TAMS 0x0000000706e00000, 0x0000000706e00000| Untracked 
|  56|0x0000000707000000, 0x0000000707000000, 0x0000000707200000|  0%| F|  |TAMS 0x0000000707000000, 0x0000000707000000| Untracked 
|  57|0x0000000707200000, 0x0000000707200000, 0x0000000707400000|  0%| F|  |TAMS 0x0000000707200000, 0x0000000707200000| Untracked 
|  58|0x0000000707400000, 0x0000000707400000, 0x0000000707600000|  0%| F|  |TAMS 0x0000000707400000, 0x0000000707400000| Untracked 
|  59|0x0000000707600000, 0x0000000707600000, 0x0000000707800000|  0%| F|  |TAMS 0x0000000707600000, 0x0000000707600000| Untracked 
|  60|0x0000000707800000, 0x0000000707800000, 0x0000000707a00000|  0%| F|  |TAMS 0x0000000707800000, 0x0000000707800000| Untracked 
|  61|0x0000000707a00000, 0x0000000707a00000, 0x0000000707c00000|  0%| F|  |TAMS 0x0000000707a00000, 0x0000000707a00000| Untracked 
|  62|0x0000000707c00000, 0x0000000707c00000, 0x0000000707e00000|  0%| F|  |TAMS 0x0000000707c00000, 0x0000000707c00000| Untracked 
|  63|0x0000000707e00000, 0x0000000707e00000, 0x0000000708000000|  0%| F|  |TAMS 0x0000000707e00000, 0x0000000707e00000| Untracked 
|  64|0x0000000708000000, 0x0000000708000000, 0x0000000708200000|  0%| F|  |TAMS 0x0000000708000000, 0x0000000708000000| Untracked 
|  65|0x0000000708200000, 0x0000000708200000, 0x0000000708400000|  0%| F|  |TAMS 0x0000000708200000, 0x0000000708200000| Untracked 
|  66|0x0000000708400000, 0x0000000708400000, 0x0000000708600000|  0%| F|  |TAMS 0x0000000708400000, 0x0000000708400000| Untracked 
|  67|0x0000000708600000, 0x0000000708600000, 0x0000000708800000|  0%| F|  |TAMS 0x0000000708600000, 0x0000000708600000| Untracked 
|  68|0x0000000708800000, 0x0000000708800000, 0x0000000708a00000|  0%| F|  |TAMS 0x0000000708800000, 0x0000000708800000| Untracked 
|  69|0x0000000708a00000, 0x0000000708a00000, 0x0000000708c00000|  0%| F|  |TAMS 0x0000000708a00000, 0x0000000708a00000| Untracked 
|  70|0x0000000708c00000, 0x0000000708c00000, 0x0000000708e00000|  0%| F|  |TAMS 0x0000000708c00000, 0x0000000708c00000| Untracked 
|  71|0x0000000708e00000, 0x0000000708e00000, 0x0000000709000000|  0%| F|  |TAMS 0x0000000708e00000, 0x0000000708e00000| Untracked 
|  72|0x0000000709000000, 0x0000000709000000, 0x0000000709200000|  0%| F|  |TAMS 0x0000000709000000, 0x0000000709000000| Untracked 
|  73|0x0000000709200000, 0x0000000709200000, 0x0000000709400000|  0%| F|  |TAMS 0x0000000709200000, 0x0000000709200000| Untracked 
|  74|0x0000000709400000, 0x0000000709400000, 0x0000000709600000|  0%| F|  |TAMS 0x0000000709400000, 0x0000000709400000| Untracked 
|  75|0x0000000709600000, 0x0000000709800000, 0x0000000709800000|100%| E|CS|TAMS 0x0000000709600000, 0x0000000709600000| Complete 
|  76|0x0000000709800000, 0x0000000709a00000, 0x0000000709a00000|100%| E|CS|TAMS 0x0000000709800000, 0x0000000709800000| Complete 
|  77|0x0000000709a00000, 0x0000000709a00000, 0x0000000709c00000|  0%| F|  |TAMS 0x0000000709a00000, 0x0000000709a00000| Untracked 
|  78|0x0000000709c00000, 0x0000000709c00000, 0x0000000709e00000|  0%| F|  |TAMS 0x0000000709c00000, 0x0000000709c00000| Untracked 
|  79|0x0000000709e00000, 0x0000000709fa0d80, 0x000000070a000000| 81%| E|  |TAMS 0x0000000709e00000, 0x0000000709e00000| Complete 
|  80|0x000000070a000000, 0x000000070a200000, 0x000000070a200000|100%| E|CS|TAMS 0x000000070a000000, 0x000000070a000000| Complete 
|  81|0x000000070a200000, 0x000000070a400000, 0x000000070a400000|100%| E|CS|TAMS 0x000000070a200000, 0x000000070a200000| Complete 

Card table byte_map: [0x00000161d0be0000,0x00000161d13e0000] _byte_map_base: 0x00000161cd3e0000

Marking Bits (Prev, Next): (CMBitMap*) 0x00000161bc17cc80, (CMBitMap*) 0x00000161bc17ccc0
 Prev Bits: [0x00000161d1be0000, 0x00000161d5be0000)
 Next Bits: [0x00000161d5be0000, 0x00000161d9be0000)

Polling page: 0x00000161bc1e0000

Metaspace:

Usage:
  Non-class:     83.39 MB used.
      Class:     13.20 MB used.
       Both:     96.58 MB used.

Virtual space:
  Non-class space:       88.00 MB reserved,      83.75 MB ( 95%) committed,  11 nodes.
      Class space:        1.00 GB reserved,      13.56 MB (  1%) committed,  1 nodes.
             Both:        1.09 GB reserved,      97.31 MB (  9%) committed. 

Chunk freelists:
   Non-Class:  3.45 MB
       Class:  2.48 MB
        Both:  5.93 MB

MaxMetaspaceSize: unlimited
CompressedClassSpaceSize: 1.00 GB
Initial GC threshold: 21.00 MB
Current GC threshold: 161.81 MB
CDS: off
MetaspaceReclaimPolicy: balanced
 - commit_granule_bytes: 65536.
 - commit_granule_words: 8192.
 - virtual_space_node_default_size: 1048576.
 - enlarge_chunks_in_place: 1.
 - new_chunks_are_fully_committed: 0.
 - uncommit_free_chunks: 1.
 - use_allocation_guard: 0.
 - handle_deallocations: 1.


Internal statistics:

num_allocs_failed_limit: 9.
num_arena_births: 914.
num_arena_deaths: 0.
num_vsnodes_births: 12.
num_vsnodes_deaths: 0.
num_space_committed: 1557.
num_space_uncommitted: 0.
num_chunks_returned_to_freelist: 9.
num_chunks_taken_from_freelist: 4493.
num_chunk_merges: 3.
num_chunk_splits: 3022.
num_chunks_enlarged: 2102.
num_purges: 0.
num_inconsistent_stats: 0.

CodeHeap 'non-profiled nmethods': size=120000Kb used=6111Kb max_used=6111Kb free=113888Kb
 bounds [0x00000161c8880000, 0x00000161c8e80000, 0x00000161cfdb0000]
CodeHeap 'profiled nmethods': size=120000Kb used=18426Kb max_used=18426Kb free=101574Kb
 bounds [0x00000161c0db0000, 0x00000161c1fb0000, 0x00000161c82e0000]
CodeHeap 'non-nmethods': size=5760Kb used=2409Kb max_used=2468Kb free=3350Kb
 bounds [0x00000161c82e0000, 0x00000161c8560000, 0x00000161c8880000]
 total_blobs=10234 nmethods=9292 adapters=853
 compilation: enabled
              stopped_count=0, restarted_count=0
 full_count=0

Compilation events (20 events):
Event: 154.378 Thread 0x00000161dcc5a540 10646   !   3       java.nio.charset.CharsetEncoder::encode (273 bytes)
Event: 154.380 Thread 0x00000161dcc5a540 nmethod 10646 0x00000161c1fa8510 code [0x00000161c1fa8800, 0x00000161c1fa9ae8]
Event: 154.380 Thread 0x00000161dcc5a540 10648   !   3       java.io.BufferedWriter::flushBuffer (53 bytes)
Event: 154.381 Thread 0x00000161dcc5a540 nmethod 10648 0x00000161c1faa090 code [0x00000161c1faa280, 0x00000161c1faa778]
Event: 154.381 Thread 0x00000161dcc5a540 10652   !   3       java.io.PrintStream::write (83 bytes)
Event: 154.382 Thread 0x00000161dcc5a540 nmethod 10652 0x00000161c1faa990 code [0x00000161c1faac20, 0x00000161c1fab998]
Event: 154.382 Thread 0x00000161dcc5a540 10651       3       java.io.OutputStreamWriter::flushBuffer (8 bytes)
Event: 154.383 Thread 0x00000161dcc5a540 nmethod 10651 0x00000161c1fac010 code [0x00000161c1fac1c0, 0x00000161c1fac308]
Event: 154.391 Thread 0x00000161dc267a20 nmethod 10642 0x00000161c8e76b90 code [0x00000161c8e76d60, 0x00000161c8e773e8]
Event: 154.391 Thread 0x00000161dc267a20 10647       4       org.gradle.internal.logging.text.AbstractLineChoppingStyledTextOutput$StateContext::setState (10 bytes)
Event: 154.394 Thread 0x00000161dc267a20 nmethod 10647 0x00000161c8e77990 code [0x00000161c8e77b00, 0x00000161c8e77c58]
Event: 154.399 Thread 0x00000161dcc5a540 10653       3       org.gradle.internal.io.LineBufferingOutputStream::write (59 bytes)
Event: 154.399 Thread 0x00000161dc267a20 10657       4       org.gradle.internal.logging.text.AbstractLineChoppingStyledTextOutput::doAppend (43 bytes)
Event: 154.401 Thread 0x00000161dcc5a540 nmethod 10653 0x00000161c1fac410 code [0x00000161c1fac6c0, 0x00000161c1fad518]
Event: 154.401 Thread 0x00000161dcc5a540 10654       3       org.gradle.internal.io.StreamByteBuffer$StreamByteBufferOutputStream::write (22 bytes)
Event: 154.402 Thread 0x00000161dcc5a540 nmethod 10654 0x00000161c1fada90 code [0x00000161c1fadc40, 0x00000161c1fade18]
Event: 154.402 Thread 0x00000161dcc5a540 10655       3       org.gradle.internal.io.StreamByteBuffer$StreamByteBufferChunk::write (32 bytes)
Event: 154.402 Thread 0x00000161dcc5a540 nmethod 10655 0x00000161c1fadf90 code [0x00000161c1fae140, 0x00000161c1fae2f8]
Event: 154.402 Thread 0x00000161dcc5a540 10656       3       org.gradle.internal.io.LineBufferingOutputStream::endsWithLineSeparator (27 bytes)
Event: 154.402 Thread 0x00000161dcc5a540 nmethod 10656 0x00000161c1fae410 code [0x00000161c1fae5a0, 0x00000161c1fae758]

GC Heap History (20 events):
Event: 45.854 GC heap before
{Heap before GC invocations=45 (full 0):
 garbage-first heap   total 131072K, used 102344K [0x0000000700000000, 0x0000000800000000)
  region size 2048K, 17 young (34816K), 2 survivors (4096K)
 Metaspace       used 80641K, committed 81280K, reserved 1122304K
  class space    used 10833K, committed 11136K, reserved 1048576K
}
Event: 45.867 GC heap after
{Heap after GC invocations=46 (full 0):
 garbage-first heap   total 131072K, used 74445K [0x0000000700000000, 0x0000000800000000)
  region size 2048K, 3 young (6144K), 3 survivors (6144K)
 Metaspace       used 80641K, committed 81280K, reserved 1122304K
  class space    used 10833K, committed 11136K, reserved 1048576K
}
Event: 47.084 GC heap before
{Heap before GC invocations=47 (full 0):
 garbage-first heap   total 131072K, used 105165K [0x0000000700000000, 0x0000000800000000)
  region size 2048K, 18 young (36864K), 3 survivors (6144K)
 Metaspace       used 80826K, committed 81408K, reserved 1122304K
  class space    used 10862K, committed 11136K, reserved 1048576K
}
Event: 47.096 GC heap after
{Heap after GC invocations=48 (full 0):
 garbage-first heap   total 131072K, used 76008K [0x0000000700000000, 0x0000000800000000)
  region size 2048K, 3 young (6144K), 3 survivors (6144K)
 Metaspace       used 80826K, committed 81408K, reserved 1122304K
  class space    used 10862K, committed 11136K, reserved 1048576K
}
Event: 48.240 GC heap before
{Heap before GC invocations=48 (full 0):
 garbage-first heap   total 131072K, used 104680K [0x0000000700000000, 0x0000000800000000)
  region size 2048K, 17 young (34816K), 3 survivors (6144K)
 Metaspace       used 81226K, committed 81856K, reserved 1122304K
  class space    used 10903K, committed 11200K, reserved 1048576K
}
Event: 48.253 GC heap after
{Heap after GC invocations=49 (full 0):
 garbage-first heap   total 131072K, used 78802K [0x0000000700000000, 0x0000000800000000)
  region size 2048K, 3 young (6144K), 3 survivors (6144K)
 Metaspace       used 81226K, committed 81856K, reserved 1122304K
  class space    used 10903K, committed 11200K, reserved 1048576K
}
Event: 50.071 GC heap before
{Heap before GC invocations=50 (full 0):
 garbage-first heap   total 143360K, used 105426K [0x0000000700000000, 0x0000000800000000)
  region size 2048K, 16 young (32768K), 3 survivors (6144K)
 Metaspace       used 83763K, committed 84480K, reserved 1122304K
  class space    used 11289K, committed 11584K, reserved 1048576K
}
Event: 50.082 GC heap after
{Heap after GC invocations=51 (full 0):
 garbage-first heap   total 143360K, used 80395K [0x0000000700000000, 0x0000000800000000)
  region size 2048K, 1 young (2048K), 1 survivors (2048K)
 Metaspace       used 83763K, committed 84480K, reserved 1122304K
  class space    used 11289K, committed 11584K, reserved 1048576K
}
Event: 52.346 GC heap before
{Heap before GC invocations=51 (full 0):
 garbage-first heap   total 143360K, used 117259K [0x0000000700000000, 0x0000000800000000)
  region size 2048K, 19 young (38912K), 1 survivors (2048K)
 Metaspace       used 87541K, committed 88256K, reserved 1130496K
  class space    used 11968K, committed 12288K, reserved 1048576K
}
Event: 52.356 GC heap after
{Heap after GC invocations=52 (full 0):
 garbage-first heap   total 143360K, used 82575K [0x0000000700000000, 0x0000000800000000)
  region size 2048K, 2 young (4096K), 2 survivors (4096K)
 Metaspace       used 87541K, committed 88256K, reserved 1130496K
  class space    used 11968K, committed 12288K, reserved 1048576K
}
Event: 54.424 GC heap before
{Heap before GC invocations=53 (full 0):
 garbage-first heap   total 147456K, used 115343K [0x0000000700000000, 0x0000000800000000)
  region size 2048K, 18 young (36864K), 2 survivors (4096K)
 Metaspace       used 88467K, committed 89152K, reserved 1130496K
  class space    used 12102K, committed 12416K, reserved 1048576K
}
Event: 54.439 GC heap after
{Heap after GC invocations=54 (full 0):
 garbage-first heap   total 147456K, used 86345K [0x0000000700000000, 0x0000000800000000)
  region size 2048K, 3 young (6144K), 3 survivors (6144K)
 Metaspace       used 88467K, committed 89152K, reserved 1130496K
  class space    used 12102K, committed 12416K, reserved 1048576K
}
Event: 54.529 GC heap before
{Heap before GC invocations=54 (full 0):
 garbage-first heap   total 147456K, used 88393K [0x0000000700000000, 0x0000000800000000)
  region size 2048K, 4 young (8192K), 3 survivors (6144K)
 Metaspace       used 88501K, committed 89152K, reserved 1130496K
  class space    used 12109K, committed 12416K, reserved 1048576K
}
Event: 54.542 GC heap after
{Heap after GC invocations=55 (full 0):
 garbage-first heap   total 147456K, used 85617K [0x0000000700000000, 0x0000000800000000)
  region size 2048K, 1 young (2048K), 1 survivors (2048K)
 Metaspace       used 88501K, committed 89152K, reserved 1130496K
  class space    used 12109K, committed 12416K, reserved 1048576K
}
Event: 57.315 GC heap before
{Heap before GC invocations=55 (full 0):
 garbage-first heap   total 147456K, used 118385K [0x0000000700000000, 0x0000000800000000)
  region size 2048K, 17 young (34816K), 1 survivors (2048K)
 Metaspace       used 91749K, committed 92544K, reserved 1130496K
  class space    used 12620K, committed 12992K, reserved 1048576K
}
Event: 57.323 GC heap after
{Heap after GC invocations=56 (full 0):
 garbage-first heap   total 147456K, used 87273K [0x0000000700000000, 0x0000000800000000)
  region size 2048K, 2 young (4096K), 2 survivors (4096K)
 Metaspace       used 91749K, committed 92544K, reserved 1130496K
  class space    used 12620K, committed 12992K, reserved 1048576K
}
Event: 61.003 GC heap before
{Heap before GC invocations=57 (full 0):
 garbage-first heap   total 157696K, used 117993K [0x0000000700000000, 0x0000000800000000)
  region size 2048K, 17 young (34816K), 2 survivors (4096K)
 Metaspace       used 95304K, committed 96000K, reserved 1138688K
  class space    used 13091K, committed 13376K, reserved 1048576K
}
Event: 61.014 GC heap after
{Heap after GC invocations=58 (full 0):
 garbage-first heap   total 157696K, used 89600K [0x0000000700000000, 0x0000000800000000)
  region size 2048K, 3 young (6144K), 3 survivors (6144K)
 Metaspace       used 95304K, committed 96000K, reserved 1138688K
  class space    used 13091K, committed 13376K, reserved 1048576K
}
Event: 64.488 GC heap before
{Heap before GC invocations=58 (full 0):
 garbage-first heap   total 157696K, used 126464K [0x0000000700000000, 0x0000000800000000)
  region size 2048K, 22 young (45056K), 3 survivors (6144K)
 Metaspace       used 98169K, committed 98944K, reserved 1138688K
  class space    used 13383K, committed 13760K, reserved 1048576K
}
Event: 64.507 GC heap after
{Heap after GC invocations=59 (full 0):
 garbage-first heap   total 157696K, used 95156K [0x0000000700000000, 0x0000000800000000)
  region size 2048K, 3 young (6144K), 3 survivors (6144K)
 Metaspace       used 98169K, committed 98944K, reserved 1138688K
  class space    used 13383K, committed 13760K, reserved 1048576K
}

Dll operation events (2 events):
Event: 0.165 Loaded shared library C:\Program Files\Android\Android Studio\jbr\bin\java.dll
Event: 1.595 Loaded shared library C:\Program Files\Android\Android Studio\jbr\bin\verify.dll

Deoptimization events (20 events):
Event: 64.564 Thread 0x00000161e14435e0 Uncommon trap: trap_request=0xffffffc6 fr.pc=0x00000161c88cf718 relative=0x00000000000007b8
Event: 64.564 Thread 0x00000161e14435e0 Uncommon trap: reason=bimorphic_or_optimized_type_check action=maybe_recompile pc=0x00000161c88cf718 method=java.util.stream.MatchOps$MatchOp.evaluateSequential(Ljava/util/stream/PipelineHelper;Ljava/util/Spliterator;)Ljava/lang/Boolean; @ 14 c2
Event: 64.564 Thread 0x00000161e14435e0 DEOPT PACKING pc=0x00000161c88cf718 sp=0x000000178b7fa050
Event: 64.564 Thread 0x00000161e14435e0 DEOPT UNPACKING pc=0x00000161c83369a3 sp=0x000000178b7f9f88 mode 2
Event: 64.655 Thread 0x00000161e14435e0 Uncommon trap: trap_request=0xffffffc6 fr.pc=0x00000161c88cf718 relative=0x00000000000007b8
Event: 64.655 Thread 0x00000161e14435e0 Uncommon trap: reason=bimorphic_or_optimized_type_check action=maybe_recompile pc=0x00000161c88cf718 method=java.util.stream.MatchOps$MatchOp.evaluateSequential(Ljava/util/stream/PipelineHelper;Ljava/util/Spliterator;)Ljava/lang/Boolean; @ 14 c2
Event: 64.655 Thread 0x00000161e14435e0 DEOPT PACKING pc=0x00000161c88cf718 sp=0x000000178b7f9da0
Event: 64.655 Thread 0x00000161e14435e0 DEOPT UNPACKING pc=0x00000161c83369a3 sp=0x000000178b7f9cd8 mode 2
Event: 64.657 Thread 0x00000161e14435e0 Uncommon trap: trap_request=0xffffffc6 fr.pc=0x00000161c88cf718 relative=0x00000000000007b8
Event: 64.657 Thread 0x00000161e14435e0 Uncommon trap: reason=bimorphic_or_optimized_type_check action=maybe_recompile pc=0x00000161c88cf718 method=java.util.stream.MatchOps$MatchOp.evaluateSequential(Ljava/util/stream/PipelineHelper;Ljava/util/Spliterator;)Ljava/lang/Boolean; @ 14 c2
Event: 64.657 Thread 0x00000161e14435e0 DEOPT PACKING pc=0x00000161c88cf718 sp=0x000000178b7f9da0
Event: 64.657 Thread 0x00000161e14435e0 DEOPT UNPACKING pc=0x00000161c83369a3 sp=0x000000178b7f9cd8 mode 2
Event: 127.428 Thread 0x00000161e143edb0 Uncommon trap: trap_request=0xffffffbe fr.pc=0x00000161c89d6550 relative=0x00000000000001b0
Event: 127.428 Thread 0x00000161e143edb0 Uncommon trap: reason=profile_predicate action=maybe_recompile pc=0x00000161c89d6550 method=java.util.LinkedHashMap.keysToArray([Ljava/lang/Object;)[Ljava/lang/Object; @ 12 c2
Event: 127.428 Thread 0x00000161e143edb0 DEOPT PACKING pc=0x00000161c89d6550 sp=0x000000178b5fd100
Event: 127.428 Thread 0x00000161e143edb0 DEOPT UNPACKING pc=0x00000161c83369a3 sp=0x000000178b5fd0b8 mode 2
Event: 154.400 Thread 0x00000161e10fa3a0 Uncommon trap: trap_request=0xffffff45 fr.pc=0x00000161c8e77260 relative=0x0000000000000500
Event: 154.400 Thread 0x00000161e10fa3a0 Uncommon trap: reason=unstable_if action=reinterpret pc=0x00000161c8e77260 method=org.gradle.internal.logging.text.AbstractLineChoppingStyledTextOutput$2.execute(Lorg/gradle/internal/logging/text/AbstractLineChoppingStyledTextOutput$StateContext;)V @ 34 c
Event: 154.400 Thread 0x00000161e10fa3a0 DEOPT PACKING pc=0x00000161c8e77260 sp=0x000000178e7fe310
Event: 154.400 Thread 0x00000161e10fa3a0 DEOPT UNPACKING pc=0x00000161c83369a3 sp=0x000000178e7fe1a8 mode 2

Classes unloaded (0 events):
No events

Classes redefined (0 events):
No events

Internal exceptions (20 events):
Event: 64.846 Thread 0x00000161e14435e0 Exception <a 'java/lang/ClassNotFoundException'{0x0000000709772d88}: org/gradle/process/internal/DefaultExecAction_DecoratedBeanInfo> (0x0000000709772d88) 
thrown [s\src\hotspot\share\classfile\systemDictionary.cpp, line 256]
Event: 64.848 Thread 0x00000161e14435e0 Exception <a 'java/lang/ClassNotFoundException'{0x0000000709784e60}: org/gradle/process/internal/DefaultExecActionBeanInfo> (0x0000000709784e60) 
thrown [s\src\hotspot\share\classfile\systemDictionary.cpp, line 256]
Event: 64.852 Thread 0x00000161e14435e0 Exception <a 'java/lang/ClassNotFoundException'{0x0000000709797048}: org/gradle/process/internal/DefaultExecHandleBuilderBeanInfo> (0x0000000709797048) 
thrown [s\src\hotspot\share\classfile\systemDictionary.cpp, line 256]
Event: 64.854 Thread 0x00000161e14435e0 Exception <a 'java/lang/ClassNotFoundException'{0x00000007097a9d38}: org/gradle/process/internal/AbstractExecHandleBuilderBeanInfo> (0x00000007097a9d38) 
thrown [s\src\hotspot\share\classfile\systemDictionary.cpp, line 256]
Event: 64.855 Thread 0x00000161e14435e0 Exception <a 'java/lang/ClassNotFoundException'{0x00000007097bd248}: org/gradle/process/internal/DefaultProcessForkOptionsBeanInfo> (0x00000007097bd248) 
thrown [s\src\hotspot\share\classfile\systemDictionary.cpp, line 256]
Event: 64.857 Thread 0x00000161e14435e0 Exception <a 'java/lang/ClassNotFoundException'{0x00000007097d05e8}: org/gradle/process/internal/DefaultProcessForkOptionsCustomizer> (0x00000007097d05e8) 
thrown [s\src\hotspot\share\classfile\systemDictionary.cpp, line 256]
Event: 64.859 Thread 0x00000161e14435e0 Exception <a 'java/lang/ClassNotFoundException'{0x00000007097f0a70}: org/gradle/process/internal/AbstractExecHandleBuilderCustomizer> (0x00000007097f0a70) 
thrown [s\src\hotspot\share\classfile\systemDictionary.cpp, line 256]
Event: 64.861 Thread 0x00000161e14435e0 Exception <a 'java/lang/ClassNotFoundException'{0x000000070a215c18}: org/gradle/process/internal/DefaultExecHandleBuilderCustomizer> (0x000000070a215c18) 
thrown [s\src\hotspot\share\classfile\systemDictionary.cpp, line 256]
Event: 64.864 Thread 0x00000161e14435e0 Exception <a 'java/lang/ClassNotFoundException'{0x000000070a256940}: org/gradle/process/internal/DefaultExecActionCustomizer> (0x000000070a256940) 
thrown [s\src\hotspot\share\classfile\systemDictionary.cpp, line 256]
Event: 64.866 Thread 0x00000161e14435e0 Exception <a 'java/lang/ClassNotFoundException'{0x000000070a272cb8}: org/gradle/process/internal/DefaultExecAction_DecoratedCustomizer> (0x000000070a272cb8) 
thrown [s\src\hotspot\share\classfile\systemDictionary.cpp, line 256]
Event: 64.871 Thread 0x00000161e14435e0 Exception <a 'java/lang/ClassNotFoundException'{0x000000070a2ace40}: org/gradle/api/logging/LogLevelBeanInfo> (0x000000070a2ace40) 
thrown [s\src\hotspot\share\classfile\systemDictionary.cpp, line 256]
Event: 64.872 Thread 0x00000161e14435e0 Exception <a 'java/lang/ClassNotFoundException'{0x000000070a2bea78}: org/gradle/api/logging/LogLevelCustomizer> (0x000000070a2bea78) 
thrown [s\src\hotspot\share\classfile\systemDictionary.cpp, line 256]
Event: 64.973 Thread 0x00000161e14435e0 Exception <a 'java/lang/ClassNotFoundException'{0x000000070a306f40}: org/gradle/internal/logging/services/DefaultLoggingManagerBeanInfo> (0x000000070a306f40) 
thrown [s\src\hotspot\share\classfile\systemDictionary.cpp, line 256]
Event: 64.975 Thread 0x00000161e14435e0 Exception <a 'java/lang/ClassNotFoundException'{0x000000070a3194b8}: org/gradle/internal/logging/services/DefaultLoggingManagerCustomizer> (0x000000070a3194b8) 
thrown [s\src\hotspot\share\classfile\systemDictionary.cpp, line 256]
Event: 64.981 Thread 0x00000161e14435e0 Exception <a 'java/lang/ClassNotFoundException'{0x000000070a34b888}: java/lang/BooleanBeanInfo> (0x000000070a34b888) 
thrown [s\src\hotspot\share\classfile\systemDictionary.cpp, line 256]
Event: 64.982 Thread 0x00000161e14435e0 Exception <a 'java/lang/ClassNotFoundException'{0x000000070a3521f8}: java/lang/BooleanCustomizer> (0x000000070a3521f8) 
thrown [s\src\hotspot\share\classfile\systemDictionary.cpp, line 256]
Event: 65.757 Thread 0x00000161e10f9060 Exception <a 'java/lang/NoSuchMethodError'{0x000000070a3bcda8}: 'void java.lang.invoke.DirectMethodHandle$Holder.invokeStatic(java.lang.Object, long)'> (0x000000070a3bcda8) 
thrown [s\src\hotspot\share\interpreter\linkResolver.cpp, line 771]
Event: 65.758 Thread 0x00000161e10f9060 Exception <a 'java/lang/NoSuchMethodError'{0x000000070a3c2018}: 'java.lang.Object java.lang.invoke.DirectMethodHandle$Holder.newInvokeSpecial(java.lang.Object, long)'> (0x000000070a3c2018) 
thrown [s\src\hotspot\share\interpreter\linkResolver.cpp, line 771]
Event: 65.760 Thread 0x00000161e10f9060 Exception <a 'java/lang/NoSuchMethodError'{0x000000070a3ccb70}: 'java.lang.Object java.lang.invoke.DirectMethodHandle$Holder.invokeStatic(java.lang.Object, java.lang.Object, long, java.lang.Object)'> (0x000000070a3ccb70) 
thrown [s\src\hotspot\share\interpreter\linkResolver.cpp, line 771]
Event: 65.761 Thread 0x00000161e10f9060 Exception <a 'java/lang/NoSuchMethodError'{0x000000070a3d05c0}: 'java.lang.Object java.lang.invoke.DirectMethodHandle$Holder.invokeStaticInit(java.lang.Object, java.lang.Object, long, java.lang.Object)'> (0x000000070a3d05c0) 
thrown [s\src\hotspot\share\interpreter\linkResolver.cpp, line 771]

VM Operations (20 events):
Event: 82.931 Executing VM operation: Cleanup
Event: 82.931 Executing VM operation: Cleanup done
Event: 88.992 Executing VM operation: Cleanup
Event: 88.992 Executing VM operation: Cleanup done
Event: 94.050 Executing VM operation: Cleanup
Event: 94.050 Executing VM operation: Cleanup done
Event: 98.099 Executing VM operation: Cleanup
Event: 98.099 Executing VM operation: Cleanup done
Event: 108.181 Executing VM operation: Cleanup
Event: 108.182 Executing VM operation: Cleanup done
Event: 127.427 Executing VM operation: HandshakeAllThreads
Event: 127.427 Executing VM operation: HandshakeAllThreads done
Event: 128.430 Executing VM operation: Cleanup
Event: 128.431 Executing VM operation: Cleanup done
Event: 137.543 Executing VM operation: Cleanup
Event: 137.543 Executing VM operation: Cleanup done
Event: 142.580 Executing VM operation: Cleanup
Event: 142.581 Executing VM operation: Cleanup done
Event: 154.368 Executing VM operation: HandshakeAllThreads
Event: 154.368 Executing VM operation: HandshakeAllThreads done

Events (20 events):
Event: 64.981 loading class java/lang/BooleanBeanInfo done
Event: 64.981 loading class java/lang/BooleanCustomizer
Event: 64.981 loading class java/lang/BooleanCustomizer done
Event: 64.982 loading class java/lang/BooleanCustomizer
Event: 64.982 loading class java/lang/BooleanCustomizer done
Event: 65.000 Thread 0x00000161e10f9060 Thread added: 0x00000161e10f9060
Event: 65.062 loading class java/lang/ProcessImpl
Event: 65.063 loading class java/lang/ProcessImpl done
Event: 65.758 loading class java/lang/ProcessHandleImpl
Event: 65.759 loading class java/lang/ProcessHandleImpl done
Event: 65.762 loading class java/lang/ProcessImpl$2
Event: 65.762 loading class java/lang/ProcessImpl$2 done
Event: 65.762 loading class java/lang/Process$PipeInputStream
Event: 65.762 loading class java/lang/Process$PipeInputStream done
Event: 65.764 loading class jdk/internal/event/ProcessStartEvent
Event: 65.764 loading class jdk/internal/event/ProcessStartEvent done
Event: 65.766 Thread 0x00000161e10fa3a0 Thread added: 0x00000161e10fa3a0
Event: 65.766 Thread 0x00000161e10fad40 Thread added: 0x00000161e10fad40
Event: 88.145 Thread 0x00000161e10fbbb0 Thread added: 0x00000161e10fbbb0
Event: 88.924 Thread 0x00000161dd9f1a40 Thread exited: 0x00000161dd9f1a40


Dynamic libraries:
0x00007ff7ef6a0000 - 0x00007ff7ef6aa000 	C:\Program Files\Android\Android Studio\jbr\bin\java.exe
0x00007ffff6170000 - 0x00007ffff6368000 	C:\Windows\SYSTEM32\ntdll.dll
0x00007ffff42b0000 - 0x00007ffff436d000 	C:\Windows\System32\KERNEL32.DLL
0x00007ffff3850000 - 0x00007ffff3b46000 	C:\Windows\System32\KERNELBASE.dll
0x00007ffff4040000 - 0x00007ffff4140000 	C:\Windows\System32\ucrtbase.dll
0x00007fffd1ed0000 - 0x00007fffd1ee7000 	C:\Program Files\Android\Android Studio\jbr\bin\jli.dll
0x00007ffff4ee0000 - 0x00007ffff507e000 	C:\Windows\System32\USER32.dll
0x00007ffff3d50000 - 0x00007ffff3d72000 	C:\Windows\System32\win32u.dll
0x00007ffff41d0000 - 0x00007ffff41fc000 	C:\Windows\System32\GDI32.dll
0x00007ffff3d80000 - 0x00007ffff3e9a000 	C:\Windows\System32\gdi32full.dll
0x00007ffff3fa0000 - 0x00007ffff403d000 	C:\Windows\System32\msvcp_win.dll
0x00007fffd1eb0000 - 0x00007fffd1ecb000 	C:\Program Files\Android\Android Studio\jbr\bin\VCRUNTIME140.dll
0x00007fffe4d20000 - 0x00007fffe4fba000 	C:\Windows\WinSxS\amd64_microsoft.windows.common-controls_6595b64144ccf1df_6.0.19041.3636_none_60b6a03d71f818d5\COMCTL32.dll
0x00007ffff4370000 - 0x00007ffff440e000 	C:\Windows\System32\msvcrt.dll
0x00007ffff4c00000 - 0x00007ffff4c30000 	C:\Windows\System32\IMM32.DLL
0x00007fffd8b10000 - 0x00007fffd8b1c000 	C:\Program Files\Android\Android Studio\jbr\bin\vcruntime140_1.dll
0x00007fffc09e0000 - 0x00007fffc0a6d000 	C:\Program Files\Android\Android Studio\jbr\bin\msvcp140.dll
0x00007fff7a130000 - 0x00007fff7ad9e000 	C:\Program Files\Android\Android Studio\jbr\bin\server\jvm.dll
0x00007ffff5c10000 - 0x00007ffff5cbf000 	C:\Windows\System32\ADVAPI32.dll
0x00007ffff4b60000 - 0x00007ffff4bfc000 	C:\Windows\System32\sechost.dll
0x00007ffff5a70000 - 0x00007ffff5b96000 	C:\Windows\System32\RPCRT4.dll
0x00007fffdc8b0000 - 0x00007fffdc8b9000 	C:\Windows\SYSTEM32\WSOCK32.dll
0x00007fffe6760000 - 0x00007fffe6787000 	C:\Windows\SYSTEM32\WINMM.dll
0x00007ffff5ba0000 - 0x00007ffff5c0b000 	C:\Windows\System32\WS2_32.dll
0x00007fffe76e0000 - 0x00007fffe76ea000 	C:\Windows\SYSTEM32\VERSION.dll
0x00007ffff2060000 - 0x00007ffff2072000 	C:\Windows\SYSTEM32\kernel.appcore.dll
0x00007fffd1ea0000 - 0x00007fffd1eaa000 	C:\Program Files\Android\Android Studio\jbr\bin\jimage.dll
0x00007ffff15b0000 - 0x00007ffff1794000 	C:\Windows\SYSTEM32\DBGHELP.DLL
0x00007fffe7390000 - 0x00007fffe73c4000 	C:\Windows\SYSTEM32\dbgcore.DLL
0x00007ffff4140000 - 0x00007ffff41c2000 	C:\Windows\System32\bcryptPrimitives.dll
0x00007fffd03c0000 - 0x00007fffd03e5000 	C:\Program Files\Android\Android Studio\jbr\bin\java.dll
0x00007fffd0280000 - 0x00007fffd0298000 	C:\Program Files\Android\Android Studio\jbr\bin\zip.dll
0x00007ffff4410000 - 0x00007ffff4b55000 	C:\Windows\System32\SHELL32.dll
0x00007ffff18b0000 - 0x00007ffff204b000 	C:\Windows\SYSTEM32\windows.storage.dll
0x00007ffff5580000 - 0x00007ffff58d4000 	C:\Windows\System32\combase.dll
0x00007ffff30e0000 - 0x00007ffff310d000 	C:\Windows\SYSTEM32\Wldp.dll
0x00007ffff4200000 - 0x00007ffff42ad000 	C:\Windows\System32\SHCORE.dll
0x00007ffff4e00000 - 0x00007ffff4e55000 	C:\Windows\System32\shlwapi.dll
0x00007ffff3780000 - 0x00007ffff37a5000 	C:\Windows\SYSTEM32\profapi.dll
0x00007fffc4cd0000 - 0x00007fffc4ce9000 	C:\Program Files\Android\Android Studio\jbr\bin\net.dll
0x00007fffe8340000 - 0x00007fffe844a000 	C:\Windows\SYSTEM32\WINHTTP.dll
0x00007ffff2ec0000 - 0x00007ffff2f2a000 	C:\Windows\system32\mswsock.dll
0x00007fffc34f0000 - 0x00007fffc3506000 	C:\Program Files\Android\Android Studio\jbr\bin\nio.dll
0x00007fffd03b0000 - 0x00007fffd03c0000 	C:\Program Files\Android\Android Studio\jbr\bin\verify.dll
0x00007fffc09b0000 - 0x00007fffc09d7000 	C:\Users\Admin\.gradle\native\e1d6ef7f7dcc3fd88c89a11ec53ec762bb8ba0a96d01ffa2cd45eb1d1d8dd5c5\windows-amd64\native-platform.dll
0x00007fffbb640000 - 0x00007fffbb784000 	C:\Users\Admin\.gradle\native\0d407fdbe67a94daf76414ababcb853783967236a71b16ec16e742cd7a986fd3\windows-amd64\native-platform-file-events.dll
0x00007fffc4ff0000 - 0x00007fffc4ff9000 	C:\Program Files\Android\Android Studio\jbr\bin\management.dll
0x00007fffc09a0000 - 0x00007fffc09ab000 	C:\Program Files\Android\Android Studio\jbr\bin\management_ext.dll
0x00007ffff4de0000 - 0x00007ffff4de8000 	C:\Windows\System32\PSAPI.DLL
0x00007ffff3120000 - 0x00007ffff3138000 	C:\Windows\SYSTEM32\CRYPTSP.dll
0x00007ffff2810000 - 0x00007ffff2844000 	C:\Windows\system32\rsaenh.dll
0x00007ffff3bc0000 - 0x00007ffff3be7000 	C:\Windows\System32\bcrypt.dll
0x00007ffff3740000 - 0x00007ffff376e000 	C:\Windows\SYSTEM32\USERENV.dll
0x00007ffff3050000 - 0x00007ffff305c000 	C:\Windows\SYSTEM32\CRYPTBASE.dll
0x00007ffff2bd0000 - 0x00007ffff2c0b000 	C:\Windows\SYSTEM32\IPHLPAPI.DLL
0x00007ffff4df0000 - 0x00007ffff4df8000 	C:\Windows\System32\NSI.dll
0x00007fffebf30000 - 0x00007fffebf47000 	C:\Windows\SYSTEM32\dhcpcsvc6.DLL
0x00007fffea990000 - 0x00007fffea9ad000 	C:\Windows\SYSTEM32\dhcpcsvc.DLL
0x00007ffff2c10000 - 0x00007ffff2cda000 	C:\Windows\SYSTEM32\DNSAPI.dll
0x00007fffc0500000 - 0x00007fffc0507000 	C:\Windows\system32\wshunix.dll

dbghelp: loaded successfully - version: 4.0.5 - missing functions: none
symbol engine: initialized successfully - sym options: 0x614 - pdb path: .;C:\Program Files\Android\Android Studio\jbr\bin;C:\Windows\SYSTEM32;C:\Windows\WinSxS\amd64_microsoft.windows.common-controls_6595b64144ccf1df_6.0.19041.3636_none_60b6a03d71f818d5;C:\Program Files\Android\Android Studio\jbr\bin\server;C:\Users\Admin\.gradle\native\e1d6ef7f7dcc3fd88c89a11ec53ec762bb8ba0a96d01ffa2cd45eb1d1d8dd5c5\windows-amd64;C:\Users\Admin\.gradle\native\0d407fdbe67a94daf76414ababcb853783967236a71b16ec16e742cd7a986fd3\windows-amd64

VM Arguments:
jvm_args: --add-opens=java.base/java.util=ALL-UNNAMED --add-opens=java.base/java.lang=ALL-UNNAMED --add-opens=java.base/java.lang.invoke=ALL-UNNAMED --add-opens=java.base/java.util=ALL-UNNAMED --add-opens=java.prefs/java.util.prefs=ALL-UNNAMED --add-opens=java.prefs/java.util.prefs=ALL-UNNAMED --add-opens=java.base/java.nio.charset=ALL-UNNAMED --add-opens=java.base/java.net=ALL-UNNAMED --add-opens=java.base/java.util.concurrent.atomic=ALL-UNNAMED -Xmx4G -Dfile.encoding=windows-1252 -Duser.country=US -Duser.language=en -Duser.variant 
java_command: org.gradle.launcher.daemon.bootstrap.GradleDaemon 7.5
java_class_path (initial): C:\Users\Admin\.gradle\wrapper\dists\gradle-7.5-all\6qsw290k5lz422uaf8jf6m7co\gradle-7.5\lib\gradle-launcher-7.5.jar
Launcher Type: SUN_STANDARD

[Global flags]
     intx CICompilerCount                          = 3                                         {product} {ergonomic}
     uint ConcGCThreads                            = 1                                         {product} {ergonomic}
     uint G1ConcRefinementThreads                  = 4                                         {product} {ergonomic}
   size_t G1HeapRegionSize                         = 2097152                                   {product} {ergonomic}
    uintx GCDrainStackTargetSize                   = 64                                        {product} {ergonomic}
   size_t InitialHeapSize                          = 134217728                                 {product} {ergonomic}
   size_t MarkStackSize                            = 4194304                                   {product} {ergonomic}
   size_t MaxHeapSize                              = 4294967296                                {product} {command line}
   size_t MaxNewSize                               = 2575302656                                {product} {ergonomic}
   size_t MinHeapDeltaBytes                        = 2097152                                   {product} {ergonomic}
   size_t MinHeapSize                              = 8388608                                   {product} {ergonomic}
    uintx NonNMethodCodeHeapSize                   = 5832780                                {pd product} {ergonomic}
    uintx NonProfiledCodeHeapSize                  = 122912730                              {pd product} {ergonomic}
    uintx ProfiledCodeHeapSize                     = 122912730                              {pd product} {ergonomic}
    uintx ReservedCodeCacheSize                    = 251658240                              {pd product} {ergonomic}
     bool SegmentedCodeCache                       = true                                      {product} {ergonomic}
   size_t SoftMaxHeapSize                          = 4294967296                             {manageable} {ergonomic}
     bool UseCompressedClassPointers               = true                           {product lp64_product} {ergonomic}
     bool UseCompressedOops                        = true                           {product lp64_product} {ergonomic}
     bool UseG1GC                                  = true                                      {product} {ergonomic}
     bool UseLargePagesIndividualAllocation        = false                                  {pd product} {ergonomic}

Logging:
Log output configuration:
 #0: stdout all=warning uptime,level,tags
 #1: stderr all=off uptime,level,tags

Environment Variables:
JAVA_HOME=C:\Program Files\Android\Android Studio\jbr
CLASSPATH=H:\my-P-flutter\quran_app\android\\gradle\wrapper\gradle-wrapper.jar
PATH=C:\Program Files\Android\Android Studio\jbr\bin;C:\Program Files\Common Files\Oracle\Java\javapath;C:\Windows\system32;C:\Windows;C:\Windows\System32\Wbem;C:\Windows\System32\WindowsPowerShell\v1.0\;C:\Windows\System32\OpenSSH\;C:\Program Files\Git\cmd;C:\Program Files\Microsoft SQL Server\150\Tools\Binn\;C:\Program Files (x86)\Windows Kits\10\Windows Performance Toolkit\;C:\Program Files\Microsoft SQL Server\Client SDK\ODBC\170\Tools\Binn\;C:\Program Files\dotnet\;C:\Program Files (x86)\Incredibuild;C:\Program Files\nodejs\;C:\Program Files\Git LFS;C:\Users\Admin\AppData\Local\Microsoft\WindowsApps;C:\Users\Admin\Desktop\Devolpment Flutter\flutter\bin;C:\Users\Admin\Desktop\flutter projects;C:\Users\Admin\.dotnet\tools;C:\Users\Admin\AppData\Local\Pub\Cache\bin;C:\Users\Admin\AppData\Roaming\npm;C:\Program Files\Java\jdk-21\bin;G:\src\flutter\bin;C:\Users\Admin\AppData\Local\Programs\Microsoft VS Code\bin;G:\src\flutter\bin\mingit\cmd;G:\src\flutter\bin\mingit\cmd
USERNAME=Admin
OS=Windows_NT
PROCESSOR_IDENTIFIER=Intel64 Family 6 Model 58 Stepping 9, GenuineIntel
TMP=C:\Users\Admin\AppData\Local\Temp
TEMP=C:\Users\Admin\AppData\Local\Temp


JNI global refs:
JNI global refs: 25, weak refs: 0

JNI global refs memory usage: 843, weak refs: 841


---------------  S Y S T E M  ---------------

OS:
 Windows 10 , 64 bit Build 19041 (10.0.19041.3636)
OS uptime: 0 days 0:07 hours
Hyper-V role detected

CPU: total 4 (initial active 4) (2 cores per cpu, 2 threads per core) family 6 model 58 stepping 9 microcode 0x21, cx8, cmov, fxsr, ht, mmx, sse, sse2, sse3, ssse3, sse4.1, sse4.2, popcnt, tsc, tscinvbit, avx, aes, erms, clmul, vzeroupper, clflush, hv

Memory: 4k page, system-wide physical 8077M (379M free)
TotalPageFile size 9111M (AvailPageFile size 3M)
current process WorkingSet (physical memory assigned to process): 392M, peak: 415M
current process commit charge ("private bytes"): 425M, peak: 451M

vm_info: OpenJDK 64-Bit Server VM (17.0.6+0-b2043.56-10027231) for windows-amd64 JRE (17.0.6+0-b2043.56-10027231), built on Apr 28 2023 00:43:19 by "androidbuild" with MS VC++ 16.10 / 16.11 (VS2019)

END.
