#
# There is insufficient memory for the Java Runtime Environment to continue.
# Native memory allocation (malloc) failed to allocate 1454128 bytes for Chunk::new
# Possible reasons:
#   The system is out of physical RAM or swap space
#   The process is running with CompressedOops enabled, and the Java Heap may be blocking the growth of the native heap
# Possible solutions:
#   Reduce memory load on the system
#   Increase physical memory or swap space
#   Check if swap backing store is full
#   Decrease Java heap size (-Xmx/-Xms)
#   Decrease number of Java threads
#   Decrease Java thread stack sizes (-Xss)
#   Set larger code cache with -XX:ReservedCodeCacheSize=
#   JVM is running with Zero Based Compressed Oops mode in which the Java heap is
#     placed in the first 32GB address space. The Java Heap base address is the
#     maximum limit for the native heap growth. Please use -XX:HeapBaseMinAddress
#     to set the Java Heap base and to place the Java Heap above 32GB virtual address.
# This output file may be truncated or incomplete.
#
#  Out of Memory Error (arena.cpp:189), pid=5060, tid=11452
#
# JRE version: OpenJDK Runtime Environment (17.0.6) (build 17.0.6+0-b2043.56-10027231)
# Java VM: OpenJDK 64-Bit Server VM (17.0.6+0-b2043.56-10027231, mixed mode, tiered, compressed oops, compressed class ptrs, g1 gc, windows-amd64)
# No core dump will be written. Minidumps are not enabled by default on client versions of Windows
#

---------------  S U M M A R Y ------------

Command Line: --add-opens=java.base/java.util=ALL-UNNAMED --add-opens=java.base/java.lang=ALL-UNNAMED --add-opens=java.base/java.lang.invoke=ALL-UNNAMED --add-opens=java.base/java.util=ALL-UNNAMED --add-opens=java.prefs/java.util.prefs=ALL-UNNAMED --add-opens=java.prefs/java.util.prefs=ALL-UNNAMED --add-opens=java.base/java.nio.charset=ALL-UNNAMED --add-opens=java.base/java.net=ALL-UNNAMED --add-opens=java.base/java.util.concurrent.atomic=ALL-UNNAMED -Xmx4G -Dfile.encoding=windows-1252 -Duser.country=US -Duser.language=en -Duser.variant org.gradle.launcher.daemon.bootstrap.GradleDaemon 7.5

Host: Intel(R) Core(TM) i5-3317U CPU @ 1.70GHz, 4 cores, 7G,  Windows 10 , 64 bit Build 19041 (10.0.19041.3636)
Time: Mon Jan  8 21:05:31 2024 Pacific Standard Time elapsed time: 1407.637199 seconds (0d 0h 23m 27s)

---------------  T H R E A D  ---------------

Current thread (0x00000276dfc308c0):  JavaThread "C2 CompilerThread0" daemon [_thread_in_native, id=11452, stack(0x000000a09a100000,0x000000a09a200000)]


Current CompileTask:
C2:1407637 23008       4       org.gradle.api.internal.DefaultNamedDomainObjectCollection::findByName (61 bytes)

Stack: [0x000000a09a100000,0x000000a09a200000]
Native frames: (J=compiled Java code, j=interpreted, Vv=VM code, C=native code)
V  [jvm.dll+0x683c9a]
V  [jvm.dll+0x8427a4]
V  [jvm.dll+0x843f9e]
V  [jvm.dll+0x844603]
V  [jvm.dll+0x249b75]
V  [jvm.dll+0xabcac]
V  [jvm.dll+0xac27c]
V  [jvm.dll+0x368857]
V  [jvm.dll+0x1bd0b8]
V  [jvm.dll+0x21c359]
V  [jvm.dll+0x21b621]
V  [jvm.dll+0x1a4fdd]
V  [jvm.dll+0x22b098]
V  [jvm.dll+0x229159]
V  [jvm.dll+0x7f81ec]
V  [jvm.dll+0x7f274a]
V  [jvm.dll+0x682ad5]
C  [ucrtbase.dll+0x21bb2]
C  [KERNEL32.DLL+0x17344]
C  [ntdll.dll+0x526b1]


---------------  P R O C E S S  ---------------

Threads class SMR info:
_java_thread_list=0x00000276ed9ee2e0, length=95, elements={
0x00000276bf0cd010, 0x00000276df24ca20, 0x00000276df24d7a0, 0x00000276df236a30,
0x00000276df239560, 0x00000276dfc2d400, 0x00000276dfc2dcc0, 0x00000276dfc308c0,
0x00000276dfc31a80, 0x00000276dfca1aa0, 0x00000276dfd6e850, 0x00000276dfd7b3e0,
0x00000276e144c4c0, 0x00000276e0ec15d0, 0x00000276e0a73050, 0x00000276e20658e0,
0x00000276e2064f40, 0x00000276e20640d0, 0x00000276e2066c20, 0x00000276e2066750,
0x00000276e2065410, 0x00000276e0894f10, 0x00000276e088eed0, 0x00000276e0892d60,
0x00000276e0894570, 0x00000276e088f3a0, 0x00000276e08958b0, 0x00000276e0893230,
0x00000276e6272b50, 0x00000276e62739c0, 0x00000276eab68020, 0x00000276eab6d6c0,
0x00000276eab689c0, 0x00000276eab6ab70, 0x00000276eab69830, 0x00000276e67fb4d0,
0x00000276e67fb9a0, 0x00000276e67fbe70, 0x00000276e67fc810, 0x00000276e92882d0,
0x00000276e9287930, 0x00000276e928bc90, 0x00000276e9289ae0, 0x00000276e9289140,
0x00000276e9289fb0, 0x00000276e928c630, 0x00000276e9287e00, 0x00000276e928a950,
0x00000276e9286f90, 0x00000276e9285c50, 0x00000276e928a480, 0x00000276e92865f0,
0x00000276e928c160, 0x00000276e9289610, 0x00000276e928cb00, 0x00000276e92887a0,
0x00000276e928ae20, 0x00000276e928b2f0, 0x00000276e9287460, 0x00000276e928d4a0,
0x00000276e9286ac0, 0x00000276e9288c70, 0x00000276e9286120, 0x00000276e928b7c0,
0x00000276e4a8b870, 0x00000276e4a8f700, 0x00000276e4a8d550, 0x00000276e4a90a40,
0x00000276e4a8c6e0, 0x00000276e4a900a0, 0x00000276e4a8e890, 0x00000276e4a8da20,
0x00000276e4a8d080, 0x00000276e4a918b0, 0x00000276e4a8fbd0, 0x00000276e4a8c210,
0x00000276e4a8def0, 0x00000276e4a8cbb0, 0x00000276e4a8e3c0, 0x00000276e4a90570,
0x00000276e4a90f10, 0x00000276e4a8ed60, 0x00000276e4a913e0, 0x00000276e4a8a060,
0x00000276e4a8a530, 0x00000276e4a8aa00, 0x00000276e4a8aed0, 0x00000276e088f870,
0x00000276e0893bd0, 0x00000276e0891080, 0x00000276e08940a0, 0x00000276e0894a40,
0x00000276e088fd40, 0x00000276e0088ec0, 0x00000276e0890210
}

Java Threads: ( => current thread )
  0x00000276bf0cd010 JavaThread "main" [_thread_blocked, id=14068, stack(0x000000a099400000,0x000000a099500000)]
  0x00000276df24ca20 JavaThread "Reference Handler" daemon [_thread_blocked, id=15404, stack(0x000000a099b00000,0x000000a099c00000)]
  0x00000276df24d7a0 JavaThread "Finalizer" daemon [_thread_blocked, id=12060, stack(0x000000a099c00000,0x000000a099d00000)]
  0x00000276df236a30 JavaThread "Signal Dispatcher" daemon [_thread_blocked, id=16184, stack(0x000000a099d00000,0x000000a099e00000)]
  0x00000276df239560 JavaThread "Attach Listener" daemon [_thread_blocked, id=5364, stack(0x000000a099e00000,0x000000a099f00000)]
  0x00000276dfc2d400 JavaThread "Service Thread" daemon [_thread_blocked, id=14356, stack(0x000000a099f00000,0x000000a09a000000)]
  0x00000276dfc2dcc0 JavaThread "Monitor Deflation Thread" daemon [_thread_blocked, id=14316, stack(0x000000a09a000000,0x000000a09a100000)]
=>0x00000276dfc308c0 JavaThread "C2 CompilerThread0" daemon [_thread_in_native, id=11452, stack(0x000000a09a100000,0x000000a09a200000)]
  0x00000276dfc31a80 JavaThread "C1 CompilerThread0" daemon [_thread_in_native, id=8876, stack(0x000000a09a200000,0x000000a09a300000)]
  0x00000276dfca1aa0 JavaThread "Sweeper thread" daemon [_thread_blocked, id=2604, stack(0x000000a09a300000,0x000000a09a400000)]
  0x00000276dfd6e850 JavaThread "Common-Cleaner" daemon [_thread_blocked, id=11348, stack(0x000000a09a400000,0x000000a09a500000)]
  0x00000276dfd7b3e0 JavaThread "Notification Thread" daemon [_thread_blocked, id=10148, stack(0x000000a09a500000,0x000000a09a600000)]
  0x00000276e144c4c0 JavaThread "Daemon health stats" [_thread_blocked, id=11540, stack(0x000000a09aa00000,0x000000a09ab00000)]
  0x00000276e0ec15d0 JavaThread "Incoming local TCP Connector on port 50917" [_thread_in_native, id=768, stack(0x000000a09ab00000,0x000000a09ac00000)]
  0x00000276e0a73050 JavaThread "Daemon periodic checks" [_thread_blocked, id=9484, stack(0x000000a09ac00000,0x000000a09ad00000)]
  0x00000276e20658e0 JavaThread "Cache worker for journal cache (C:\Users\Admin\.gradle\caches\journal-1)" [_thread_blocked, id=12964, stack(0x000000a09b400000,0x000000a09b500000)]
  0x00000276e2064f40 JavaThread "File lock request listener" [_thread_in_native, id=2404, stack(0x000000a09b500000,0x000000a09b600000)]
  0x00000276e20640d0 JavaThread "Cache worker for file hash cache (C:\Users\Admin\.gradle\caches\7.5\fileHashes)" [_thread_blocked, id=2092, stack(0x000000a09b600000,0x000000a09b700000)]
  0x00000276e2066c20 JavaThread "File watcher server" daemon [_thread_in_native, id=2900, stack(0x000000a09b800000,0x000000a09b900000)]
  0x00000276e2066750 JavaThread "File watcher consumer" daemon [_thread_blocked, id=3752, stack(0x000000a09b900000,0x000000a09ba00000)]
  0x00000276e2065410 JavaThread "Cache worker for file content cache (C:\Users\Admin\.gradle\caches\7.5\fileContent)" [_thread_blocked, id=3508, stack(0x000000a09bc00000,0x000000a09bd00000)]
  0x00000276e0894f10 JavaThread "Cache worker for execution history cache (C:\Users\Admin\.gradle\caches\7.5\executionHistory)" [_thread_blocked, id=12772, stack(0x000000a09be00000,0x000000a09bf00000)]
  0x00000276e088eed0 JavaThread "jar transforms" [_thread_blocked, id=1188, stack(0x000000a09c100000,0x000000a09c200000)]
  0x00000276e0892d60 JavaThread "Cache worker for kotlin-dsl (C:\Users\Admin\.gradle\caches\7.5\kotlin-dsl)" [_thread_blocked, id=15912, stack(0x000000a09c200000,0x000000a09c300000)]
  0x00000276e0894570 JavaThread "jar transforms Thread 2" [_thread_blocked, id=16140, stack(0x000000a09c300000,0x000000a09c400000)]
  0x00000276e088f3a0 JavaThread "jar transforms Thread 3" [_thread_blocked, id=10704, stack(0x000000a09c400000,0x000000a09c500000)]
  0x00000276e08958b0 JavaThread "Memory manager" [_thread_blocked, id=7120, stack(0x000000a09c600000,0x000000a09c700000)]
  0x00000276e0893230 JavaThread "jar transforms Thread 4" [_thread_blocked, id=3060, stack(0x000000a09c700000,0x000000a09c800000)]
  0x00000276e6272b50 JavaThread "pool-3-thread-1" [_thread_blocked, id=12828, stack(0x000000a099200000,0x000000a099300000)]
  0x00000276e62739c0 JavaThread "pool-6-thread-1" [_thread_blocked, id=1960, stack(0x000000a09f600000,0x000000a09f700000)]
  0x00000276eab68020 JavaThread "RMI Scheduler(0)" daemon [_thread_blocked, id=7376, stack(0x000000a09fe00000,0x000000a09ff00000)]
  0x00000276eab6d6c0 JavaThread "RMI GC Daemon" daemon [_thread_blocked, id=10352, stack(0x000000a0a0600000,0x000000a0a0700000)]
  0x00000276eab689c0 JavaThread "RMI TCP Accept-0" daemon [_thread_in_native, id=4500, stack(0x000000a0a0700000,0x000000a0a0800000)]
  0x00000276eab6ab70 JavaThread "RMI Reaper" [_thread_blocked, id=9336, stack(0x000000a0a0a00000,0x000000a0a0b00000)]
  0x00000276eab69830 JavaThread "Cache worker for Java compile cache (C:\Users\Admin\.gradle\caches\7.5\javaCompile)" [_thread_blocked, id=9836, stack(0x000000a09f900000,0x000000a09fa00000)]
  0x00000276e67fb4d0 JavaThread "Daemon Thread 3" [_thread_blocked, id=3340, stack(0x000000a099300000,0x000000a099400000)]
  0x00000276e67fb9a0 JavaThread "Handler for socket connection from /127.0.0.1:50917 to /127.0.0.1:49676" [_thread_in_native, id=4808, stack(0x000000a09ad00000,0x000000a09ae00000)]
  0x00000276e67fbe70 JavaThread "Cancel handler" [_thread_blocked, id=3592, stack(0x000000a09ae00000,0x000000a09af00000)]
  0x00000276e67fc810 JavaThread "Daemon worker Thread 3" [_thread_blocked, id=11480, stack(0x000000a09af00000,0x000000a09b000000)]
  0x00000276e92882d0 JavaThread "Asynchronous log dispatcher for DefaultDaemonConnection: socket connection from /127.0.0.1:50917 to /127.0.0.1:49676" [_thread_blocked, id=14684, stack(0x000000a09b000000,0x000000a09b100000)]
  0x00000276e9287930 JavaThread "Stdin handler" [_thread_blocked, id=15100, stack(0x000000a09b100000,0x000000a09b200000)]
  0x00000276e928bc90 JavaThread "Daemon client event forwarder" [_thread_blocked, id=4668, stack(0x000000a09b200000,0x000000a09b300000)]
  0x00000276e9289ae0 JavaThread "Cache worker for checksums cache (H:\my-P-flutter\quran_app\android\.gradle\7.5\checksums)" [_thread_blocked, id=15904, stack(0x000000a09b300000,0x000000a09b400000)]
  0x00000276e9289140 JavaThread "Cache worker for cache directory md-rule (C:\Users\Admin\.gradle\caches\7.5\md-rule)" [_thread_blocked, id=9876, stack(0x000000a09b700000,0x000000a09b800000)]
  0x00000276e9289fb0 JavaThread "Cache worker for file hash cache (H:\my-P-flutter\quran_app\android\.gradle\7.5\fileHashes)" [_thread_blocked, id=928, stack(0x000000a09ba00000,0x000000a09bb00000)]
  0x00000276e928c630 JavaThread "Cache worker for cache directory md-supplier (C:\Users\Admin\.gradle\caches\7.5\md-supplier)" [_thread_blocked, id=5180, stack(0x000000a09bb00000,0x000000a09bc00000)]
  0x00000276e9287e00 JavaThread "Cache worker for dependencies-accessors (H:\my-P-flutter\quran_app\android\.gradle\7.5\dependencies-accessors)" [_thread_blocked, id=9276, stack(0x000000a09c000000,0x000000a09c100000)]
  0x00000276e928a950 JavaThread "Cache worker for Build Output Cleanup Cache (G:\src\flutter\packages\flutter_tools\gradle\.gradle\buildOutputCleanup)" [_thread_blocked, id=12168, stack(0x000000a09c500000,0x000000a09c600000)]
  0x00000276e9286f90 JavaThread "included builds" [_thread_blocked, id=12216, stack(0x000000a09c800000,0x000000a09c900000)]
  0x00000276e9285c50 JavaThread "Execution worker" [_thread_blocked, id=10268, stack(0x000000a09c900000,0x000000a09ca00000)]
  0x00000276e928a480 JavaThread "Execution worker Thread 2" [_thread_blocked, id=11868, stack(0x000000a09ca00000,0x000000a09cb00000)]
  0x00000276e92865f0 JavaThread "Execution worker Thread 3" [_thread_blocked, id=12720, stack(0x000000a09cb00000,0x000000a09cc00000)]
  0x00000276e928c160 JavaThread "Cache worker for execution history cache (G:\src\flutter\packages\flutter_tools\gradle\.gradle\7.5\executionHistory)" [_thread_blocked, id=14808, stack(0x000000a09cc00000,0x000000a09cd00000)]
  0x00000276e9289610 JavaThread "Unconstrained build operations" [_thread_blocked, id=2676, stack(0x000000a09cd00000,0x000000a09ce00000)]
  0x00000276e928cb00 JavaThread "Unconstrained build operations Thread 2" [_thread_blocked, id=12408, stack(0x000000a09ce00000,0x000000a09cf00000)]
  0x00000276e92887a0 JavaThread "Unconstrained build operations Thread 3" [_thread_blocked, id=13384, stack(0x000000a09cf00000,0x000000a09d000000)]
  0x00000276e928ae20 JavaThread "Unconstrained build operations Thread 4" [_thread_blocked, id=14932, stack(0x000000a09d000000,0x000000a09d100000)]
  0x00000276e928b2f0 JavaThread "Unconstrained build operations Thread 5" [_thread_blocked, id=4660, stack(0x000000a09d100000,0x000000a09d200000)]
  0x00000276e9287460 JavaThread "Unconstrained build operations Thread 6" [_thread_blocked, id=4212, stack(0x000000a09d200000,0x000000a09d300000)]
  0x00000276e928d4a0 JavaThread "Unconstrained build operations Thread 7" [_thread_blocked, id=9944, stack(0x000000a09d300000,0x000000a09d400000)]
  0x00000276e9286ac0 JavaThread "Unconstrained build operations Thread 8" [_thread_blocked, id=15740, stack(0x000000a09d400000,0x000000a09d500000)]
  0x00000276e9288c70 JavaThread "Unconstrained build operations Thread 9" [_thread_blocked, id=14964, stack(0x000000a09d500000,0x000000a09d600000)]
  0x00000276e9286120 JavaThread "Unconstrained build operations Thread 10" [_thread_blocked, id=9340, stack(0x000000a09d600000,0x000000a09d700000)]
  0x00000276e928b7c0 JavaThread "Unconstrained build operations Thread 11" [_thread_blocked, id=15936, stack(0x000000a09d700000,0x000000a09d800000)]
  0x00000276e4a8b870 JavaThread "Unconstrained build operations Thread 12" [_thread_blocked, id=15220, stack(0x000000a09d800000,0x000000a09d900000)]
  0x00000276e4a8f700 JavaThread "Unconstrained build operations Thread 13" [_thread_blocked, id=10068, stack(0x000000a09d900000,0x000000a09da00000)]
  0x00000276e4a8d550 JavaThread "Unconstrained build operations Thread 14" [_thread_blocked, id=15272, stack(0x000000a09da00000,0x000000a09db00000)]
  0x00000276e4a90a40 JavaThread "Unconstrained build operations Thread 15" [_thread_blocked, id=12192, stack(0x000000a09db00000,0x000000a09dc00000)]
  0x00000276e4a8c6e0 JavaThread "Unconstrained build operations Thread 16" [_thread_blocked, id=12392, stack(0x000000a09dc00000,0x000000a09dd00000)]
  0x00000276e4a900a0 JavaThread "Unconstrained build operations Thread 17" [_thread_blocked, id=1708, stack(0x000000a09dd00000,0x000000a09de00000)]
  0x00000276e4a8e890 JavaThread "Unconstrained build operations Thread 18" [_thread_blocked, id=6872, stack(0x000000a09de00000,0x000000a09df00000)]
  0x00000276e4a8da20 JavaThread "Unconstrained build operations Thread 19" [_thread_blocked, id=2176, stack(0x000000a09df00000,0x000000a09e000000)]
  0x00000276e4a8d080 JavaThread "Unconstrained build operations Thread 20" [_thread_blocked, id=5036, stack(0x000000a09e000000,0x000000a09e100000)]
  0x00000276e4a918b0 JavaThread "Unconstrained build operations Thread 21" [_thread_blocked, id=4612, stack(0x000000a09e100000,0x000000a09e200000)]
  0x00000276e4a8fbd0 JavaThread "Unconstrained build operations Thread 22" [_thread_blocked, id=13796, stack(0x000000a09e200000,0x000000a09e300000)]
  0x00000276e4a8c210 JavaThread "Unconstrained build operations Thread 23" [_thread_blocked, id=14072, stack(0x000000a09e300000,0x000000a09e400000)]
  0x00000276e4a8def0 JavaThread "Unconstrained build operations Thread 24" [_thread_blocked, id=16196, stack(0x000000a09e400000,0x000000a09e500000)]
  0x00000276e4a8cbb0 JavaThread "Unconstrained build operations Thread 25" [_thread_blocked, id=15780, stack(0x000000a09e500000,0x000000a09e600000)]
  0x00000276e4a8e3c0 JavaThread "Unconstrained build operations Thread 26" [_thread_blocked, id=9440, stack(0x000000a09e600000,0x000000a09e700000)]
  0x00000276e4a90570 JavaThread "Unconstrained build operations Thread 27" [_thread_blocked, id=13996, stack(0x000000a09e700000,0x000000a09e800000)]
  0x00000276e4a90f10 JavaThread "Unconstrained build operations Thread 28" [_thread_blocked, id=13204, stack(0x000000a09e800000,0x000000a09e900000)]
  0x00000276e4a8ed60 JavaThread "Unconstrained build operations Thread 29" [_thread_blocked, id=1312, stack(0x000000a09e900000,0x000000a09ea00000)]
  0x00000276e4a913e0 JavaThread "Unconstrained build operations Thread 30" [_thread_blocked, id=11836, stack(0x000000a09ea00000,0x000000a09eb00000)]
  0x00000276e4a8a060 JavaThread "Unconstrained build operations Thread 31" [_thread_blocked, id=14004, stack(0x000000a09eb00000,0x000000a09ec00000)]
  0x00000276e4a8a530 JavaThread "Unconstrained build operations Thread 32" [_thread_blocked, id=15016, stack(0x000000a09ec00000,0x000000a09ed00000)]
  0x00000276e4a8aa00 JavaThread "Unconstrained build operations Thread 33" [_thread_blocked, id=14732, stack(0x000000a09ed00000,0x000000a09ee00000)]
  0x00000276e4a8aed0 JavaThread "Unconstrained build operations Thread 34" [_thread_blocked, id=1424, stack(0x000000a09ee00000,0x000000a09ef00000)]
  0x00000276e088f870 JavaThread "Unconstrained build operations Thread 35" [_thread_blocked, id=15256, stack(0x000000a09ef00000,0x000000a09f000000)]
  0x00000276e0893bd0 JavaThread "Unconstrained build operations Thread 36" [_thread_blocked, id=14672, stack(0x000000a09f000000,0x000000a09f100000)]
  0x00000276e0891080 JavaThread "Unconstrained build operations Thread 37" [_thread_blocked, id=1044, stack(0x000000a09f100000,0x000000a09f200000)]
  0x00000276e08940a0 JavaThread "Unconstrained build operations Thread 38" [_thread_blocked, id=5028, stack(0x000000a09f200000,0x000000a09f300000)]
  0x00000276e0894a40 JavaThread "Unconstrained build operations Thread 39" [_thread_blocked, id=3352, stack(0x000000a09f300000,0x000000a09f400000)]
  0x00000276e088fd40 JavaThread "Unconstrained build operations Thread 40" [_thread_blocked, id=1988, stack(0x000000a09f400000,0x000000a09f500000)]
  0x00000276e0088ec0 JavaThread "C2 CompilerThread1" daemon [_thread_in_native, id=14328, stack(0x000000a09f500000,0x000000a09f600000)]
  0x00000276e0890210 JavaThread "Cache worker for Build Output Cleanup Cache (H:\my-P-flutter\quran_app\android\.gradle\buildOutputCleanup)" [_thread_blocked, id=11140, stack(0x000000a09f700000,0x000000a09f800000)]

Other Threads:
  0x00000276df1c8d30 VMThread "VM Thread" [stack: 0x000000a099a00000,0x000000a099b00000] [id=5480]
  0x00000276dfd8caf0 WatcherThread [stack: 0x000000a09a600000,0x000000a09a700000] [id=9796]
  0x00000276bf139a30 GCTaskThread "GC Thread#0" [stack: 0x000000a099500000,0x000000a099600000] [id=8756]
  0x00000276e023e900 GCTaskThread "GC Thread#1" [stack: 0x000000a09a800000,0x000000a09a900000] [id=6364]
  0x00000276e04659b0 GCTaskThread "GC Thread#2" [stack: 0x000000a09a900000,0x000000a09aa00000] [id=8740]
  0x00000276e04df740 GCTaskThread "GC Thread#3" [stack: 0x000000a09a700000,0x000000a09a800000] [id=76]
  0x00000276bf14a880 ConcurrentGCThread "G1 Main Marker" [stack: 0x000000a099600000,0x000000a099700000] [id=12916]
  0x00000276bf14b1a0 ConcurrentGCThread "G1 Conc#0" [stack: 0x000000a099700000,0x000000a099800000] [id=14884]
  0x00000276bf185570 ConcurrentGCThread "G1 Refine#0" [stack: 0x000000a099800000,0x000000a099900000] [id=13464]
  0x00000276e24c4280 ConcurrentGCThread "G1 Refine#1" [stack: 0x000000a09bf00000,0x000000a09c000000] [id=3888]
  0x00000276e4465020 ConcurrentGCThread "G1 Refine#2" [stack: 0x000000a0a0800000,0x000000a0a0900000] [id=9972]
  0x00000276e6a64ee0 ConcurrentGCThread "G1 Refine#3" [stack: 0x000000a0a0900000,0x000000a0a0a00000] [id=9020]
  0x00000276df0920b0 ConcurrentGCThread "G1 Service" [stack: 0x000000a099900000,0x000000a099a00000] [id=16084]

Threads with active compile tasks:
C2 CompilerThread0  1407728 23008       4       org.gradle.api.internal.DefaultNamedDomainObjectCollection::findByName (61 bytes)
C2 CompilerThread1  1407728 23083       4       org.gradle.api.internal.artifacts.ivyservice.resolveengine.result.DesugaredAttributeContainerSerializer::read (155 bytes)

VM state: not at safepoint (normal execution)

VM Mutex/Monitor currently owned by a thread: None

Heap address: 0x0000000700000000, size: 4096 MB, Compressed Oops mode: Zero based, Oop shift amount: 3

CDS archive(s) not mapped
Compressed class space mapped at: 0x0000000800000000-0x0000000840000000, reserved size: 1073741824
Narrow klass base: 0x0000000800000000, Narrow klass shift: 0, Narrow klass range: 0x40000000

GC Precious Log:
 CPUs: 4 total, 4 available
 Memory: 8077M
 Large Page Support: Disabled
 NUMA Support: Disabled
 Compressed Oops: Enabled (Zero based)
 Heap Region Size: 2M
 Heap Min Capacity: 8M
 Heap Initial Capacity: 128M
 Heap Max Capacity: 4G
 Pre-touch: Disabled
 Parallel Workers: 4
 Concurrent Workers: 1
 Concurrent Refinement Workers: 4
 Periodic GC: Disabled

Heap:
 garbage-first heap   total 602112K, used 259985K [0x0000000700000000, 0x0000000800000000)
  region size 2048K, 60 young (122880K), 1 survivors (2048K)
 Metaspace       used 152165K, committed 153280K, reserved 1187840K
  class space    used 20300K, committed 20800K, reserved 1048576K

Heap Regions: E=young(eden), S=young(survivor), O=old, HS=humongous(starts), HC=humongous(continues), CS=collection set, F=free, OA=open archive, CA=closed archive, TAMS=top-at-mark-start (previous, next)
|   0|0x0000000700000000, 0x0000000700200000, 0x0000000700200000|100%|HS|  |TAMS 0x0000000700200000, 0x0000000700000000| Complete 
|   1|0x0000000700200000, 0x0000000700400000, 0x0000000700400000|100%|HC|  |TAMS 0x0000000700400000, 0x0000000700200000| Complete 
|   2|0x0000000700400000, 0x0000000700600000, 0x0000000700600000|100%| O|  |TAMS 0x0000000700600000, 0x0000000700400000| Untracked 
|   3|0x0000000700600000, 0x00000007007d7000, 0x0000000700800000| 91%| O|  |TAMS 0x00000007007d7000, 0x0000000700600000| Untracked 
|   4|0x0000000700800000, 0x0000000700a00000, 0x0000000700a00000|100%| O|  |TAMS 0x0000000700a00000, 0x0000000700800000| Untracked 
|   5|0x0000000700a00000, 0x0000000700c00000, 0x0000000700c00000|100%| O|  |TAMS 0x0000000700c00000, 0x0000000700a00000| Untracked 
|   6|0x0000000700c00000, 0x0000000700e00000, 0x0000000700e00000|100%| O|  |TAMS 0x0000000700e00000, 0x0000000700c00000| Untracked 
|   7|0x0000000700e00000, 0x0000000701000000, 0x0000000701000000|100%| O|  |TAMS 0x0000000701000000, 0x0000000700e00000| Untracked 
|   8|0x0000000701000000, 0x0000000701200000, 0x0000000701200000|100%| O|  |TAMS 0x0000000701200000, 0x0000000701000000| Untracked 
|   9|0x0000000701200000, 0x0000000701400000, 0x0000000701400000|100%| O|  |TAMS 0x0000000701400000, 0x0000000701200000| Untracked 
|  10|0x0000000701400000, 0x0000000701600000, 0x0000000701600000|100%| O|  |TAMS 0x0000000701600000, 0x0000000701400000| Untracked 
|  11|0x0000000701600000, 0x0000000701800000, 0x0000000701800000|100%| O|  |TAMS 0x0000000701800000, 0x0000000701600000| Untracked 
|  12|0x0000000701800000, 0x0000000701a00000, 0x0000000701a00000|100%| O|  |TAMS 0x0000000701a00000, 0x0000000701800000| Untracked 
|  13|0x0000000701a00000, 0x0000000701c00000, 0x0000000701c00000|100%| O|  |TAMS 0x0000000701c00000, 0x0000000701a00000| Untracked 
|  14|0x0000000701c00000, 0x0000000701e00000, 0x0000000701e00000|100%| O|  |TAMS 0x0000000701e00000, 0x0000000701c00000| Untracked 
|  15|0x0000000701e00000, 0x0000000702000000, 0x0000000702000000|100%| O|  |TAMS 0x0000000702000000, 0x0000000701e00000| Untracked 
|  16|0x0000000702000000, 0x0000000702200000, 0x0000000702200000|100%| O|  |TAMS 0x0000000702200000, 0x0000000702000000| Untracked 
|  17|0x0000000702200000, 0x0000000702400000, 0x0000000702400000|100%| O|  |TAMS 0x0000000702400000, 0x0000000702200000| Untracked 
|  18|0x0000000702400000, 0x0000000702600000, 0x0000000702600000|100%| O|  |TAMS 0x0000000702600000, 0x0000000702400000| Untracked 
|  19|0x0000000702600000, 0x0000000702800000, 0x0000000702800000|100%| O|  |TAMS 0x0000000702800000, 0x0000000702600000| Untracked 
|  20|0x0000000702800000, 0x0000000702a00000, 0x0000000702a00000|100%|HS|  |TAMS 0x0000000702a00000, 0x0000000702800000| Complete 
|  21|0x0000000702a00000, 0x0000000702c00000, 0x0000000702c00000|100%| O|  |TAMS 0x0000000702c00000, 0x0000000702a00000| Untracked 
|  22|0x0000000702c00000, 0x0000000702e00000, 0x0000000702e00000|100%| O|  |TAMS 0x0000000702e00000, 0x0000000702c00000| Untracked 
|  23|0x0000000702e00000, 0x0000000703000000, 0x0000000703000000|100%| O|  |TAMS 0x0000000703000000, 0x0000000702e00000| Untracked 
|  24|0x0000000703000000, 0x0000000703200000, 0x0000000703200000|100%| O|  |TAMS 0x0000000703200000, 0x0000000703000000| Untracked 
|  25|0x0000000703200000, 0x0000000703400000, 0x0000000703400000|100%|HS|  |TAMS 0x0000000703400000, 0x0000000703200000| Complete 
|  26|0x0000000703400000, 0x0000000703600000, 0x0000000703600000|100%|HC|  |TAMS 0x0000000703600000, 0x0000000703400000| Complete 
|  27|0x0000000703600000, 0x0000000703800000, 0x0000000703800000|100%| O|  |TAMS 0x0000000703800000, 0x0000000703600000| Untracked 
|  28|0x0000000703800000, 0x0000000703a00000, 0x0000000703a00000|100%| O|  |TAMS 0x0000000703a00000, 0x0000000703800000| Untracked 
|  29|0x0000000703a00000, 0x0000000703c00000, 0x0000000703c00000|100%| O|  |TAMS 0x0000000703c00000, 0x0000000703a00000| Untracked 
|  30|0x0000000703c00000, 0x0000000703e00000, 0x0000000703e00000|100%| O|  |TAMS 0x0000000703e00000, 0x0000000703c00000| Untracked 
|  31|0x0000000703e00000, 0x0000000704000000, 0x0000000704000000|100%| O|  |TAMS 0x0000000704000000, 0x0000000703e00000| Untracked 
|  32|0x0000000704000000, 0x0000000704200000, 0x0000000704200000|100%| O|  |TAMS 0x0000000704200000, 0x0000000704000000| Untracked 
|  33|0x0000000704200000, 0x0000000704400000, 0x0000000704400000|100%| O|  |TAMS 0x0000000704400000, 0x0000000704200000| Untracked 
|  34|0x0000000704400000, 0x0000000704600000, 0x0000000704600000|100%| O|  |TAMS 0x0000000704600000, 0x0000000704400000| Untracked 
|  35|0x0000000704600000, 0x0000000704800000, 0x0000000704800000|100%| O|  |TAMS 0x0000000704800000, 0x0000000704600000| Untracked 
|  36|0x0000000704800000, 0x0000000704a00000, 0x0000000704a00000|100%| O|  |TAMS 0x0000000704a00000, 0x0000000704800000| Untracked 
|  37|0x0000000704a00000, 0x0000000704a00000, 0x0000000704c00000|  0%| F|  |TAMS 0x0000000704a00000, 0x0000000704a00000| Untracked 
|  38|0x0000000704c00000, 0x0000000704e00000, 0x0000000704e00000|100%| O|  |TAMS 0x0000000704e00000, 0x0000000704c00000| Untracked 
|  39|0x0000000704e00000, 0x0000000705000000, 0x0000000705000000|100%| O|  |TAMS 0x0000000705000000, 0x0000000704e00000| Untracked 
|  40|0x0000000705000000, 0x0000000705200000, 0x0000000705200000|100%| O|  |TAMS 0x0000000705200000, 0x0000000705000000| Untracked 
|  41|0x0000000705200000, 0x0000000705400000, 0x0000000705400000|100%| O|  |TAMS 0x0000000705400000, 0x0000000705200000| Untracked 
|  42|0x0000000705400000, 0x0000000705600000, 0x0000000705600000|100%| O|  |TAMS 0x0000000705600000, 0x0000000705400000| Untracked 
|  43|0x0000000705600000, 0x0000000705800000, 0x0000000705800000|100%| O|  |TAMS 0x0000000705800000, 0x0000000705600000| Untracked 
|  44|0x0000000705800000, 0x0000000705a00000, 0x0000000705a00000|100%| O|  |TAMS 0x0000000705a00000, 0x0000000705800000| Untracked 
|  45|0x0000000705a00000, 0x0000000705c00000, 0x0000000705c00000|100%| O|  |TAMS 0x0000000705c00000, 0x0000000705a00000| Untracked 
|  46|0x0000000705c00000, 0x0000000705e00000, 0x0000000705e00000|100%| O|  |TAMS 0x0000000705e00000, 0x0000000705c00000| Untracked 
|  47|0x0000000705e00000, 0x0000000706000000, 0x0000000706000000|100%| O|  |TAMS 0x0000000706000000, 0x0000000705e00000| Untracked 
|  48|0x0000000706000000, 0x0000000706200000, 0x0000000706200000|100%| O|  |TAMS 0x0000000706200000, 0x0000000706000000| Untracked 
|  49|0x0000000706200000, 0x0000000706400000, 0x0000000706400000|100%| O|  |TAMS 0x0000000706400000, 0x0000000706200000| Untracked 
|  50|0x0000000706400000, 0x0000000706400000, 0x0000000706600000|  0%| F|  |TAMS 0x0000000706400000, 0x0000000706400000| Untracked 
|  51|0x0000000706600000, 0x0000000706800000, 0x0000000706800000|100%| O|  |TAMS 0x0000000706800000, 0x0000000706600000| Untracked 
|  52|0x0000000706800000, 0x0000000706a00000, 0x0000000706a00000|100%| O|  |TAMS 0x0000000706a00000, 0x0000000706800000| Untracked 
|  53|0x0000000706a00000, 0x0000000706c00000, 0x0000000706c00000|100%| O|  |TAMS 0x0000000706c00000, 0x0000000706a00000| Untracked 
|  54|0x0000000706c00000, 0x0000000706e00000, 0x0000000706e00000|100%| O|  |TAMS 0x0000000706e00000, 0x0000000706c00000| Untracked 
|  55|0x0000000706e00000, 0x0000000707000000, 0x0000000707000000|100%| O|  |TAMS 0x0000000707000000, 0x0000000706e00000| Untracked 
|  56|0x0000000707000000, 0x0000000707000000, 0x0000000707200000|  0%| F|  |TAMS 0x0000000707000000, 0x0000000707000000| Untracked 
|  57|0x0000000707200000, 0x0000000707200000, 0x0000000707400000|  0%| F|  |TAMS 0x0000000707200000, 0x0000000707200000| Untracked 
|  58|0x0000000707400000, 0x0000000707400000, 0x0000000707600000|  0%| F|  |TAMS 0x0000000707400000, 0x0000000707400000| Untracked 
|  59|0x0000000707600000, 0x0000000707600000, 0x0000000707800000|  0%| F|  |TAMS 0x0000000707600000, 0x0000000707600000| Untracked 
|  60|0x0000000707800000, 0x0000000707800000, 0x0000000707a00000|  0%| F|  |TAMS 0x0000000707800000, 0x0000000707800000| Untracked 
|  61|0x0000000707a00000, 0x0000000707c00000, 0x0000000707c00000|100%| O|  |TAMS 0x0000000707c00000, 0x0000000707a00000| Untracked 
|  62|0x0000000707c00000, 0x0000000707c00000, 0x0000000707e00000|  0%| F|  |TAMS 0x0000000707c00000, 0x0000000707c00000| Untracked 
|  63|0x0000000707e00000, 0x0000000707e00000, 0x0000000708000000|  0%| F|  |TAMS 0x0000000707e00000, 0x0000000707e00000| Untracked 
|  64|0x0000000708000000, 0x0000000708000000, 0x0000000708200000|  0%| F|  |TAMS 0x0000000708000000, 0x0000000708000000| Untracked 
|  65|0x0000000708200000, 0x0000000708200000, 0x0000000708400000|  0%| F|  |TAMS 0x0000000708200000, 0x0000000708200000| Untracked 
|  66|0x0000000708400000, 0x0000000708400000, 0x0000000708600000|  0%| F|  |TAMS 0x0000000708400000, 0x0000000708400000| Untracked 
|  67|0x0000000708600000, 0x0000000708800000, 0x0000000708800000|100%| O|  |TAMS 0x0000000708800000, 0x0000000708600000| Untracked 
|  68|0x0000000708800000, 0x0000000708a00000, 0x0000000708a00000|100%| O|  |TAMS 0x0000000708a00000, 0x0000000708800000| Untracked 
|  69|0x0000000708a00000, 0x0000000708a00000, 0x0000000708c00000|  0%| F|  |TAMS 0x0000000708a00000, 0x0000000708a00000| Untracked 
|  70|0x0000000708c00000, 0x0000000708c00000, 0x0000000708e00000|  0%| F|  |TAMS 0x0000000708c00000, 0x0000000708c00000| Untracked 
|  71|0x0000000708e00000, 0x0000000708e00000, 0x0000000709000000|  0%| F|  |TAMS 0x0000000708e00000, 0x0000000708e00000| Untracked 
|  72|0x0000000709000000, 0x0000000709000000, 0x0000000709200000|  0%| F|  |TAMS 0x0000000709000000, 0x0000000709000000| Untracked 
|  73|0x0000000709200000, 0x0000000709200000, 0x0000000709400000|  0%| F|  |TAMS 0x0000000709200000, 0x0000000709200000| Untracked 
|  74|0x0000000709400000, 0x0000000709400000, 0x0000000709600000|  0%| F|  |TAMS 0x0000000709400000, 0x0000000709400000| Untracked 
|  75|0x0000000709600000, 0x0000000709600000, 0x0000000709800000|  0%| F|  |TAMS 0x0000000709600000, 0x0000000709600000| Untracked 
|  76|0x0000000709800000, 0x0000000709800000, 0x0000000709a00000|  0%| F|  |TAMS 0x0000000709800000, 0x0000000709800000| Untracked 
|  77|0x0000000709a00000, 0x0000000709a00000, 0x0000000709c00000|  0%| F|  |TAMS 0x0000000709a00000, 0x0000000709a00000| Untracked 
|  78|0x0000000709c00000, 0x0000000709c00000, 0x0000000709e00000|  0%| F|  |TAMS 0x0000000709c00000, 0x0000000709c00000| Untracked 
|  79|0x0000000709e00000, 0x0000000709e00000, 0x000000070a000000|  0%| F|  |TAMS 0x0000000709e00000, 0x0000000709e00000| Untracked 
|  80|0x000000070a000000, 0x000000070a000000, 0x000000070a200000|  0%| F|  |TAMS 0x000000070a000000, 0x000000070a000000| Untracked 
|  81|0x000000070a200000, 0x000000070a200000, 0x000000070a400000|  0%| F|  |TAMS 0x000000070a200000, 0x000000070a200000| Untracked 
|  82|0x000000070a400000, 0x000000070a400000, 0x000000070a600000|  0%| F|  |TAMS 0x000000070a400000, 0x000000070a400000| Untracked 
|  83|0x000000070a600000, 0x000000070a600000, 0x000000070a800000|  0%| F|  |TAMS 0x000000070a600000, 0x000000070a600000| Untracked 
|  84|0x000000070a800000, 0x000000070aa00000, 0x000000070aa00000|100%| O|  |TAMS 0x000000070aa00000, 0x000000070a800000| Untracked 
|  85|0x000000070aa00000, 0x000000070ac00000, 0x000000070ac00000|100%| O|  |TAMS 0x000000070ac00000, 0x000000070aa00000| Untracked 
|  86|0x000000070ac00000, 0x000000070ae00000, 0x000000070ae00000|100%| O|  |TAMS 0x000000070ae00000, 0x000000070ac00000| Untracked 
|  87|0x000000070ae00000, 0x000000070b000000, 0x000000070b000000|100%| O|  |TAMS 0x000000070b000000, 0x000000070ae00000| Untracked 
|  88|0x000000070b000000, 0x000000070b200000, 0x000000070b200000|100%| O|  |TAMS 0x000000070b200000, 0x000000070b000000| Untracked 
|  89|0x000000070b200000, 0x000000070b400000, 0x000000070b400000|100%| O|  |TAMS 0x000000070b400000, 0x000000070b200000| Untracked 
|  90|0x000000070b400000, 0x000000070b600000, 0x000000070b600000|100%| O|  |TAMS 0x000000070b600000, 0x000000070b400000| Untracked 
|  91|0x000000070b600000, 0x000000070b600000, 0x000000070b800000|  0%| F|  |TAMS 0x000000070b600000, 0x000000070b600000| Untracked 
|  92|0x000000070b800000, 0x000000070ba00000, 0x000000070ba00000|100%| O|  |TAMS 0x000000070ba00000, 0x000000070b800000| Untracked 
|  93|0x000000070ba00000, 0x000000070ba00000, 0x000000070bc00000|  0%| F|  |TAMS 0x000000070ba00000, 0x000000070ba00000| Untracked 
|  94|0x000000070bc00000, 0x000000070bc00000, 0x000000070be00000|  0%| F|  |TAMS 0x000000070bc00000, 0x000000070bc00000| Untracked 
|  95|0x000000070be00000, 0x000000070be00000, 0x000000070c000000|  0%| F|  |TAMS 0x000000070be00000, 0x000000070be00000| Untracked 
|  96|0x000000070c000000, 0x000000070c200000, 0x000000070c200000|100%| O|  |TAMS 0x000000070c200000, 0x000000070c000000| Untracked 
|  97|0x000000070c200000, 0x000000070c400000, 0x000000070c400000|100%| O|  |TAMS 0x000000070c400000, 0x000000070c200000| Untracked 
|  98|0x000000070c400000, 0x000000070c400000, 0x000000070c600000|  0%| F|  |TAMS 0x000000070c400000, 0x000000070c400000| Untracked 
|  99|0x000000070c600000, 0x000000070c600000, 0x000000070c800000|  0%| F|  |TAMS 0x000000070c600000, 0x000000070c600000| Untracked 
| 100|0x000000070c800000, 0x000000070ca00000, 0x000000070ca00000|100%| O|  |TAMS 0x000000070c962200, 0x000000070c800000| Untracked 
| 101|0x000000070ca00000, 0x000000070ca00000, 0x000000070cc00000|  0%| F|  |TAMS 0x000000070ca00000, 0x000000070ca00000| Untracked 
| 102|0x000000070cc00000, 0x000000070cc00000, 0x000000070ce00000|  0%| F|  |TAMS 0x000000070cc00000, 0x000000070cc00000| Untracked 
| 103|0x000000070ce00000, 0x000000070ce00000, 0x000000070d000000|  0%| F|  |TAMS 0x000000070ce00000, 0x000000070ce00000| Untracked 
| 104|0x000000070d000000, 0x000000070d000000, 0x000000070d200000|  0%| F|  |TAMS 0x000000070d000000, 0x000000070d000000| Untracked 
| 105|0x000000070d200000, 0x000000070d200000, 0x000000070d400000|  0%| F|  |TAMS 0x000000070d200000, 0x000000070d200000| Untracked 
| 106|0x000000070d400000, 0x000000070d400000, 0x000000070d600000|  0%| F|  |TAMS 0x000000070d400000, 0x000000070d400000| Untracked 
| 107|0x000000070d600000, 0x000000070d600000, 0x000000070d800000|  0%| F|  |TAMS 0x000000070d600000, 0x000000070d600000| Untracked 
| 108|0x000000070d800000, 0x000000070d800000, 0x000000070da00000|  0%| F|  |TAMS 0x000000070d800000, 0x000000070d800000| Untracked 
| 109|0x000000070da00000, 0x000000070da00000, 0x000000070dc00000|  0%| F|  |TAMS 0x000000070da00000, 0x000000070da00000| Untracked 
| 110|0x000000070dc00000, 0x000000070dc00000, 0x000000070de00000|  0%| F|  |TAMS 0x000000070dc00000, 0x000000070dc00000| Untracked 
| 111|0x000000070de00000, 0x000000070de00000, 0x000000070e000000|  0%| F|  |TAMS 0x000000070de00000, 0x000000070de00000| Untracked 
| 112|0x000000070e000000, 0x000000070e000000, 0x000000070e200000|  0%| F|  |TAMS 0x000000070e000000, 0x000000070e000000| Untracked 
| 113|0x000000070e200000, 0x000000070e200000, 0x000000070e400000|  0%| F|  |TAMS 0x000000070e200000, 0x000000070e200000| Untracked 
| 114|0x000000070e400000, 0x000000070e600000, 0x000000070e600000|100%| O|  |TAMS 0x000000070e600000, 0x000000070e400000| Untracked 
| 115|0x000000070e600000, 0x000000070e600000, 0x000000070e800000|  0%| F|  |TAMS 0x000000070e600000, 0x000000070e600000| Untracked 
| 116|0x000000070e800000, 0x000000070e800000, 0x000000070ea00000|  0%| F|  |TAMS 0x000000070e800000, 0x000000070e800000| Untracked 
| 117|0x000000070ea00000, 0x000000070ea00000, 0x000000070ec00000|  0%| F|  |TAMS 0x000000070ea00000, 0x000000070ea00000| Untracked 
| 118|0x000000070ec00000, 0x000000070ec00000, 0x000000070ee00000|  0%| F|  |TAMS 0x000000070ec00000, 0x000000070ec00000| Untracked 
| 119|0x000000070ee00000, 0x000000070ee00000, 0x000000070f000000|  0%| F|  |TAMS 0x000000070ee00000, 0x000000070ee00000| Untracked 
| 120|0x000000070f000000, 0x000000070f000000, 0x000000070f200000|  0%| F|  |TAMS 0x000000070f000000, 0x000000070f000000| Untracked 
| 121|0x000000070f200000, 0x000000070f200000, 0x000000070f400000|  0%| F|  |TAMS 0x000000070f200000, 0x000000070f200000| Untracked 
| 122|0x000000070f400000, 0x000000070f400000, 0x000000070f600000|  0%| F|  |TAMS 0x000000070f400000, 0x000000070f400000| Untracked 
| 123|0x000000070f600000, 0x000000070f600000, 0x000000070f800000|  0%| F|  |TAMS 0x000000070f600000, 0x000000070f600000| Untracked 
| 124|0x000000070f800000, 0x000000070f800000, 0x000000070fa00000|  0%| F|  |TAMS 0x000000070f800000, 0x000000070f800000| Untracked 
| 125|0x000000070fa00000, 0x000000070fa00000, 0x000000070fc00000|  0%| F|  |TAMS 0x000000070fa00000, 0x000000070fa00000| Untracked 
| 126|0x000000070fc00000, 0x000000070fc00000, 0x000000070fe00000|  0%| F|  |TAMS 0x000000070fc00000, 0x000000070fc00000| Untracked 
| 127|0x000000070fe00000, 0x000000070fe00000, 0x0000000710000000|  0%| F|  |TAMS 0x000000070fe00000, 0x000000070fe00000| Untracked 
| 128|0x0000000710000000, 0x0000000710000000, 0x0000000710200000|  0%| F|  |TAMS 0x0000000710000000, 0x0000000710000000| Untracked 
| 129|0x0000000710200000, 0x0000000710200000, 0x0000000710400000|  0%| F|  |TAMS 0x0000000710200000, 0x0000000710200000| Untracked 
| 130|0x0000000710400000, 0x0000000710400000, 0x0000000710600000|  0%| F|  |TAMS 0x0000000710400000, 0x0000000710400000| Untracked 
| 131|0x0000000710600000, 0x0000000710600000, 0x0000000710800000|  0%| F|  |TAMS 0x0000000710600000, 0x0000000710600000| Untracked 
| 132|0x0000000710800000, 0x0000000710800000, 0x0000000710a00000|  0%| F|  |TAMS 0x0000000710800000, 0x0000000710800000| Untracked 
| 133|0x0000000710a00000, 0x0000000710a00000, 0x0000000710c00000|  0%| F|  |TAMS 0x0000000710a00000, 0x0000000710a00000| Untracked 
| 134|0x0000000710c00000, 0x0000000710c00000, 0x0000000710e00000|  0%| F|  |TAMS 0x0000000710c00000, 0x0000000710c00000| Untracked 
| 135|0x0000000710e00000, 0x0000000710e00000, 0x0000000711000000|  0%| F|  |TAMS 0x0000000710e00000, 0x0000000710e00000| Untracked 
| 136|0x0000000711000000, 0x0000000711000000, 0x0000000711200000|  0%| F|  |TAMS 0x0000000711000000, 0x0000000711000000| Untracked 
| 137|0x0000000711200000, 0x0000000711200000, 0x0000000711400000|  0%| F|  |TAMS 0x0000000711200000, 0x0000000711200000| Untracked 
| 138|0x0000000711400000, 0x0000000711400000, 0x0000000711600000|  0%| F|  |TAMS 0x0000000711400000, 0x0000000711400000| Untracked 
| 139|0x0000000711600000, 0x0000000711600000, 0x0000000711800000|  0%| F|  |TAMS 0x0000000711600000, 0x0000000711600000| Untracked 
| 140|0x0000000711800000, 0x0000000711800000, 0x0000000711a00000|  0%| F|  |TAMS 0x0000000711800000, 0x0000000711800000| Untracked 
| 141|0x0000000711a00000, 0x0000000711a00000, 0x0000000711c00000|  0%| F|  |TAMS 0x0000000711a00000, 0x0000000711a00000| Untracked 
| 142|0x0000000711c00000, 0x0000000711c00000, 0x0000000711e00000|  0%| F|  |TAMS 0x0000000711c00000, 0x0000000711c00000| Untracked 
| 143|0x0000000711e00000, 0x0000000711e00000, 0x0000000712000000|  0%| F|  |TAMS 0x0000000711e00000, 0x0000000711e00000| Untracked 
| 144|0x0000000712000000, 0x0000000712000000, 0x0000000712200000|  0%| F|  |TAMS 0x0000000712000000, 0x0000000712000000| Untracked 
| 145|0x0000000712200000, 0x0000000712200000, 0x0000000712400000|  0%| F|  |TAMS 0x0000000712200000, 0x0000000712200000| Untracked 
| 146|0x0000000712400000, 0x0000000712400000, 0x0000000712600000|  0%| F|  |TAMS 0x0000000712400000, 0x0000000712400000| Untracked 
| 147|0x0000000712600000, 0x0000000712600000, 0x0000000712800000|  0%| F|  |TAMS 0x0000000712600000, 0x0000000712600000| Untracked 
| 148|0x0000000712800000, 0x0000000712800000, 0x0000000712a00000|  0%| F|  |TAMS 0x0000000712800000, 0x0000000712800000| Untracked 
| 149|0x0000000712a00000, 0x0000000712a00000, 0x0000000712c00000|  0%| F|  |TAMS 0x0000000712a00000, 0x0000000712a00000| Untracked 
| 150|0x0000000712c00000, 0x0000000712c00000, 0x0000000712e00000|  0%| F|  |TAMS 0x0000000712c00000, 0x0000000712c00000| Untracked 
| 151|0x0000000712e00000, 0x0000000712e00000, 0x0000000713000000|  0%| F|  |TAMS 0x0000000712e00000, 0x0000000712e00000| Untracked 
| 152|0x0000000713000000, 0x0000000713000000, 0x0000000713200000|  0%| F|  |TAMS 0x0000000713000000, 0x0000000713000000| Untracked 
| 153|0x0000000713200000, 0x0000000713200000, 0x0000000713400000|  0%| F|  |TAMS 0x0000000713200000, 0x0000000713200000| Untracked 
| 154|0x0000000713400000, 0x0000000713400000, 0x0000000713600000|  0%| F|  |TAMS 0x0000000713400000, 0x0000000713400000| Untracked 
| 155|0x0000000713600000, 0x0000000713600000, 0x0000000713800000|  0%| F|  |TAMS 0x0000000713600000, 0x0000000713600000| Untracked 
| 156|0x0000000713800000, 0x0000000713800000, 0x0000000713a00000|  0%| F|  |TAMS 0x0000000713800000, 0x0000000713800000| Untracked 
| 157|0x0000000713a00000, 0x0000000713a00000, 0x0000000713c00000|  0%| F|  |TAMS 0x0000000713a00000, 0x0000000713a00000| Untracked 
| 158|0x0000000713c00000, 0x0000000713c00000, 0x0000000713e00000|  0%| F|  |TAMS 0x0000000713c00000, 0x0000000713c00000| Untracked 
| 159|0x0000000713e00000, 0x0000000713e00000, 0x0000000714000000|  0%| F|  |TAMS 0x0000000713e00000, 0x0000000713e00000| Untracked 
| 160|0x0000000714000000, 0x0000000714000000, 0x0000000714200000|  0%| F|  |TAMS 0x0000000714000000, 0x0000000714000000| Untracked 
| 161|0x0000000714200000, 0x0000000714200000, 0x0000000714400000|  0%| F|  |TAMS 0x0000000714200000, 0x0000000714200000| Untracked 
| 162|0x0000000714400000, 0x0000000714400000, 0x0000000714600000|  0%| F|  |TAMS 0x0000000714400000, 0x0000000714400000| Untracked 
| 163|0x0000000714600000, 0x0000000714600000, 0x0000000714800000|  0%| F|  |TAMS 0x0000000714600000, 0x0000000714600000| Untracked 
| 164|0x0000000714800000, 0x0000000714800000, 0x0000000714a00000|  0%| F|  |TAMS 0x0000000714800000, 0x0000000714800000| Untracked 
| 165|0x0000000714a00000, 0x0000000714a00000, 0x0000000714c00000|  0%| F|  |TAMS 0x0000000714a00000, 0x0000000714a00000| Untracked 
| 166|0x0000000714c00000, 0x0000000714c00000, 0x0000000714e00000|  0%| F|  |TAMS 0x0000000714c00000, 0x0000000714c00000| Untracked 
| 167|0x0000000714e00000, 0x0000000714e00000, 0x0000000715000000|  0%| F|  |TAMS 0x0000000714e00000, 0x0000000714e00000| Untracked 
| 168|0x0000000715000000, 0x0000000715000000, 0x0000000715200000|  0%| F|  |TAMS 0x0000000715000000, 0x0000000715000000| Untracked 
| 169|0x0000000715200000, 0x0000000715200000, 0x0000000715400000|  0%| F|  |TAMS 0x0000000715200000, 0x0000000715200000| Untracked 
| 170|0x0000000715400000, 0x0000000715473c00, 0x0000000715600000| 22%| O|  |TAMS 0x0000000715400000, 0x0000000715400000| Untracked 
| 171|0x0000000715600000, 0x0000000715600000, 0x0000000715800000|  0%| F|  |TAMS 0x0000000715600000, 0x0000000715600000| Untracked 
| 172|0x0000000715800000, 0x0000000715800000, 0x0000000715a00000|  0%| F|  |TAMS 0x0000000715800000, 0x0000000715800000| Untracked 
| 173|0x0000000715a00000, 0x0000000715a00000, 0x0000000715c00000|  0%| F|  |TAMS 0x0000000715a00000, 0x0000000715a00000| Untracked 
| 174|0x0000000715c00000, 0x0000000715c00000, 0x0000000715e00000|  0%| F|  |TAMS 0x0000000715c00000, 0x0000000715c00000| Untracked 
| 175|0x0000000715e00000, 0x0000000715e00000, 0x0000000716000000|  0%| F|  |TAMS 0x0000000715e00000, 0x0000000715e00000| Untracked 
| 176|0x0000000716000000, 0x0000000716000000, 0x0000000716200000|  0%| F|  |TAMS 0x0000000716000000, 0x0000000716000000| Untracked 
| 177|0x0000000716200000, 0x0000000716200000, 0x0000000716400000|  0%| F|  |TAMS 0x0000000716200000, 0x0000000716200000| Untracked 
| 178|0x0000000716400000, 0x0000000716400000, 0x0000000716600000|  0%| F|  |TAMS 0x0000000716400000, 0x0000000716400000| Untracked 
| 179|0x0000000716600000, 0x0000000716600000, 0x0000000716800000|  0%| F|  |TAMS 0x0000000716600000, 0x0000000716600000| Untracked 
| 180|0x0000000716800000, 0x0000000716800000, 0x0000000716a00000|  0%| F|  |TAMS 0x0000000716800000, 0x0000000716800000| Untracked 
| 181|0x0000000716a00000, 0x0000000716a00000, 0x0000000716c00000|  0%| F|  |TAMS 0x0000000716a00000, 0x0000000716a00000| Untracked 
| 182|0x0000000716c00000, 0x0000000716c00000, 0x0000000716e00000|  0%| F|  |TAMS 0x0000000716c00000, 0x0000000716c00000| Untracked 
| 183|0x0000000716e00000, 0x0000000716e00000, 0x0000000717000000|  0%| F|  |TAMS 0x0000000716e00000, 0x0000000716e00000| Untracked 
| 184|0x0000000717000000, 0x0000000717000000, 0x0000000717200000|  0%| F|  |TAMS 0x0000000717000000, 0x0000000717000000| Untracked 
| 185|0x0000000717200000, 0x0000000717200000, 0x0000000717400000|  0%| F|  |TAMS 0x0000000717200000, 0x0000000717200000| Untracked 
| 186|0x0000000717400000, 0x0000000717400000, 0x0000000717600000|  0%| F|  |TAMS 0x0000000717400000, 0x0000000717400000| Untracked 
| 187|0x0000000717600000, 0x0000000717600000, 0x0000000717800000|  0%| F|  |TAMS 0x0000000717600000, 0x0000000717600000| Untracked 
| 188|0x0000000717800000, 0x0000000717800000, 0x0000000717a00000|  0%| F|  |TAMS 0x0000000717800000, 0x0000000717800000| Untracked 
| 189|0x0000000717a00000, 0x0000000717a00000, 0x0000000717c00000|  0%| F|  |TAMS 0x0000000717a00000, 0x0000000717a00000| Untracked 
| 190|0x0000000717c00000, 0x0000000717c00000, 0x0000000717e00000|  0%| F|  |TAMS 0x0000000717c00000, 0x0000000717c00000| Untracked 
| 191|0x0000000717e00000, 0x0000000717e00000, 0x0000000718000000|  0%| F|  |TAMS 0x0000000717e00000, 0x0000000717e00000| Untracked 
| 192|0x0000000718000000, 0x0000000718000000, 0x0000000718200000|  0%| F|  |TAMS 0x0000000718000000, 0x0000000718000000| Untracked 
| 193|0x0000000718200000, 0x0000000718200000, 0x0000000718400000|  0%| F|  |TAMS 0x0000000718200000, 0x0000000718200000| Untracked 
| 194|0x0000000718400000, 0x0000000718400000, 0x0000000718600000|  0%| F|  |TAMS 0x0000000718400000, 0x0000000718400000| Untracked 
| 195|0x0000000718600000, 0x0000000718600000, 0x0000000718800000|  0%| F|  |TAMS 0x0000000718600000, 0x0000000718600000| Untracked 
| 196|0x0000000718800000, 0x0000000718800000, 0x0000000718a00000|  0%| F|  |TAMS 0x0000000718800000, 0x0000000718800000| Untracked 
| 197|0x0000000718a00000, 0x0000000718a00000, 0x0000000718c00000|  0%| F|  |TAMS 0x0000000718a00000, 0x0000000718a00000| Untracked 
| 198|0x0000000718c00000, 0x0000000718c00000, 0x0000000718e00000|  0%| F|  |TAMS 0x0000000718c00000, 0x0000000718c00000| Untracked 
| 199|0x0000000718e00000, 0x0000000718e00000, 0x0000000719000000|  0%| F|  |TAMS 0x0000000718e00000, 0x0000000718e00000| Untracked 
| 200|0x0000000719000000, 0x0000000719000000, 0x0000000719200000|  0%| F|  |TAMS 0x0000000719000000, 0x0000000719000000| Untracked 
| 201|0x0000000719200000, 0x0000000719200000, 0x0000000719400000|  0%| F|  |TAMS 0x0000000719200000, 0x0000000719200000| Untracked 
| 202|0x0000000719400000, 0x0000000719400000, 0x0000000719600000|  0%| F|  |TAMS 0x0000000719400000, 0x0000000719400000| Untracked 
| 203|0x0000000719600000, 0x0000000719600000, 0x0000000719800000|  0%| F|  |TAMS 0x0000000719600000, 0x0000000719600000| Untracked 
| 204|0x0000000719800000, 0x0000000719800000, 0x0000000719a00000|  0%| F|  |TAMS 0x0000000719800000, 0x0000000719800000| Untracked 
| 205|0x0000000719a00000, 0x0000000719a00000, 0x0000000719c00000|  0%| F|  |TAMS 0x0000000719a00000, 0x0000000719a00000| Untracked 
| 206|0x0000000719c00000, 0x0000000719c00000, 0x0000000719e00000|  0%| F|  |TAMS 0x0000000719c00000, 0x0000000719c00000| Untracked 
| 207|0x0000000719e00000, 0x0000000719e00000, 0x000000071a000000|  0%| F|  |TAMS 0x0000000719e00000, 0x0000000719e00000| Untracked 
| 208|0x000000071a000000, 0x000000071a000000, 0x000000071a200000|  0%| F|  |TAMS 0x000000071a000000, 0x000000071a000000| Untracked 
| 209|0x000000071a200000, 0x000000071a200000, 0x000000071a400000|  0%| F|  |TAMS 0x000000071a200000, 0x000000071a200000| Untracked 
| 210|0x000000071a400000, 0x000000071a400000, 0x000000071a600000|  0%| F|  |TAMS 0x000000071a400000, 0x000000071a400000| Untracked 
| 211|0x000000071a600000, 0x000000071a600000, 0x000000071a800000|  0%| F|  |TAMS 0x000000071a600000, 0x000000071a600000| Untracked 
| 212|0x000000071a800000, 0x000000071a800000, 0x000000071aa00000|  0%| F|  |TAMS 0x000000071a800000, 0x000000071a800000| Untracked 
| 213|0x000000071aa00000, 0x000000071aa00000, 0x000000071ac00000|  0%| F|  |TAMS 0x000000071aa00000, 0x000000071aa00000| Untracked 
| 214|0x000000071ac00000, 0x000000071ac00000, 0x000000071ae00000|  0%| F|  |TAMS 0x000000071ac00000, 0x000000071ac00000| Untracked 
| 215|0x000000071ae00000, 0x000000071ae00000, 0x000000071b000000|  0%| F|  |TAMS 0x000000071ae00000, 0x000000071ae00000| Untracked 
| 216|0x000000071b000000, 0x000000071b000000, 0x000000071b200000|  0%| F|  |TAMS 0x000000071b000000, 0x000000071b000000| Untracked 
| 217|0x000000071b200000, 0x000000071b200000, 0x000000071b400000|  0%| F|  |TAMS 0x000000071b200000, 0x000000071b200000| Untracked 
| 218|0x000000071b400000, 0x000000071b400000, 0x000000071b600000|  0%| F|  |TAMS 0x000000071b400000, 0x000000071b400000| Untracked 
| 219|0x000000071b600000, 0x000000071b600000, 0x000000071b800000|  0%| F|  |TAMS 0x000000071b600000, 0x000000071b600000| Untracked 
| 220|0x000000071b800000, 0x000000071b800000, 0x000000071ba00000|  0%| F|  |TAMS 0x000000071b800000, 0x000000071b800000| Untracked 
| 221|0x000000071ba00000, 0x000000071ba00000, 0x000000071bc00000|  0%| F|  |TAMS 0x000000071ba00000, 0x000000071ba00000| Untracked 
| 222|0x000000071bc00000, 0x000000071bc00000, 0x000000071be00000|  0%| F|  |TAMS 0x000000071bc00000, 0x000000071bc00000| Untracked 
| 223|0x000000071be00000, 0x000000071be00000, 0x000000071c000000|  0%| F|  |TAMS 0x000000071be00000, 0x000000071be00000| Untracked 
| 224|0x000000071c000000, 0x000000071c000000, 0x000000071c200000|  0%| F|  |TAMS 0x000000071c000000, 0x000000071c000000| Untracked 
| 225|0x000000071c200000, 0x000000071c200000, 0x000000071c400000|  0%| F|  |TAMS 0x000000071c200000, 0x000000071c200000| Untracked 
| 226|0x000000071c400000, 0x000000071c400000, 0x000000071c600000|  0%| F|  |TAMS 0x000000071c400000, 0x000000071c400000| Untracked 
| 227|0x000000071c600000, 0x000000071c600000, 0x000000071c800000|  0%| F|  |TAMS 0x000000071c600000, 0x000000071c600000| Untracked 
| 228|0x000000071c800000, 0x000000071c800000, 0x000000071ca00000|  0%| F|  |TAMS 0x000000071c800000, 0x000000071c800000| Untracked 
| 229|0x000000071ca00000, 0x000000071ca00000, 0x000000071cc00000|  0%| F|  |TAMS 0x000000071ca00000, 0x000000071ca00000| Untracked 
| 230|0x000000071cc00000, 0x000000071cc00000, 0x000000071ce00000|  0%| F|  |TAMS 0x000000071cc00000, 0x000000071cc00000| Untracked 
| 231|0x000000071ce00000, 0x000000071ce00000, 0x000000071d000000|  0%| F|  |TAMS 0x000000071ce00000, 0x000000071ce00000| Untracked 
| 232|0x000000071d000000, 0x000000071d000000, 0x000000071d200000|  0%| F|  |TAMS 0x000000071d000000, 0x000000071d000000| Untracked 
| 233|0x000000071d200000, 0x000000071d200000, 0x000000071d400000|  0%| F|  |TAMS 0x000000071d200000, 0x000000071d200000| Untracked 
| 234|0x000000071d400000, 0x000000071d5f1538, 0x000000071d600000| 97%| E|  |TAMS 0x000000071d400000, 0x000000071d400000| Complete 
| 235|0x000000071d600000, 0x000000071d800000, 0x000000071d800000|100%| E|CS|TAMS 0x000000071d600000, 0x000000071d600000| Complete 
| 236|0x000000071d800000, 0x000000071da00000, 0x000000071da00000|100%| E|CS|TAMS 0x000000071d800000, 0x000000071d800000| Complete 
| 237|0x000000071da00000, 0x000000071dc00000, 0x000000071dc00000|100%| E|CS|TAMS 0x000000071da00000, 0x000000071da00000| Complete 
| 238|0x000000071dc00000, 0x000000071de00000, 0x000000071de00000|100%| E|CS|TAMS 0x000000071dc00000, 0x000000071dc00000| Complete 
| 239|0x000000071de00000, 0x000000071e000000, 0x000000071e000000|100%| E|CS|TAMS 0x000000071de00000, 0x000000071de00000| Complete 
| 240|0x000000071e000000, 0x000000071e200000, 0x000000071e200000|100%| E|CS|TAMS 0x000000071e000000, 0x000000071e000000| Complete 
| 241|0x000000071e200000, 0x000000071e400000, 0x000000071e400000|100%| E|CS|TAMS 0x000000071e200000, 0x000000071e200000| Complete 
| 242|0x000000071e400000, 0x000000071e600000, 0x000000071e600000|100%| E|CS|TAMS 0x000000071e400000, 0x000000071e400000| Complete 
| 243|0x000000071e600000, 0x000000071e800000, 0x000000071e800000|100%| E|CS|TAMS 0x000000071e600000, 0x000000071e600000| Complete 
| 244|0x000000071e800000, 0x000000071ea00000, 0x000000071ea00000|100%| E|CS|TAMS 0x000000071e800000, 0x000000071e800000| Complete 
| 245|0x000000071ea00000, 0x000000071ec00000, 0x000000071ec00000|100%| E|CS|TAMS 0x000000071ea00000, 0x000000071ea00000| Complete 
| 246|0x000000071ec00000, 0x000000071ee00000, 0x000000071ee00000|100%| E|CS|TAMS 0x000000071ec00000, 0x000000071ec00000| Complete 
| 247|0x000000071ee00000, 0x000000071f000000, 0x000000071f000000|100%| E|CS|TAMS 0x000000071ee00000, 0x000000071ee00000| Complete 
| 248|0x000000071f000000, 0x000000071f200000, 0x000000071f200000|100%| E|  |TAMS 0x000000071f000000, 0x000000071f000000| Complete 
| 249|0x000000071f200000, 0x000000071f400000, 0x000000071f400000|100%| E|CS|TAMS 0x000000071f200000, 0x000000071f200000| Complete 
| 250|0x000000071f400000, 0x000000071f600000, 0x000000071f600000|100%| E|CS|TAMS 0x000000071f400000, 0x000000071f400000| Complete 
| 251|0x000000071f600000, 0x000000071f800000, 0x000000071f800000|100%| E|CS|TAMS 0x000000071f600000, 0x000000071f600000| Complete 
| 252|0x000000071f800000, 0x000000071fa00000, 0x000000071fa00000|100%| E|CS|TAMS 0x000000071f800000, 0x000000071f800000| Complete 
| 253|0x000000071fa00000, 0x000000071fc00000, 0x000000071fc00000|100%| E|CS|TAMS 0x000000071fa00000, 0x000000071fa00000| Complete 
| 254|0x000000071fc00000, 0x000000071fe00000, 0x000000071fe00000|100%| E|CS|TAMS 0x000000071fc00000, 0x000000071fc00000| Complete 
| 255|0x000000071fe00000, 0x0000000720000000, 0x0000000720000000|100%| E|CS|TAMS 0x000000071fe00000, 0x000000071fe00000| Complete 
| 256|0x0000000720000000, 0x0000000720200000, 0x0000000720200000|100%| E|CS|TAMS 0x0000000720000000, 0x0000000720000000| Complete 
| 257|0x0000000720200000, 0x0000000720400000, 0x0000000720400000|100%| E|CS|TAMS 0x0000000720200000, 0x0000000720200000| Complete 
| 258|0x0000000720400000, 0x0000000720600000, 0x0000000720600000|100%| E|CS|TAMS 0x0000000720400000, 0x0000000720400000| Complete 
| 259|0x0000000720600000, 0x0000000720800000, 0x0000000720800000|100%| E|CS|TAMS 0x0000000720600000, 0x0000000720600000| Complete 
| 260|0x0000000720800000, 0x0000000720a00000, 0x0000000720a00000|100%| E|CS|TAMS 0x0000000720800000, 0x0000000720800000| Complete 
| 261|0x0000000720a00000, 0x0000000720c00000, 0x0000000720c00000|100%| E|CS|TAMS 0x0000000720a00000, 0x0000000720a00000| Complete 
| 262|0x0000000720c00000, 0x0000000720e00000, 0x0000000720e00000|100%| E|CS|TAMS 0x0000000720c00000, 0x0000000720c00000| Complete 
| 263|0x0000000720e00000, 0x0000000721000000, 0x0000000721000000|100%| E|CS|TAMS 0x0000000720e00000, 0x0000000720e00000| Complete 
| 264|0x0000000721000000, 0x0000000721200000, 0x0000000721200000|100%| E|CS|TAMS 0x0000000721000000, 0x0000000721000000| Complete 
| 265|0x0000000721200000, 0x0000000721400000, 0x0000000721400000|100%| E|CS|TAMS 0x0000000721200000, 0x0000000721200000| Complete 
| 266|0x0000000721400000, 0x0000000721600000, 0x0000000721600000|100%| E|CS|TAMS 0x0000000721400000, 0x0000000721400000| Complete 
| 267|0x0000000721600000, 0x0000000721800000, 0x0000000721800000|100%| E|CS|TAMS 0x0000000721600000, 0x0000000721600000| Complete 
| 268|0x0000000721800000, 0x0000000721a00000, 0x0000000721a00000|100%| E|CS|TAMS 0x0000000721800000, 0x0000000721800000| Complete 
| 269|0x0000000721a00000, 0x0000000721c00000, 0x0000000721c00000|100%| E|CS|TAMS 0x0000000721a00000, 0x0000000721a00000| Complete 
| 270|0x0000000721c00000, 0x0000000721e00000, 0x0000000721e00000|100%| E|CS|TAMS 0x0000000721c00000, 0x0000000721c00000| Complete 
| 271|0x0000000721e00000, 0x0000000722000000, 0x0000000722000000|100%| E|CS|TAMS 0x0000000721e00000, 0x0000000721e00000| Complete 
| 272|0x0000000722000000, 0x0000000722200000, 0x0000000722200000|100%| E|CS|TAMS 0x0000000722000000, 0x0000000722000000| Complete 
| 273|0x0000000722200000, 0x0000000722400000, 0x0000000722400000|100%| E|CS|TAMS 0x0000000722200000, 0x0000000722200000| Complete 
| 274|0x0000000722400000, 0x0000000722600000, 0x0000000722600000|100%| E|CS|TAMS 0x0000000722400000, 0x0000000722400000| Complete 
| 275|0x0000000722600000, 0x0000000722800000, 0x0000000722800000|100%| E|CS|TAMS 0x0000000722600000, 0x0000000722600000| Complete 
| 276|0x0000000722800000, 0x0000000722999b00, 0x0000000722a00000| 80%| S|CS|TAMS 0x0000000722800000, 0x0000000722800000| Complete 
| 277|0x0000000722a00000, 0x0000000722c00000, 0x0000000722c00000|100%| E|CS|TAMS 0x0000000722a00000, 0x0000000722a00000| Complete 
| 278|0x0000000722c00000, 0x0000000722e00000, 0x0000000722e00000|100%| E|CS|TAMS 0x0000000722c00000, 0x0000000722c00000| Complete 
| 279|0x0000000722e00000, 0x0000000723000000, 0x0000000723000000|100%| E|CS|TAMS 0x0000000722e00000, 0x0000000722e00000| Complete 
| 280|0x0000000723000000, 0x0000000723200000, 0x0000000723200000|100%| E|CS|TAMS 0x0000000723000000, 0x0000000723000000| Complete 
| 281|0x0000000723200000, 0x0000000723400000, 0x0000000723400000|100%| E|CS|TAMS 0x0000000723200000, 0x0000000723200000| Complete 
| 282|0x0000000723400000, 0x0000000723600000, 0x0000000723600000|100%| E|CS|TAMS 0x0000000723400000, 0x0000000723400000| Complete 
| 283|0x0000000723600000, 0x0000000723800000, 0x0000000723800000|100%| E|CS|TAMS 0x0000000723600000, 0x0000000723600000| Complete 
| 284|0x0000000723800000, 0x0000000723a00000, 0x0000000723a00000|100%| E|CS|TAMS 0x0000000723800000, 0x0000000723800000| Complete 
| 285|0x0000000723a00000, 0x0000000723c00000, 0x0000000723c00000|100%| E|CS|TAMS 0x0000000723a00000, 0x0000000723a00000| Complete 
| 286|0x0000000723c00000, 0x0000000723e00000, 0x0000000723e00000|100%| E|CS|TAMS 0x0000000723c00000, 0x0000000723c00000| Complete 
| 287|0x0000000723e00000, 0x0000000724000000, 0x0000000724000000|100%| E|CS|TAMS 0x0000000723e00000, 0x0000000723e00000| Complete 
| 288|0x0000000724000000, 0x0000000724200000, 0x0000000724200000|100%| E|CS|TAMS 0x0000000724000000, 0x0000000724000000| Complete 
| 289|0x0000000724200000, 0x0000000724400000, 0x0000000724400000|100%| E|CS|TAMS 0x0000000724200000, 0x0000000724200000| Complete 
| 290|0x0000000724400000, 0x0000000724600000, 0x0000000724600000|100%| E|CS|TAMS 0x0000000724400000, 0x0000000724400000| Complete 
| 291|0x0000000724600000, 0x0000000724800000, 0x0000000724800000|100%| E|CS|TAMS 0x0000000724600000, 0x0000000724600000| Complete 
| 292|0x0000000724800000, 0x0000000724a00000, 0x0000000724a00000|100%| E|CS|TAMS 0x0000000724800000, 0x0000000724800000| Complete 
| 293|0x0000000724a00000, 0x0000000724c00000, 0x0000000724c00000|100%| E|CS|TAMS 0x0000000724a00000, 0x0000000724a00000| Complete 

Card table byte_map: [0x00000276d3bc0000,0x00000276d43c0000] _byte_map_base: 0x00000276d03c0000

Marking Bits (Prev, Next): (CMBitMap*) 0x00000276bf139f50, (CMBitMap*) 0x00000276bf139f90
 Prev Bits: [0x00000276d4bc0000, 0x00000276d8bc0000)
 Next Bits: [0x00000276d8bc0000, 0x00000276dcbc0000)

Polling page: 0x00000276bf1a0000

Metaspace:

Usage:
  Non-class:    128.77 MB used.
      Class:     19.82 MB used.
       Both:    148.60 MB used.

Virtual space:
  Non-class space:      136.00 MB reserved,     129.38 MB ( 95%) committed,  17 nodes.
      Class space:        1.00 GB reserved,      20.31 MB (  2%) committed,  1 nodes.
             Both:        1.13 GB reserved,     149.69 MB ( 13%) committed. 

Chunk freelists:
   Non-Class:  2.42 MB
       Class:  3.57 MB
        Both:  5.99 MB

MaxMetaspaceSize: unlimited
CompressedClassSpaceSize: 1.00 GB
Initial GC threshold: 21.00 MB
Current GC threshold: 239.06 MB
CDS: off
MetaspaceReclaimPolicy: balanced
 - commit_granule_bytes: 65536.
 - commit_granule_words: 8192.
 - virtual_space_node_default_size: 1048576.
 - enlarge_chunks_in_place: 1.
 - new_chunks_are_fully_committed: 0.
 - uncommit_free_chunks: 1.
 - use_allocation_guard: 0.
 - handle_deallocations: 1.


Internal statistics:

num_allocs_failed_limit: 9.
num_arena_births: 1676.
num_arena_deaths: 8.
num_vsnodes_births: 18.
num_vsnodes_deaths: 0.
num_space_committed: 2394.
num_space_uncommitted: 0.
num_chunks_returned_to_freelist: 19.
num_chunks_taken_from_freelist: 7640.
num_chunk_merges: 6.
num_chunk_splits: 4992.
num_chunks_enlarged: 3265.
num_purges: 4.
num_inconsistent_stats: 0.

CodeHeap 'non-profiled nmethods': size=120000Kb used=13753Kb max_used=13753Kb free=106246Kb
 bounds [0x00000276cb870000, 0x00000276cc5e0000, 0x00000276d2da0000]
CodeHeap 'profiled nmethods': size=120000Kb used=37224Kb max_used=37224Kb free=82776Kb
 bounds [0x00000276c3da0000, 0x00000276c6200000, 0x00000276cb2d0000]
CodeHeap 'non-nmethods': size=5760Kb used=2539Kb max_used=2589Kb free=3220Kb
 bounds [0x00000276cb2d0000, 0x00000276cb560000, 0x00000276cb870000]
 total_blobs=19898 nmethods=18803 adapters=1006
 compilation: enabled
              stopped_count=0, restarted_count=0
 full_count=0

Compilation events (20 events):
Event: 1407.618 Thread 0x00000276dfc31a80 23092       3       org.gradle.api.internal.artifacts.ivyservice.resolveengine.oldresult.TransientConfigurationResultsBuilder::lambda$resolvedDependency$0 (27 bytes)
Event: 1407.618 Thread 0x00000276dfc31a80 nmethod 23092 0x00000276c61e8710 code [0x00000276c61e8900, 0x00000276c61e8db8]
Event: 1407.618 Thread 0x00000276dfc31a80 23093       3       org.gradle.api.internal.artifacts.ResolvedConfigurationIdentifierSerializer::write (23 bytes)
Event: 1407.619 Thread 0x00000276dfc31a80 nmethod 23093 0x00000276c61e8f90 code [0x00000276c61e9140, 0x00000276c61e93b8]
Event: 1407.619 Thread 0x00000276dfc31a80 23094       3       org.gradle.api.internal.artifacts.ivyservice.resolveengine.result.FileDependencyCollectingGraphVisitor::visitNode (1 bytes)
Event: 1407.619 Thread 0x00000276dfc31a80 nmethod 23094 0x00000276c61e9510 code [0x00000276c61e96a0, 0x00000276c61e97b8]
Event: 1407.619 Thread 0x00000276dfc31a80 23098       3       org.gradle.api.internal.artifacts.ivyservice.resolveengine.result.StreamingResolutionResultBuilder::lambda$visitNode$1 (17 bytes)
Event: 1407.620 Thread 0x00000276dfc31a80 nmethod 23098 0x00000276c61e9890 code [0x00000276c61e9a40, 0x00000276c61e9c78]
Event: 1407.620 Thread 0x00000276dfc31a80 23099       3       org.gradle.api.internal.artifacts.ivyservice.resolveengine.result.ComponentResultSerializer::write (119 bytes)
Event: 1407.621 Thread 0x00000276dfc31a80 nmethod 23099 0x00000276c61e9d90 code [0x00000276c61ea020, 0x00000276c61eab18]
Event: 1407.621 Thread 0x00000276dfc31a80 23095       3       org.gradle.api.internal.artifacts.ivyservice.resolveengine.result.ComponentSelectionReasons::empty (13 bytes)
Event: 1407.621 Thread 0x00000276dfc31a80 nmethod 23095 0x00000276c61eae90 code [0x00000276c61eb040, 0x00000276c61eb2c8]
Event: 1407.622 Thread 0x00000276dfc31a80 23101       3       org.gradle.api.internal.artifacts.ivyservice.resolveengine.artifact.ArtifactBackedResolvedVariant$$Lambda$772/0x000000080080f2f8::<init> (26 bytes)
Event: 1407.622 Thread 0x00000276dfc31a80 nmethod 23101 0x00000276c61eb410 code [0x00000276c61eb5c0, 0x00000276c61eb8b8]
Event: 1407.622 Thread 0x00000276dfc31a80 23103       3       org.gradle.api.internal.artifacts.ivyservice.resolveengine.result.StreamingResolutionResultBuilder::lambda$visitEdges$4 (107 bytes)
Event: 1407.624 Thread 0x00000276dfc31a80 nmethod 23103 0x00000276c61eb990 code [0x00000276c61ebc40, 0x00000276c61ec918]
Event: 1407.629 Thread 0x00000276dfc31a80 23104       3       org.gradle.internal.component.external.model.DefaultModuleComponentArtifactIdentifier::equals (63 bytes)
Event: 1407.630 Thread 0x00000276dfc31a80 nmethod 23104 0x00000276c61ece10 code [0x00000276c61ed000, 0x00000276c61ed5d8]
Event: 1407.630 Thread 0x00000276dfc31a80 23105       3       jdk.internal.reflect.ClassFileAssembler::opc_ifnull (37 bytes)
Event: 1407.631 Thread 0x00000276dfc31a80 nmethod 23105 0x00000276c61ed790 code [0x00000276c61ed9c0, 0x00000276c61ee158]

GC Heap History (20 events):
Event: 290.087 GC heap before
{Heap before GC invocations=73 (full 0):
 garbage-first heap   total 356352K, used 282181K [0x0000000700000000, 0x0000000800000000)
  region size 2048K, 66 young (135168K), 11 survivors (22528K)
 Metaspace       used 127095K, committed 128000K, reserved 1163264K
  class space    used 16939K, committed 17344K, reserved 1048576K
}
Event: 290.144 GC heap after
{Heap after GC invocations=74 (full 0):
 garbage-first heap   total 356352K, used 173501K [0x0000000700000000, 0x0000000800000000)
  region size 2048K, 3 young (6144K), 3 survivors (6144K)
 Metaspace       used 127095K, committed 128000K, reserved 1163264K
  class space    used 16939K, committed 17344K, reserved 1048576K
}
Event: 296.025 GC heap before
{Heap before GC invocations=75 (full 0):
 garbage-first heap   total 356352K, used 294333K [0x0000000700000000, 0x0000000800000000)
  region size 2048K, 58 young (118784K), 3 survivors (6144K)
 Metaspace       used 129520K, committed 130368K, reserved 1163264K
  class space    used 17265K, committed 17664K, reserved 1048576K
}
Event: 296.050 GC heap after
{Heap after GC invocations=76 (full 0):
 garbage-first heap   total 356352K, used 185185K [0x0000000700000000, 0x0000000800000000)
  region size 2048K, 8 young (16384K), 8 survivors (16384K)
 Metaspace       used 129520K, committed 130368K, reserved 1163264K
  class space    used 17265K, committed 17664K, reserved 1048576K
}
Event: 296.265 GC heap before
{Heap before GC invocations=76 (full 0):
 garbage-first heap   total 356352K, used 187233K [0x0000000700000000, 0x0000000800000000)
  region size 2048K, 9 young (18432K), 8 survivors (16384K)
 Metaspace       used 129555K, committed 130432K, reserved 1163264K
  class space    used 17271K, committed 17664K, reserved 1048576K
}
Event: 296.289 GC heap after
{Heap after GC invocations=77 (full 0):
 garbage-first heap   total 356352K, used 184207K [0x0000000700000000, 0x0000000800000000)
  region size 2048K, 1 young (2048K), 1 survivors (2048K)
 Metaspace       used 129555K, committed 130432K, reserved 1163264K
  class space    used 17271K, committed 17664K, reserved 1048576K
}
Event: 329.318 GC heap before
{Heap before GC invocations=77 (full 0):
 garbage-first heap   total 356352K, used 286607K [0x0000000700000000, 0x0000000800000000)
  region size 2048K, 50 young (102400K), 1 survivors (2048K)
 Metaspace       used 140185K, committed 141184K, reserved 1171456K
  class space    used 18700K, committed 19200K, reserved 1048576K
}
Event: 329.333 GC heap after
{Heap after GC invocations=78 (full 0):
 garbage-first heap   total 356352K, used 193292K [0x0000000700000000, 0x0000000800000000)
  region size 2048K, 4 young (8192K), 4 survivors (8192K)
 Metaspace       used 140185K, committed 141184K, reserved 1171456K
  class space    used 18700K, committed 19200K, reserved 1048576K
}
Event: 331.165 GC heap before
{Heap before GC invocations=78 (full 0):
 garbage-first heap   total 356352K, used 271116K [0x0000000700000000, 0x0000000800000000)
  region size 2048K, 35 young (71680K), 4 survivors (8192K)
 Metaspace       used 144357K, committed 145344K, reserved 1179648K
  class space    used 19310K, committed 19776K, reserved 1048576K
}
Event: 331.182 GC heap after
{Heap after GC invocations=79 (full 0):
 garbage-first heap   total 356352K, used 210433K [0x0000000700000000, 0x0000000800000000)
  region size 2048K, 5 young (10240K), 5 survivors (10240K)
 Metaspace       used 144357K, committed 145344K, reserved 1179648K
  class space    used 19310K, committed 19776K, reserved 1048576K
}
Event: 334.728 GC heap before
{Heap before GC invocations=79 (full 0):
 garbage-first heap   total 356352K, used 298497K [0x0000000700000000, 0x0000000800000000)
  region size 2048K, 45 young (92160K), 5 survivors (10240K)
 Metaspace       used 144454K, committed 145536K, reserved 1179648K
  class space    used 19325K, committed 19840K, reserved 1048576K
}
Event: 334.826 GC heap after
{Heap after GC invocations=80 (full 0):
 garbage-first heap   total 356352K, used 226016K [0x0000000700000000, 0x0000000800000000)
  region size 2048K, 6 young (12288K), 6 survivors (12288K)
 Metaspace       used 144454K, committed 145536K, reserved 1179648K
  class space    used 19325K, committed 19840K, reserved 1048576K
}
Event: 337.361 GC heap before
{Heap before GC invocations=80 (full 0):
 garbage-first heap   total 356352K, used 281312K [0x0000000700000000, 0x0000000800000000)
  region size 2048K, 34 young (69632K), 6 survivors (12288K)
 Metaspace       used 144471K, committed 145536K, reserved 1179648K
  class space    used 19325K, committed 19840K, reserved 1048576K
}
Event: 337.421 GC heap after
{Heap after GC invocations=81 (full 0):
 garbage-first heap   total 509952K, used 238820K [0x0000000700000000, 0x0000000800000000)
  region size 2048K, 5 young (10240K), 5 survivors (10240K)
 Metaspace       used 144471K, committed 145536K, reserved 1179648K
  class space    used 19325K, committed 19840K, reserved 1048576K
}
Event: 340.667 GC heap before
{Heap before GC invocations=81 (full 0):
 garbage-first heap   total 509952K, used 365796K [0x0000000700000000, 0x0000000800000000)
  region size 2048K, 35 young (71680K), 5 survivors (10240K)
 Metaspace       used 145829K, committed 146880K, reserved 1179648K
  class space    used 19492K, committed 19968K, reserved 1048576K
}
Event: 340.684 GC heap after
{Heap after GC invocations=82 (full 0):
 garbage-first heap   total 509952K, used 284486K [0x0000000700000000, 0x0000000800000000)
  region size 2048K, 2 young (4096K), 2 survivors (4096K)
 Metaspace       used 145829K, committed 146880K, reserved 1179648K
  class space    used 19492K, committed 19968K, reserved 1048576K
}
Event: 369.274 GC heap before
{Heap before GC invocations=83 (full 0):
 garbage-first heap   total 602112K, used 589638K [0x0000000700000000, 0x0000000800000000)
  region size 2048K, 12 young (24576K), 2 survivors (4096K)
 Metaspace       used 146140K, committed 147200K, reserved 1179648K
  class space    used 19540K, committed 20032K, reserved 1048576K
}
Event: 369.282 GC heap after
{Heap after GC invocations=84 (full 0):
 garbage-first heap   total 602112K, used 313465K [0x0000000700000000, 0x0000000800000000)
  region size 2048K, 1 young (2048K), 1 survivors (2048K)
 Metaspace       used 146140K, committed 147200K, reserved 1179648K
  class space    used 19540K, committed 20032K, reserved 1048576K
}
Event: 666.444 GC heap before
{Heap before GC invocations=84 (full 0):
 garbage-first heap   total 602112K, used 458873K [0x0000000700000000, 0x0000000800000000)
  region size 2048K, 14 young (28672K), 1 survivors (2048K)
 Metaspace       used 146583K, committed 147648K, reserved 1179648K
  class space    used 19601K, committed 20096K, reserved 1048576K
}
Event: 666.455 GC heap after
{Heap after GC invocations=85 (full 0):
 garbage-first heap   total 602112K, used 143249K [0x0000000700000000, 0x0000000800000000)
  region size 2048K, 1 young (2048K), 1 survivors (2048K)
 Metaspace       used 146583K, committed 147648K, reserved 1179648K
  class space    used 19601K, committed 20096K, reserved 1048576K
}

Dll operation events (2 events):
Event: 0.018 Loaded shared library C:\Program Files\Android\Android Studio\jbr\bin\java.dll
Event: 2.113 Loaded shared library C:\Program Files\Android\Android Studio\jbr\bin\verify.dll

Deoptimization events (20 events):
Event: 1405.638 Thread 0x00000276e67fc810 Uncommon trap: trap_request=0xffffff45 fr.pc=0x00000276cbb6a634 relative=0x0000000000001894
Event: 1405.638 Thread 0x00000276e67fc810 Uncommon trap: reason=unstable_if action=reinterpret pc=0x00000276cbb6a634 method=java.io.WinNTFileSystem.normalize(Ljava/lang/String;II)Ljava/lang/String; @ 100 c2
Event: 1405.638 Thread 0x00000276e67fc810 DEOPT PACKING pc=0x00000276cbb6a634 sp=0x000000a09aff8280
Event: 1405.638 Thread 0x00000276e67fc810 DEOPT UNPACKING pc=0x00000276cb3269a3 sp=0x000000a09aff8278 mode 2
Event: 1405.661 Thread 0x00000276e67fc810 Uncommon trap: trap_request=0xffffff45 fr.pc=0x00000276cb898d64 relative=0x0000000000000064
Event: 1405.661 Thread 0x00000276e67fc810 Uncommon trap: reason=unstable_if action=reinterpret pc=0x00000276cb898d64 method=java.io.WinNTFileSystem.isSlash(C)Z @ 9 c2
Event: 1405.661 Thread 0x00000276e67fc810 DEOPT PACKING pc=0x00000276cb898d64 sp=0x000000a09affbd50
Event: 1405.661 Thread 0x00000276e67fc810 DEOPT UNPACKING pc=0x00000276cb3269a3 sp=0x000000a09affbcd8 mode 2
Event: 1406.255 Thread 0x00000276e67fc810 DEOPT PACKING pc=0x00000276c6120f0b sp=0x000000a09aff2ed0
Event: 1406.255 Thread 0x00000276e67fc810 DEOPT UNPACKING pc=0x00000276cb327143 sp=0x000000a09aff23f0 mode 0
Event: 1406.438 Thread 0x00000276e67fc810 Uncommon trap: trap_request=0xffffff76 fr.pc=0x00000276cbf15c9c relative=0x0000000000000d1c
Event: 1406.438 Thread 0x00000276e67fc810 Uncommon trap: reason=predicate action=maybe_recompile pc=0x00000276cbf15c9c method=java.util.Properties$LineReader.readLine()I @ 209 c2
Event: 1406.438 Thread 0x00000276e67fc810 DEOPT PACKING pc=0x00000276cbf15c9c sp=0x000000a09aff28f0
Event: 1406.438 Thread 0x00000276e67fc810 DEOPT UNPACKING pc=0x00000276cb3269a3 sp=0x000000a09aff2890 mode 2
Event: 1406.438 Thread 0x00000276e67fc810 Uncommon trap: trap_request=0xffffff45 fr.pc=0x00000276cb8e3ef8 relative=0x0000000000000bb8
Event: 1406.438 Thread 0x00000276e67fc810 Uncommon trap: reason=unstable_if action=reinterpret pc=0x00000276cb8e3ef8 method=java.util.Properties$LineReader.readLine()I @ 117 c2
Event: 1406.438 Thread 0x00000276e67fc810 DEOPT PACKING pc=0x00000276cb8e3ef8 sp=0x000000a09aff28e0
Event: 1406.438 Thread 0x00000276e67fc810 DEOPT UNPACKING pc=0x00000276cb3269a3 sp=0x000000a09aff2898 mode 2
Event: 1406.620 Thread 0x00000276e67fc810 DEOPT PACKING pc=0x00000276c6120f0b sp=0x000000a09aff4b70
Event: 1406.620 Thread 0x00000276e67fc810 DEOPT UNPACKING pc=0x00000276cb327143 sp=0x000000a09aff4090 mode 0

Classes unloaded (4 events):
Event: 272.388 Thread 0x00000276df1c8d30 Unloading class 0x0000000800e10000 'java/lang/invoke/LambdaForm$DMH+0x0000000800e10000'
Event: 272.388 Thread 0x00000276df1c8d30 Unloading class 0x0000000800e08c00 'java/lang/invoke/LambdaForm$DMH+0x0000000800e08c00'
Event: 272.388 Thread 0x00000276df1c8d30 Unloading class 0x0000000800e08800 'java/lang/invoke/LambdaForm$DMH+0x0000000800e08800'
Event: 341.192 Thread 0x00000276df1c8d30 Unloading class 0x0000000801344800 'java/lang/invoke/LambdaForm$DMH+0x0000000801344800'

Classes redefined (0 events):
No events

Internal exceptions (20 events):
Event: 370.777 Thread 0x00000276e928b7c0 Exception <a 'java/lang/ClassNotFoundException'{0x0000000724204240}: groovy/lang/DelegatingMetaClassCustomizer> (0x0000000724204240) 
thrown [s\src\hotspot\share\classfile\systemDictionary.cpp, line 256]
Event: 370.784 Thread 0x00000276e928b7c0 Exception <a 'java/lang/ClassNotFoundException'{0x00000007240be5e8}: org/codehaus/groovy/runtime/HandleMetaClassCustomizer> (0x00000007240be5e8) 
thrown [s\src\hotspot\share\classfile\systemDictionary.cpp, line 256]
Event: 370.798 Thread 0x00000276e928b7c0 Exception <a 'java/lang/ClassNotFoundException'{0x00000007241c26b0}: java/util/Collections$SingletonListBeanInfo> (0x00000007241c26b0) 
thrown [s\src\hotspot\share\classfile\systemDictionary.cpp, line 256]
Event: 370.798 Thread 0x00000276e928b7c0 Exception <a 'java/lang/ClassNotFoundException'{0x00000007241c7db0}: java/util/Collections$SingletonListCustomizer> (0x00000007241c7db0) 
thrown [s\src\hotspot\share\classfile\systemDictionary.cpp, line 256]
Event: 370.804 Thread 0x00000276e928b7c0 Exception <a 'java/lang/ClassNotFoundException'{0x0000000723e06640}: com/android/build/OutputFileBeanInfo> (0x0000000723e06640) 
thrown [s\src\hotspot\share\classfile\systemDictionary.cpp, line 256]
Event: 370.805 Thread 0x00000276e928b7c0 Exception <a 'java/lang/ClassNotFoundException'{0x0000000723e0e930}: com/android/build/OutputFileCustomizer> (0x0000000723e0e930) 
thrown [s\src\hotspot\share\classfile\systemDictionary.cpp, line 256]
Event: 371.830 Thread 0x00000276e67fb4d0 Exception <a 'sun/nio/fs/WindowsException'{0x0000000723e7d728}> (0x0000000723e7d728) 
thrown [s\src\hotspot\share\prims\jni.cpp, line 517]
Event: 1404.792 Thread 0x00000276e67fc810 Implicit null exception at 0x00000276cc2d0e4f to 0x00000276cc2d0f0c
Event: 1405.584 Thread 0x00000276e67fc810 Exception <a 'java/lang/ClassNotFoundException'{0x000000071ee0e0a8}: groovy/json/JsonSlurperBeanInfo> (0x000000071ee0e0a8) 
thrown [s\src\hotspot\share\classfile\systemDictionary.cpp, line 256]
Event: 1405.586 Thread 0x00000276e67fc810 Exception <a 'java/lang/ClassNotFoundException'{0x000000071ee22360}: groovy/json/JsonSlurperCustomizer> (0x000000071ee22360) 
thrown [s\src\hotspot\share\classfile\systemDictionary.cpp, line 256]
Event: 1405.626 Thread 0x00000276e67fc810 Exception <a 'java/lang/ClassNotFoundException'{0x000000071efa8808}: org/apache/groovy/json/internal/LazyMapBeanInfo> (0x000000071efa8808) 
thrown [s\src\hotspot\share\classfile\systemDictionary.cpp, line 256]
Event: 1405.628 Thread 0x00000276e67fc810 Exception <a 'java/lang/ClassNotFoundException'{0x000000071efb6b60}: org/apache/groovy/json/internal/LazyMapCustomizer> (0x000000071efb6b60) 
thrown [s\src\hotspot\share\classfile\systemDictionary.cpp, line 256]
Event: 1405.642 Thread 0x00000276e67fc810 Exception <a 'java/lang/ClassNotFoundException'{0x000000071ec004b0}: org/gradle/initialization/DefaultProjectDescriptorBeanInfo> (0x000000071ec004b0) 
thrown [s\src\hotspot\share\classfile\systemDictionary.cpp, line 256]
Event: 1405.643 Thread 0x00000276e67fc810 Exception <a 'java/lang/ClassNotFoundException'{0x000000071ec12738}: org/gradle/initialization/DefaultProjectDescriptorCustomizer> (0x000000071ec12738) 
thrown [s\src\hotspot\share\classfile\systemDictionary.cpp, line 256]
Event: 1406.198 Thread 0x00000276e67fc810 Exception <a 'sun/nio/fs/WindowsException'{0x000000071e789150}> (0x000000071e789150) 
thrown [s\src\hotspot\share\prims\jni.cpp, line 517]
Event: 1407.092 Thread 0x00000276e67fc810 Exception <a 'java/lang/NoClassDefFoundError'{0x000000071dd248e8}: org/jetbrains/kotlin/gradle/plugin/KotlinBasePluginWrapper> (0x000000071dd248e8) 
thrown [s\src\hotspot\share\oops\constantPool.cpp, line 835]
Event: 1407.201 Thread 0x00000276e67fc810 Exception <a 'java/lang/ClassNotFoundException'{0x000000071da5f288}: java/util/concurrent/ConcurrentHashMap$MapEntryBeanInfo> (0x000000071da5f288) 
thrown [s\src\hotspot\share\classfile\systemDictionary.cpp, line 256]
Event: 1407.203 Thread 0x00000276e67fc810 Exception <a 'java/lang/ClassNotFoundException'{0x000000071da6b818}: java/util/concurrent/ConcurrentHashMap$MapEntryCustomizer> (0x000000071da6b818) 
thrown [s\src\hotspot\share\classfile\systemDictionary.cpp, line 256]
Event: 1407.272 Thread 0x00000276e67fc810 Exception <a 'java/lang/ClassNotFoundException'{0x000000071db41798}: build_15ue5vllvjlnh289n42u4piijBeanInfo> (0x000000071db41798) 
thrown [s\src\hotspot\share\classfile\systemDictionary.cpp, line 256]
Event: 1407.273 Thread 0x00000276e67fc810 Exception <a 'java/lang/ClassNotFoundException'{0x000000071db48018}: build_15ue5vllvjlnh289n42u4piijCustomizer> (0x000000071db48018) 
thrown [s\src\hotspot\share\classfile\systemDictionary.cpp, line 256]

VM Operations (20 events):
Event: 1299.741 Executing VM operation: Cleanup
Event: 1299.741 Executing VM operation: Cleanup done
Event: 1369.771 Executing VM operation: Cleanup
Event: 1369.771 Executing VM operation: Cleanup done
Event: 1389.779 Executing VM operation: Cleanup
Event: 1389.779 Executing VM operation: Cleanup done
Event: 1401.786 Executing VM operation: Cleanup
Event: 1401.786 Executing VM operation: Cleanup done
Event: 1402.787 Executing VM operation: Cleanup
Event: 1402.788 Executing VM operation: Cleanup done
Event: 1403.770 Executing VM operation: HandshakeAllThreads
Event: 1403.770 Executing VM operation: HandshakeAllThreads done
Event: 1404.526 Executing VM operation: HandshakeAllThreads
Event: 1404.526 Executing VM operation: HandshakeAllThreads done
Event: 1404.526 Executing VM operation: Cleanup
Event: 1404.526 Executing VM operation: Cleanup done
Event: 1405.526 Executing VM operation: Cleanup
Event: 1405.526 Executing VM operation: Cleanup done
Event: 1406.527 Executing VM operation: Cleanup
Event: 1406.527 Executing VM operation: Cleanup done

Events (20 events):
Event: 1405.265 Thread 0x00000276e4a8a060 Thread added: 0x00000276e4a8a060
Event: 1405.266 Thread 0x00000276e4a8a530 Thread added: 0x00000276e4a8a530
Event: 1405.266 Thread 0x00000276e4a8aa00 Thread added: 0x00000276e4a8aa00
Event: 1405.266 Thread 0x00000276e4a8aed0 Thread added: 0x00000276e4a8aed0
Event: 1405.267 Thread 0x00000276e088f870 Thread added: 0x00000276e088f870
Event: 1405.267 Thread 0x00000276e0893bd0 Thread added: 0x00000276e0893bd0
Event: 1405.267 Thread 0x00000276e0891080 Thread added: 0x00000276e0891080
Event: 1405.267 Thread 0x00000276e08940a0 Thread added: 0x00000276e08940a0
Event: 1405.268 Thread 0x00000276e0894a40 Thread added: 0x00000276e0894a40
Event: 1405.268 Thread 0x00000276e088fd40 Thread added: 0x00000276e088fd40
Event: 1405.270 Thread 0x00000276e0088ec0 Thread added: 0x00000276e0088ec0
Event: 1405.705 Thread 0x00000276e0890210 Thread added: 0x00000276e0890210
Event: 1407.200 loading class java/util/concurrent/ConcurrentHashMap$MapEntryBeanInfo
Event: 1407.200 loading class java/util/concurrent/ConcurrentHashMap$MapEntryBeanInfo done
Event: 1407.201 loading class java/util/concurrent/ConcurrentHashMap$MapEntryBeanInfo
Event: 1407.201 loading class java/util/concurrent/ConcurrentHashMap$MapEntryBeanInfo done
Event: 1407.201 loading class java/util/concurrent/ConcurrentHashMap$MapEntryCustomizer
Event: 1407.201 loading class java/util/concurrent/ConcurrentHashMap$MapEntryCustomizer done
Event: 1407.203 loading class java/util/concurrent/ConcurrentHashMap$MapEntryCustomizer
Event: 1407.203 loading class java/util/concurrent/ConcurrentHashMap$MapEntryCustomizer done


Dynamic libraries:
0x00007ff7ef6a0000 - 0x00007ff7ef6aa000 	C:\Program Files\Android\Android Studio\jbr\bin\java.exe
0x00007ffff6170000 - 0x00007ffff6368000 	C:\Windows\SYSTEM32\ntdll.dll
0x00007ffff42b0000 - 0x00007ffff436d000 	C:\Windows\System32\KERNEL32.DLL
0x00007ffff3850000 - 0x00007ffff3b46000 	C:\Windows\System32\KERNELBASE.dll
0x00007ffff4040000 - 0x00007ffff4140000 	C:\Windows\System32\ucrtbase.dll
0x00007fffd1ed0000 - 0x00007fffd1ee7000 	C:\Program Files\Android\Android Studio\jbr\bin\jli.dll
0x00007ffff4ee0000 - 0x00007ffff507e000 	C:\Windows\System32\USER32.dll
0x00007ffff3d50000 - 0x00007ffff3d72000 	C:\Windows\System32\win32u.dll
0x00007ffff41d0000 - 0x00007ffff41fc000 	C:\Windows\System32\GDI32.dll
0x00007ffff3d80000 - 0x00007ffff3e9a000 	C:\Windows\System32\gdi32full.dll
0x00007ffff3fa0000 - 0x00007ffff403d000 	C:\Windows\System32\msvcp_win.dll
0x00007fffe4d20000 - 0x00007fffe4fba000 	C:\Windows\WinSxS\amd64_microsoft.windows.common-controls_6595b64144ccf1df_6.0.19041.3636_none_60b6a03d71f818d5\COMCTL32.dll
0x00007ffff4370000 - 0x00007ffff440e000 	C:\Windows\System32\msvcrt.dll
0x00007fffd1eb0000 - 0x00007fffd1ecb000 	C:\Program Files\Android\Android Studio\jbr\bin\VCRUNTIME140.dll
0x00007ffff4c00000 - 0x00007ffff4c30000 	C:\Windows\System32\IMM32.DLL
0x00007fffd8b10000 - 0x00007fffd8b1c000 	C:\Program Files\Android\Android Studio\jbr\bin\vcruntime140_1.dll
0x00007fffc09e0000 - 0x00007fffc0a6d000 	C:\Program Files\Android\Android Studio\jbr\bin\msvcp140.dll
0x00007fff7a130000 - 0x00007fff7ad9e000 	C:\Program Files\Android\Android Studio\jbr\bin\server\jvm.dll
0x00007ffff5c10000 - 0x00007ffff5cbf000 	C:\Windows\System32\ADVAPI32.dll
0x00007ffff4b60000 - 0x00007ffff4bfc000 	C:\Windows\System32\sechost.dll
0x00007ffff5a70000 - 0x00007ffff5b96000 	C:\Windows\System32\RPCRT4.dll
0x00007fffdc8b0000 - 0x00007fffdc8b9000 	C:\Windows\SYSTEM32\WSOCK32.dll
0x00007ffff5ba0000 - 0x00007ffff5c0b000 	C:\Windows\System32\WS2_32.dll
0x00007fffe6760000 - 0x00007fffe6787000 	C:\Windows\SYSTEM32\WINMM.dll
0x00007fffe76e0000 - 0x00007fffe76ea000 	C:\Windows\SYSTEM32\VERSION.dll
0x00007ffff2060000 - 0x00007ffff2072000 	C:\Windows\SYSTEM32\kernel.appcore.dll
0x00007fffd1ea0000 - 0x00007fffd1eaa000 	C:\Program Files\Android\Android Studio\jbr\bin\jimage.dll
0x00007ffff15b0000 - 0x00007ffff1794000 	C:\Windows\SYSTEM32\DBGHELP.DLL
0x00007fffe7390000 - 0x00007fffe73c4000 	C:\Windows\SYSTEM32\dbgcore.DLL
0x00007ffff4140000 - 0x00007ffff41c2000 	C:\Windows\System32\bcryptPrimitives.dll
0x00007fffd03c0000 - 0x00007fffd03e5000 	C:\Program Files\Android\Android Studio\jbr\bin\java.dll
0x00007fffd0280000 - 0x00007fffd0298000 	C:\Program Files\Android\Android Studio\jbr\bin\zip.dll
0x00007ffff4410000 - 0x00007ffff4b55000 	C:\Windows\System32\SHELL32.dll
0x00007ffff18b0000 - 0x00007ffff204b000 	C:\Windows\SYSTEM32\windows.storage.dll
0x00007ffff5580000 - 0x00007ffff58d4000 	C:\Windows\System32\combase.dll
0x00007ffff30e0000 - 0x00007ffff310d000 	C:\Windows\SYSTEM32\Wldp.dll
0x00007ffff4200000 - 0x00007ffff42ad000 	C:\Windows\System32\SHCORE.dll
0x00007ffff4e00000 - 0x00007ffff4e55000 	C:\Windows\System32\shlwapi.dll
0x00007ffff3780000 - 0x00007ffff37a5000 	C:\Windows\SYSTEM32\profapi.dll
0x00007fffc4cd0000 - 0x00007fffc4ce9000 	C:\Program Files\Android\Android Studio\jbr\bin\net.dll
0x00007fffe8340000 - 0x00007fffe844a000 	C:\Windows\SYSTEM32\WINHTTP.dll
0x00007ffff2ec0000 - 0x00007ffff2f2a000 	C:\Windows\system32\mswsock.dll
0x00007fffc34f0000 - 0x00007fffc3506000 	C:\Program Files\Android\Android Studio\jbr\bin\nio.dll
0x00007fffd03b0000 - 0x00007fffd03c0000 	C:\Program Files\Android\Android Studio\jbr\bin\verify.dll
0x00007fffc09b0000 - 0x00007fffc09d7000 	C:\Users\Admin\.gradle\native\e1d6ef7f7dcc3fd88c89a11ec53ec762bb8ba0a96d01ffa2cd45eb1d1d8dd5c5\windows-amd64\native-platform.dll
0x00007fffbb640000 - 0x00007fffbb784000 	C:\Users\Admin\.gradle\native\0d407fdbe67a94daf76414ababcb853783967236a71b16ec16e742cd7a986fd3\windows-amd64\native-platform-file-events.dll
0x00007fffc4ff0000 - 0x00007fffc4ff9000 	C:\Program Files\Android\Android Studio\jbr\bin\management.dll
0x00007fffc09a0000 - 0x00007fffc09ab000 	C:\Program Files\Android\Android Studio\jbr\bin\management_ext.dll
0x00007ffff4de0000 - 0x00007ffff4de8000 	C:\Windows\System32\PSAPI.DLL
0x00007ffff3120000 - 0x00007ffff3138000 	C:\Windows\SYSTEM32\CRYPTSP.dll
0x00007ffff2810000 - 0x00007ffff2844000 	C:\Windows\system32\rsaenh.dll
0x00007ffff3bc0000 - 0x00007ffff3be7000 	C:\Windows\System32\bcrypt.dll
0x00007ffff3740000 - 0x00007ffff376e000 	C:\Windows\SYSTEM32\USERENV.dll
0x00007ffff3050000 - 0x00007ffff305c000 	C:\Windows\SYSTEM32\CRYPTBASE.dll
0x00007ffff2bd0000 - 0x00007ffff2c0b000 	C:\Windows\SYSTEM32\IPHLPAPI.DLL
0x00007ffff4df0000 - 0x00007ffff4df8000 	C:\Windows\System32\NSI.dll
0x00007fffebf30000 - 0x00007fffebf47000 	C:\Windows\SYSTEM32\dhcpcsvc6.DLL
0x00007fffea990000 - 0x00007fffea9ad000 	C:\Windows\SYSTEM32\dhcpcsvc.DLL
0x00007ffff2c10000 - 0x00007ffff2cda000 	C:\Windows\SYSTEM32\DNSAPI.dll
0x00007fffc0500000 - 0x00007fffc0507000 	C:\Windows\system32\wshunix.dll
0x00007ffff2930000 - 0x00007ffff2963000 	C:\Windows\SYSTEM32\ntmarta.dll
0x00007fffedf40000 - 0x00007fffedf5e000 	C:\Users\Admin\AppData\Local\Temp\native-platform12211491521130118284dir\native-platform.dll
0x00007fffedf30000 - 0x00007fffedf37000 	C:\Program Files\Android\Android Studio\jbr\bin\rmi.dll
0x00007fffea920000 - 0x00007fffea92a000 	C:\Windows\System32\rasadhlp.dll
0x00007fffe8090000 - 0x00007fffe8110000 	C:\Windows\System32\fwpuclnt.dll

dbghelp: loaded successfully - version: 4.0.5 - missing functions: none
symbol engine: initialized successfully - sym options: 0x614 - pdb path: .;C:\Program Files\Android\Android Studio\jbr\bin;C:\Windows\SYSTEM32;C:\Windows\WinSxS\amd64_microsoft.windows.common-controls_6595b64144ccf1df_6.0.19041.3636_none_60b6a03d71f818d5;C:\Program Files\Android\Android Studio\jbr\bin\server;C:\Users\Admin\.gradle\native\e1d6ef7f7dcc3fd88c89a11ec53ec762bb8ba0a96d01ffa2cd45eb1d1d8dd5c5\windows-amd64;C:\Users\Admin\.gradle\native\0d407fdbe67a94daf76414ababcb853783967236a71b16ec16e742cd7a986fd3\windows-amd64;C:\Users\Admin\AppData\Local\Temp\native-platform12211491521130118284dir

VM Arguments:
jvm_args: --add-opens=java.base/java.util=ALL-UNNAMED --add-opens=java.base/java.lang=ALL-UNNAMED --add-opens=java.base/java.lang.invoke=ALL-UNNAMED --add-opens=java.base/java.util=ALL-UNNAMED --add-opens=java.prefs/java.util.prefs=ALL-UNNAMED --add-opens=java.prefs/java.util.prefs=ALL-UNNAMED --add-opens=java.base/java.nio.charset=ALL-UNNAMED --add-opens=java.base/java.net=ALL-UNNAMED --add-opens=java.base/java.util.concurrent.atomic=ALL-UNNAMED -Xmx4G -Dfile.encoding=windows-1252 -Duser.country=US -Duser.language=en -Duser.variant 
java_command: org.gradle.launcher.daemon.bootstrap.GradleDaemon 7.5
java_class_path (initial): C:\Users\Admin\.gradle\wrapper\dists\gradle-7.5-all\6qsw290k5lz422uaf8jf6m7co\gradle-7.5\lib\gradle-launcher-7.5.jar
Launcher Type: SUN_STANDARD

[Global flags]
     intx CICompilerCount                          = 3                                         {product} {ergonomic}
     uint ConcGCThreads                            = 1                                         {product} {ergonomic}
     uint G1ConcRefinementThreads                  = 4                                         {product} {ergonomic}
   size_t G1HeapRegionSize                         = 2097152                                   {product} {ergonomic}
    uintx GCDrainStackTargetSize                   = 64                                        {product} {ergonomic}
   size_t InitialHeapSize                          = 134217728                                 {product} {ergonomic}
   size_t MarkStackSize                            = 4194304                                   {product} {ergonomic}
   size_t MaxHeapSize                              = 4294967296                                {product} {command line}
   size_t MaxNewSize                               = 2575302656                                {product} {ergonomic}
   size_t MinHeapDeltaBytes                        = 2097152                                   {product} {ergonomic}
   size_t MinHeapSize                              = 8388608                                   {product} {ergonomic}
    uintx NonNMethodCodeHeapSize                   = 5832780                                {pd product} {ergonomic}
    uintx NonProfiledCodeHeapSize                  = 122912730                              {pd product} {ergonomic}
    uintx ProfiledCodeHeapSize                     = 122912730                              {pd product} {ergonomic}
    uintx ReservedCodeCacheSize                    = 251658240                              {pd product} {ergonomic}
     bool SegmentedCodeCache                       = true                                      {product} {ergonomic}
   size_t SoftMaxHeapSize                          = 4294967296                             {manageable} {ergonomic}
     bool UseCompressedClassPointers               = true                           {product lp64_product} {ergonomic}
     bool UseCompressedOops                        = true                           {product lp64_product} {ergonomic}
     bool UseG1GC                                  = true                                      {product} {ergonomic}
     bool UseLargePagesIndividualAllocation        = false                                  {pd product} {ergonomic}

Logging:
Log output configuration:
 #0: stdout all=warning uptime,level,tags
 #1: stderr all=off uptime,level,tags

Environment Variables:
JAVA_HOME=C:\Program Files\Android\Android Studio\jbr
CLASSPATH=H:\my-P-flutter\quran_app\android\\gradle\wrapper\gradle-wrapper.jar
PATH=C:\Program Files\Android\Android Studio\jbr\bin;C:\Program Files\Common Files\Oracle\Java\javapath;C:\Windows\system32;C:\Windows;C:\Windows\System32\Wbem;C:\Windows\System32\WindowsPowerShell\v1.0\;C:\Windows\System32\OpenSSH\;C:\Program Files\Git\cmd;C:\Program Files\Microsoft SQL Server\150\Tools\Binn\;C:\Program Files (x86)\Windows Kits\10\Windows Performance Toolkit\;C:\Program Files\Microsoft SQL Server\Client SDK\ODBC\170\Tools\Binn\;C:\Program Files\dotnet\;C:\Program Files (x86)\Incredibuild;C:\Program Files\nodejs\;C:\Program Files\Git LFS;C:\Users\Admin\AppData\Local\Microsoft\WindowsApps;C:\Users\Admin\Desktop\Devolpment Flutter\flutter\bin;C:\Users\Admin\Desktop\flutter projects;C:\Users\Admin\.dotnet\tools;C:\Users\Admin\AppData\Local\Pub\Cache\bin;C:\Users\Admin\AppData\Roaming\npm;C:\Program Files\Java\jdk-21\bin;G:\src\flutter\bin;C:\Users\Admin\AppData\Local\Programs\Microsoft VS Code\bin;G:\src\flutter\bin\mingit\cmd;G:\src\flutter\bin\mingit\cmd
USERNAME=Admin
OS=Windows_NT
PROCESSOR_IDENTIFIER=Intel64 Family 6 Model 58 Stepping 9, GenuineIntel
TMP=C:\Users\Admin\AppData\Local\Temp
TEMP=C:\Users\Admin\AppData\Local\Temp


JNI global refs:
JNI global refs: 27, weak refs: 3

JNI global refs memory usage: 843, weak refs: 841


---------------  S Y S T E M  ---------------

OS:
 Windows 10 , 64 bit Build 19041 (10.0.19041.3636)
OS uptime: 0 days 0:29 hours
Hyper-V role detected

CPU: total 4 (initial active 4) (2 cores per cpu, 2 threads per core) family 6 model 58 stepping 9 microcode 0x21, cx8, cmov, fxsr, ht, mmx, sse, sse2, sse3, ssse3, sse4.1, sse4.2, popcnt, tsc, tscinvbit, avx, aes, erms, clmul, vzeroupper, clflush, hv

Memory: 4k page, system-wide physical 8077M (1059M free)
TotalPageFile size 8945M (AvailPageFile size 3M)
current process WorkingSet (physical memory assigned to process): 918M, peak: 1046M
current process commit charge ("private bytes"): 987M, peak: 1120M

vm_info: OpenJDK 64-Bit Server VM (17.0.6+0-b2043.56-10027231) for windows-amd64 JRE (17.0.6+0-b2043.56-10027231), built on Apr 28 2023 00:43:19 by "androidbuild" with MS VC++ 16.10 / 16.11 (VS2019)

END.
