#
# There is insufficient memory for the Java Runtime Environment to continue.
# Native memory allocation (malloc) failed to allocate 1856336 bytes for Chunk::new
# Possible reasons:
#   The system is out of physical RAM or swap space
#   The process is running with CompressedOops enabled, and the Java Heap may be blocking the growth of the native heap
# Possible solutions:
#   Reduce memory load on the system
#   Increase physical memory or swap space
#   Check if swap backing store is full
#   Decrease Java heap size (-Xmx/-Xms)
#   Decrease number of Java threads
#   Decrease Java thread stack sizes (-Xss)
#   Set larger code cache with -XX:ReservedCodeCacheSize=
#   JVM is running with Zero Based Compressed Oops mode in which the Java heap is
#     placed in the first 32GB address space. The Java Heap base address is the
#     maximum limit for the native heap growth. Please use -XX:HeapBaseMinAddress
#     to set the Java Heap base and to place the Java Heap above 32GB virtual address.
# This output file may be truncated or incomplete.
#
#  Out of Memory Error (arena.cpp:189), pid=6648, tid=9280
#
# JRE version: OpenJDK Runtime Environment (17.0.6) (build 17.0.6+0-b2043.56-10027231)
# Java VM: OpenJDK 64-Bit Server VM (17.0.6+0-b2043.56-10027231, mixed mode, tiered, compressed oops, compressed class ptrs, g1 gc, windows-amd64)
# No core dump will be written. Minidumps are not enabled by default on client versions of Windows
#

---------------  S U M M A R Y ------------

Command Line: --add-opens=java.base/java.util=ALL-UNNAMED --add-opens=java.base/java.lang=ALL-UNNAMED --add-opens=java.base/java.lang.invoke=ALL-UNNAMED --add-opens=java.base/java.util=ALL-UNNAMED --add-opens=java.prefs/java.util.prefs=ALL-UNNAMED --add-opens=java.prefs/java.util.prefs=ALL-UNNAMED --add-opens=java.base/java.nio.charset=ALL-UNNAMED --add-opens=java.base/java.net=ALL-UNNAMED --add-opens=java.base/java.util.concurrent.atomic=ALL-UNNAMED -Xmx4G -Dfile.encoding=windows-1252 -Duser.country=US -Duser.language=en -Duser.variant org.gradle.launcher.daemon.bootstrap.GradleDaemon 7.5

Host: Intel(R) Core(TM) i5-3317U CPU @ 1.70GHz, 4 cores, 7G,  Windows 10 , 64 bit Build 19041 (10.0.19041.3636)
Time: Mon Jan  8 21:17:04 2024 Pacific Standard Time elapsed time: 53.110256 seconds (0d 0h 0m 53s)

---------------  T H R E A D  ---------------

Current thread (0x000002ca7dc31850):  JavaThread "C2 CompilerThread0" daemon [_thread_in_native, id=9280, stack(0x000000ec19700000,0x000000ec19800000)]


Current CompileTask:
C2:  53110 9283  s!   4       java.beans.PropertyDescriptor::getWriteMethod (152 bytes)

Stack: [0x000000ec19700000,0x000000ec19800000]
Native frames: (J=compiled Java code, j=interpreted, Vv=VM code, C=native code)
V  [jvm.dll+0x683c9a]
V  [jvm.dll+0x8427a4]
V  [jvm.dll+0x843f9e]
V  [jvm.dll+0x844603]
V  [jvm.dll+0x249b75]
V  [jvm.dll+0xabcac]
V  [jvm.dll+0xac27c]
V  [jvm.dll+0x368802]
V  [jvm.dll+0x332f31]
V  [jvm.dll+0x3323da]
V  [jvm.dll+0x21c201]
V  [jvm.dll+0x21b621]
V  [jvm.dll+0x1a4fdd]
V  [jvm.dll+0x22b098]
V  [jvm.dll+0x229159]
V  [jvm.dll+0x7f81ec]
V  [jvm.dll+0x7f274a]
V  [jvm.dll+0x682ad5]
C  [ucrtbase.dll+0x21bb2]
C  [KERNEL32.DLL+0x17344]
C  [ntdll.dll+0x526b1]


---------------  P R O C E S S  ---------------

Threads class SMR info:
_java_thread_list=0x000002ca140d5b20, length=88, elements={
0x000002ca6df1e200, 0x000002ca7d119a10, 0x000002ca7d0e2cd0, 0x000002ca7d11a4d0,
0x000002ca7d11deb0, 0x000002ca7d11e770, 0x000002ca7dc2eb80, 0x000002ca7dc31850,
0x000002ca7dc33920, 0x000002ca7dc345d0, 0x000002ca7ddba030, 0x000002ca7ddbed30,
0x000002ca7ea01940, 0x000002ca7f42f710, 0x000002ca7f23d4f0, 0x000002ca7ecdd880,
0x000002ca7f0fea20, 0x000002ca7eadaf60, 0x000002ca7eadb430, 0x000002ca7ec575a0,
0x000002ca7ec56730, 0x000002ca7ec570d0, 0x000002ca7ec57a70, 0x000002ca7ec58410,
0x000002ca7ec558c0, 0x000002ca7ec54f20, 0x000002ca7ec57f40, 0x000002ca7ec553f0,
0x000002ca7ec56c00, 0x000002ca7ec588e0, 0x000002ca7ec55d90, 0x000002ca7ec56260,
0x000002ca11c5bee0, 0x000002ca11c5d220, 0x000002ca11c5dbc0, 0x000002ca11c61580,
0x000002ca11c610b0, 0x000002ca11c5e090, 0x000002ca11c5c880, 0x000002ca11c61f20,
0x000002ca11c623f0, 0x000002ca11c5e560, 0x000002ca11c5f3d0, 0x000002ca11c5ea30,
0x000002ca11c5b070, 0x000002ca11c60240, 0x000002ca11c5cd50, 0x000002ca11c5ef00,
0x000002ca11c60710, 0x000002ca11c5f8a0, 0x000002ca11c5d6f0, 0x000002ca13d5c4b0,
0x000002ca13d59490, 0x000002ca13d58af0, 0x000002ca13d5b170, 0x000002ca13d5a7d0,
0x000002ca13d5b640, 0x000002ca13d5bb10, 0x000002ca13d58fc0, 0x000002ca13d59960,
0x000002ca13d5a300, 0x000002ca13d5bfe0, 0x000002ca13d5aca0, 0x000002ca123c6be0,
0x000002ca123c58a0, 0x000002ca123c4560, 0x000002ca123c6710, 0x000002ca123cb8e0,
0x000002ca123c7580, 0x000002ca123c88c0, 0x000002ca123c6240, 0x000002ca123c9730,
0x000002ca123c4f00, 0x000002ca123c5d70, 0x000002ca123c9c00, 0x000002ca123ca0d0,
0x000002ca123c7a50, 0x000002ca123c4a30, 0x000002ca123c70b0, 0x000002ca123ca5a0,
0x000002ca123c83f0, 0x000002ca123c7f20, 0x000002ca123caa70, 0x000002ca123c8d90,
0x000002ca123c9260, 0x000002ca123caf40, 0x000002ca123c4090, 0x000002ca1854b010
}

Java Threads: ( => current thread )
  0x000002ca6df1e200 JavaThread "main" [_thread_blocked, id=6116, stack(0x000000ec18a00000,0x000000ec18b00000)]
  0x000002ca7d119a10 JavaThread "Reference Handler" daemon [_thread_blocked, id=9248, stack(0x000000ec19100000,0x000000ec19200000)]
  0x000002ca7d0e2cd0 JavaThread "Finalizer" daemon [_thread_blocked, id=6296, stack(0x000000ec19200000,0x000000ec19300000)]
  0x000002ca7d11a4d0 JavaThread "Signal Dispatcher" daemon [_thread_blocked, id=8804, stack(0x000000ec19300000,0x000000ec19400000)]
  0x000002ca7d11deb0 JavaThread "Attach Listener" daemon [_thread_blocked, id=13052, stack(0x000000ec19400000,0x000000ec19500000)]
  0x000002ca7d11e770 JavaThread "Service Thread" daemon [_thread_blocked, id=14640, stack(0x000000ec19500000,0x000000ec19600000)]
  0x000002ca7dc2eb80 JavaThread "Monitor Deflation Thread" daemon [_thread_blocked, id=5692, stack(0x000000ec19600000,0x000000ec19700000)]
=>0x000002ca7dc31850 JavaThread "C2 CompilerThread0" daemon [_thread_in_native, id=9280, stack(0x000000ec19700000,0x000000ec19800000)]
  0x000002ca7dc33920 JavaThread "C1 CompilerThread0" daemon [_thread_blocked, id=12544, stack(0x000000ec19800000,0x000000ec19900000)]
  0x000002ca7dc345d0 JavaThread "Sweeper thread" daemon [_thread_blocked, id=4644, stack(0x000000ec19900000,0x000000ec19a00000)]
  0x000002ca7ddba030 JavaThread "Common-Cleaner" daemon [_thread_blocked, id=14392, stack(0x000000ec19a00000,0x000000ec19b00000)]
  0x000002ca7ddbed30 JavaThread "Notification Thread" daemon [_thread_blocked, id=9336, stack(0x000000ec19b00000,0x000000ec19c00000)]
  0x000002ca7ea01940 JavaThread "Daemon health stats" [_thread_blocked, id=13640, stack(0x000000ec19f00000,0x000000ec1a000000)]
  0x000002ca7f42f710 JavaThread "Incoming local TCP Connector on port 51062" [_thread_in_native, id=5404, stack(0x000000ec1a100000,0x000000ec1a200000)]
  0x000002ca7f23d4f0 JavaThread "Daemon periodic checks" [_thread_blocked, id=15440, stack(0x000000ec1a200000,0x000000ec1a300000)]
  0x000002ca7ecdd880 JavaThread "Daemon" [_thread_blocked, id=10308, stack(0x000000ec1a300000,0x000000ec1a400000)]
  0x000002ca7f0fea20 JavaThread "Handler for socket connection from /127.0.0.1:51062 to /127.0.0.1:51063" [_thread_in_native, id=14072, stack(0x000000ec1a400000,0x000000ec1a500000)]
  0x000002ca7eadaf60 JavaThread "Cancel handler" [_thread_blocked, id=12788, stack(0x000000ec1a500000,0x000000ec1a600000)]
  0x000002ca7eadb430 JavaThread "Daemon worker" [_thread_in_vm, id=16168, stack(0x000000ec1a600000,0x000000ec1a700000)]
  0x000002ca7ec575a0 JavaThread "Asynchronous log dispatcher for DefaultDaemonConnection: socket connection from /127.0.0.1:51062 to /127.0.0.1:51063" [_thread_blocked, id=16376, stack(0x000000ec1a700000,0x000000ec1a800000)]
  0x000002ca7ec56730 JavaThread "Stdin handler" [_thread_blocked, id=4984, stack(0x000000ec1a800000,0x000000ec1a900000)]
  0x000002ca7ec570d0 JavaThread "Daemon client event forwarder" [_thread_blocked, id=10888, stack(0x000000ec1a900000,0x000000ec1aa00000)]
  0x000002ca7ec57a70 JavaThread "Cache worker for journal cache (C:\Users\Admin\.gradle\caches\journal-1)" [_thread_blocked, id=13668, stack(0x000000ec1aa00000,0x000000ec1ab00000)]
  0x000002ca7ec58410 JavaThread "File lock request listener" [_thread_in_native, id=1312, stack(0x000000ec1ab00000,0x000000ec1ac00000)]
  0x000002ca7ec558c0 JavaThread "Cache worker for file hash cache (C:\Users\Admin\.gradle\caches\7.5\fileHashes)" [_thread_blocked, id=4568, stack(0x000000ec1ac00000,0x000000ec1ad00000)]
  0x000002ca7ec54f20 JavaThread "File watcher server" daemon [_thread_in_native, id=16096, stack(0x000000ec1ad00000,0x000000ec1ae00000)]
  0x000002ca7ec57f40 JavaThread "File watcher consumer" daemon [_thread_blocked, id=9948, stack(0x000000ec1ae00000,0x000000ec1af00000)]
  0x000002ca7ec553f0 JavaThread "Cache worker for checksums cache (H:\my-P-flutter\quran_app\android\.gradle\7.5\checksums)" [_thread_blocked, id=11172, stack(0x000000ec1af00000,0x000000ec1b000000)]
  0x000002ca7ec56c00 JavaThread "Cache worker for cache directory md-rule (C:\Users\Admin\.gradle\caches\7.5\md-rule)" [_thread_blocked, id=3036, stack(0x000000ec1b000000,0x000000ec1b100000)]
  0x000002ca7ec588e0 JavaThread "Cache worker for file content cache (C:\Users\Admin\.gradle\caches\7.5\fileContent)" [_thread_blocked, id=6776, stack(0x000000ec1b100000,0x000000ec1b200000)]
  0x000002ca7ec55d90 JavaThread "Cache worker for file hash cache (H:\my-P-flutter\quran_app\android\.gradle\7.5\fileHashes)" [_thread_blocked, id=16184, stack(0x000000ec1b200000,0x000000ec1b300000)]
  0x000002ca7ec56260 JavaThread "Cache worker for cache directory md-supplier (C:\Users\Admin\.gradle\caches\7.5\md-supplier)" [_thread_blocked, id=1284, stack(0x000000ec1b300000,0x000000ec1b400000)]
  0x000002ca11c5bee0 JavaThread "Cache worker for execution history cache (C:\Users\Admin\.gradle\caches\7.5\executionHistory)" [_thread_blocked, id=10168, stack(0x000000ec1b400000,0x000000ec1b500000)]
  0x000002ca11c5d220 JavaThread "jar transforms" [_thread_blocked, id=2864, stack(0x000000ec1b700000,0x000000ec1b800000)]
  0x000002ca11c5dbc0 JavaThread "Cache worker for kotlin-dsl (C:\Users\Admin\.gradle\caches\7.5\kotlin-dsl)" [_thread_blocked, id=2368, stack(0x000000ec1b600000,0x000000ec1b700000)]
  0x000002ca11c61580 JavaThread "jar transforms Thread 2" [_thread_blocked, id=3144, stack(0x000000ec1b900000,0x000000ec1ba00000)]
  0x000002ca11c610b0 JavaThread "Cache worker for dependencies-accessors (H:\my-P-flutter\quran_app\android\.gradle\7.5\dependencies-accessors)" [_thread_blocked, id=4204, stack(0x000000ec1b800000,0x000000ec1b900000)]
  0x000002ca11c5e090 JavaThread "Cache worker for Build Output Cleanup Cache (G:\src\flutter\packages\flutter_tools\gradle\.gradle\buildOutputCleanup)" [_thread_blocked, id=9752, stack(0x000000ec1ba00000,0x000000ec1bb00000)]
  0x000002ca11c5c880 JavaThread "jar transforms Thread 3" [_thread_blocked, id=11952, stack(0x000000ec1bb00000,0x000000ec1bc00000)]
  0x000002ca11c61f20 JavaThread "Memory manager" [_thread_blocked, id=16140, stack(0x000000ec1bd00000,0x000000ec1be00000)]
  0x000002ca11c623f0 JavaThread "jar transforms Thread 4" [_thread_blocked, id=1412, stack(0x000000ec1bc00000,0x000000ec1bd00000)]
  0x000002ca11c5e560 JavaThread "included builds" [_thread_blocked, id=15892, stack(0x000000ec1bf00000,0x000000ec1c000000)]
  0x000002ca11c5f3d0 JavaThread "Execution worker" [_thread_blocked, id=12496, stack(0x000000ec1c000000,0x000000ec1c100000)]
  0x000002ca11c5ea30 JavaThread "Execution worker Thread 2" [_thread_blocked, id=9768, stack(0x000000ec1c100000,0x000000ec1c200000)]
  0x000002ca11c5b070 JavaThread "Execution worker Thread 3" [_thread_blocked, id=10400, stack(0x000000ec1c200000,0x000000ec1c300000)]
  0x000002ca11c60240 JavaThread "Cache worker for execution history cache (G:\src\flutter\packages\flutter_tools\gradle\.gradle\7.5\executionHistory)" [_thread_blocked, id=13484, stack(0x000000ec1c300000,0x000000ec1c400000)]
  0x000002ca11c5cd50 JavaThread "Unconstrained build operations" [_thread_blocked, id=12168, stack(0x000000ec1c400000,0x000000ec1c500000)]
  0x000002ca11c5ef00 JavaThread "Unconstrained build operations Thread 2" [_thread_blocked, id=4384, stack(0x000000ec1c500000,0x000000ec1c600000)]
  0x000002ca11c60710 JavaThread "Unconstrained build operations Thread 3" [_thread_blocked, id=6192, stack(0x000000ec1c600000,0x000000ec1c700000)]
  0x000002ca11c5f8a0 JavaThread "Unconstrained build operations Thread 4" [_thread_blocked, id=2144, stack(0x000000ec1c700000,0x000000ec1c800000)]
  0x000002ca11c5d6f0 JavaThread "Unconstrained build operations Thread 5" [_thread_blocked, id=8824, stack(0x000000ec1c800000,0x000000ec1c900000)]
  0x000002ca13d5c4b0 JavaThread "Unconstrained build operations Thread 6" [_thread_blocked, id=10792, stack(0x000000ec1c900000,0x000000ec1ca00000)]
  0x000002ca13d59490 JavaThread "Unconstrained build operations Thread 7" [_thread_blocked, id=12012, stack(0x000000ec1ca00000,0x000000ec1cb00000)]
  0x000002ca13d58af0 JavaThread "Unconstrained build operations Thread 8" [_thread_blocked, id=12044, stack(0x000000ec1cb00000,0x000000ec1cc00000)]
  0x000002ca13d5b170 JavaThread "Unconstrained build operations Thread 9" [_thread_blocked, id=8756, stack(0x000000ec1cc00000,0x000000ec1cd00000)]
  0x000002ca13d5a7d0 JavaThread "Unconstrained build operations Thread 10" [_thread_blocked, id=7516, stack(0x000000ec1cd00000,0x000000ec1ce00000)]
  0x000002ca13d5b640 JavaThread "Unconstrained build operations Thread 11" [_thread_blocked, id=4788, stack(0x000000ec1be00000,0x000000ec1bf00000)]
  0x000002ca13d5bb10 JavaThread "Unconstrained build operations Thread 12" [_thread_blocked, id=9152, stack(0x000000ec1ce00000,0x000000ec1cf00000)]
  0x000002ca13d58fc0 JavaThread "Unconstrained build operations Thread 13" [_thread_blocked, id=4360, stack(0x000000ec1cf00000,0x000000ec1d000000)]
  0x000002ca13d59960 JavaThread "Unconstrained build operations Thread 14" [_thread_blocked, id=1452, stack(0x000000ec1d000000,0x000000ec1d100000)]
  0x000002ca13d5a300 JavaThread "Unconstrained build operations Thread 15" [_thread_blocked, id=1644, stack(0x000000ec1d100000,0x000000ec1d200000)]
  0x000002ca13d5bfe0 JavaThread "Unconstrained build operations Thread 16" [_thread_blocked, id=15496, stack(0x000000ec1d200000,0x000000ec1d300000)]
  0x000002ca13d5aca0 JavaThread "Unconstrained build operations Thread 17" [_thread_blocked, id=9816, stack(0x000000ec1d300000,0x000000ec1d400000)]
  0x000002ca123c6be0 JavaThread "Unconstrained build operations Thread 18" [_thread_blocked, id=8792, stack(0x000000ec1d400000,0x000000ec1d500000)]
  0x000002ca123c58a0 JavaThread "Unconstrained build operations Thread 19" [_thread_blocked, id=2140, stack(0x000000ec1d500000,0x000000ec1d600000)]
  0x000002ca123c4560 JavaThread "Unconstrained build operations Thread 20" [_thread_blocked, id=2912, stack(0x000000ec1d600000,0x000000ec1d700000)]
  0x000002ca123c6710 JavaThread "Unconstrained build operations Thread 21" [_thread_blocked, id=16180, stack(0x000000ec1d700000,0x000000ec1d800000)]
  0x000002ca123cb8e0 JavaThread "Unconstrained build operations Thread 22" [_thread_blocked, id=3208, stack(0x000000ec1d800000,0x000000ec1d900000)]
  0x000002ca123c7580 JavaThread "Unconstrained build operations Thread 23" [_thread_blocked, id=2960, stack(0x000000ec1d900000,0x000000ec1da00000)]
  0x000002ca123c88c0 JavaThread "Unconstrained build operations Thread 24" [_thread_blocked, id=9260, stack(0x000000ec1da00000,0x000000ec1db00000)]
  0x000002ca123c6240 JavaThread "Unconstrained build operations Thread 25" [_thread_blocked, id=10580, stack(0x000000ec1db00000,0x000000ec1dc00000)]
  0x000002ca123c9730 JavaThread "Unconstrained build operations Thread 26" [_thread_blocked, id=12580, stack(0x000000ec1dc00000,0x000000ec1dd00000)]
  0x000002ca123c4f00 JavaThread "Unconstrained build operations Thread 27" [_thread_blocked, id=9484, stack(0x000000ec1dd00000,0x000000ec1de00000)]
  0x000002ca123c5d70 JavaThread "Unconstrained build operations Thread 28" [_thread_blocked, id=11452, stack(0x000000ec1de00000,0x000000ec1df00000)]
  0x000002ca123c9c00 JavaThread "Unconstrained build operations Thread 29" [_thread_blocked, id=13624, stack(0x000000ec1df00000,0x000000ec1e000000)]
  0x000002ca123ca0d0 JavaThread "Unconstrained build operations Thread 30" [_thread_blocked, id=1228, stack(0x000000ec1e000000,0x000000ec1e100000)]
  0x000002ca123c7a50 JavaThread "Unconstrained build operations Thread 31" [_thread_blocked, id=9316, stack(0x000000ec1e100000,0x000000ec1e200000)]
  0x000002ca123c4a30 JavaThread "Unconstrained build operations Thread 32" [_thread_blocked, id=13828, stack(0x000000ec1e200000,0x000000ec1e300000)]
  0x000002ca123c70b0 JavaThread "Unconstrained build operations Thread 33" [_thread_blocked, id=7720, stack(0x000000ec1e300000,0x000000ec1e400000)]
  0x000002ca123ca5a0 JavaThread "Unconstrained build operations Thread 34" [_thread_blocked, id=12188, stack(0x000000ec1e400000,0x000000ec1e500000)]
  0x000002ca123c83f0 JavaThread "Unconstrained build operations Thread 35" [_thread_blocked, id=3340, stack(0x000000ec1e500000,0x000000ec1e600000)]
  0x000002ca123c7f20 JavaThread "Unconstrained build operations Thread 36" [_thread_blocked, id=8872, stack(0x000000ec1e600000,0x000000ec1e700000)]
  0x000002ca123caa70 JavaThread "Unconstrained build operations Thread 37" [_thread_blocked, id=4928, stack(0x000000ec1e700000,0x000000ec1e800000)]
  0x000002ca123c8d90 JavaThread "Unconstrained build operations Thread 38" [_thread_blocked, id=11260, stack(0x000000ec1e800000,0x000000ec1e900000)]
  0x000002ca123c9260 JavaThread "Unconstrained build operations Thread 39" [_thread_blocked, id=1708, stack(0x000000ec1e900000,0x000000ec1ea00000)]
  0x000002ca123caf40 JavaThread "Unconstrained build operations Thread 40" [_thread_blocked, id=13840, stack(0x000000ec1ea00000,0x000000ec1eb00000)]
  0x000002ca123c4090 JavaThread "Cache worker for Build Output Cleanup Cache (H:\my-P-flutter\quran_app\android\.gradle\buildOutputCleanup)" [_thread_blocked, id=16084, stack(0x000000ec1ec00000,0x000000ec1ed00000)]
  0x000002ca1854b010 JavaThread "C2 CompilerThread1" daemon [_thread_in_native, id=16160, stack(0x000000ec1eb00000,0x000000ec1ec00000)]

Other Threads:
  0x000002ca7d0976b0 VMThread "VM Thread" [stack: 0x000000ec19000000,0x000000ec19100000] [id=12416]
  0x000002ca7ddbf200 WatcherThread [stack: 0x000000ec19c00000,0x000000ec19d00000] [id=11828]
  0x000002ca6df8abc0 GCTaskThread "GC Thread#0" [stack: 0x000000ec18b00000,0x000000ec18c00000] [id=11464]
  0x000002ca7dfbabf0 GCTaskThread "GC Thread#1" [stack: 0x000000ec19d00000,0x000000ec19e00000] [id=9608]
  0x000002ca7de971e0 GCTaskThread "GC Thread#2" [stack: 0x000000ec19e00000,0x000000ec19f00000] [id=924]
  0x000002ca7ea485c0 GCTaskThread "GC Thread#3" [stack: 0x000000ec1a000000,0x000000ec1a100000] [id=7652]
  0x000002ca6df9ba10 ConcurrentGCThread "G1 Main Marker" [stack: 0x000000ec18c00000,0x000000ec18d00000] [id=4648]
  0x000002ca6df9c330 ConcurrentGCThread "G1 Conc#0" [stack: 0x000000ec18d00000,0x000000ec18e00000] [id=12524]
  0x000002ca6dfd5a80 ConcurrentGCThread "G1 Refine#0" [stack: 0x000000ec18e00000,0x000000ec18f00000] [id=10224]
  0x000002ca7f59e320 ConcurrentGCThread "G1 Refine#1" [stack: 0x000000ec1b500000,0x000000ec1b600000] [id=12596]
  0x000002ca6dfd63b0 ConcurrentGCThread "G1 Service" [stack: 0x000000ec18f00000,0x000000ec19000000] [id=11032]

Threads with active compile tasks:
C2 CompilerThread0    53183 9283  s!   4       java.beans.PropertyDescriptor::getWriteMethod (152 bytes)
C2 CompilerThread1    53183 9302       4       org.gradle.internal.instantiation.generator.AbstractClassGenerator$InjectionAnnotationValidator::validateMethod (502 bytes)

VM state: not at safepoint (normal execution)

VM Mutex/Monitor currently owned by a thread: None

Heap address: 0x0000000700000000, size: 4096 MB, Compressed Oops mode: Zero based, Oop shift amount: 3

CDS archive(s) not mapped
Compressed class space mapped at: 0x0000000800000000-0x0000000840000000, reserved size: 1073741824
Narrow klass base: 0x0000000800000000, Narrow klass shift: 0, Narrow klass range: 0x40000000

GC Precious Log:
 CPUs: 4 total, 4 available
 Memory: 8077M
 Large Page Support: Disabled
 NUMA Support: Disabled
 Compressed Oops: Enabled (Zero based)
 Heap Region Size: 2M
 Heap Min Capacity: 8M
 Heap Initial Capacity: 128M
 Heap Max Capacity: 4G
 Pre-touch: Disabled
 Parallel Workers: 4
 Concurrent Workers: 1
 Concurrent Refinement Workers: 4
 Periodic GC: Disabled

Heap:
 garbage-first heap   total 137216K, used 89031K [0x0000000700000000, 0x0000000800000000)
  region size 2048K, 8 young (16384K), 3 survivors (6144K)
 Metaspace       used 88662K, committed 89408K, reserved 1130496K
  class space    used 12122K, committed 12416K, reserved 1048576K

Heap Regions: E=young(eden), S=young(survivor), O=old, HS=humongous(starts), HC=humongous(continues), CS=collection set, F=free, OA=open archive, CA=closed archive, TAMS=top-at-mark-start (previous, next)
|   0|0x0000000700000000, 0x0000000700200000, 0x0000000700200000|100%|HS|  |TAMS 0x0000000700200000, 0x0000000700000000| Complete 
|   1|0x0000000700200000, 0x0000000700400000, 0x0000000700400000|100%|HC|  |TAMS 0x0000000700400000, 0x0000000700200000| Complete 
|   2|0x0000000700400000, 0x0000000700600000, 0x0000000700600000|100%| O|  |TAMS 0x0000000700600000, 0x0000000700400000| Untracked 
|   3|0x0000000700600000, 0x00000007007e2e00, 0x0000000700800000| 94%| O|  |TAMS 0x00000007007e2e00, 0x0000000700600000| Untracked 
|   4|0x0000000700800000, 0x0000000700a00000, 0x0000000700a00000|100%| O|  |TAMS 0x0000000700a00000, 0x0000000700800000| Untracked 
|   5|0x0000000700a00000, 0x0000000700c00000, 0x0000000700c00000|100%| O|  |TAMS 0x0000000700c00000, 0x0000000700a00000| Untracked 
|   6|0x0000000700c00000, 0x0000000700e00000, 0x0000000700e00000|100%| O|  |TAMS 0x0000000700e00000, 0x0000000700c00000| Untracked 
|   7|0x0000000700e00000, 0x0000000701000000, 0x0000000701000000|100%| O|  |TAMS 0x0000000701000000, 0x0000000700e00000| Untracked 
|   8|0x0000000701000000, 0x0000000701200000, 0x0000000701200000|100%| O|  |TAMS 0x0000000701200000, 0x0000000701000000| Untracked 
|   9|0x0000000701200000, 0x0000000701400000, 0x0000000701400000|100%| O|  |TAMS 0x0000000701400000, 0x0000000701200000| Untracked 
|  10|0x0000000701400000, 0x0000000701600000, 0x0000000701600000|100%| O|  |TAMS 0x0000000701600000, 0x0000000701400000| Untracked 
|  11|0x0000000701600000, 0x0000000701800000, 0x0000000701800000|100%| O|  |TAMS 0x0000000701800000, 0x0000000701600000| Untracked 
|  12|0x0000000701800000, 0x0000000701a00000, 0x0000000701a00000|100%| O|  |TAMS 0x0000000701a00000, 0x0000000701800000| Untracked 
|  13|0x0000000701a00000, 0x0000000701c00000, 0x0000000701c00000|100%| O|  |TAMS 0x0000000701c00000, 0x0000000701a00000| Untracked 
|  14|0x0000000701c00000, 0x0000000701e00000, 0x0000000701e00000|100%| O|  |TAMS 0x0000000701e00000, 0x0000000701c00000| Untracked 
|  15|0x0000000701e00000, 0x0000000702000000, 0x0000000702000000|100%| O|  |TAMS 0x0000000702000000, 0x0000000701e00000| Untracked 
|  16|0x0000000702000000, 0x0000000702200000, 0x0000000702200000|100%| O|  |TAMS 0x0000000702200000, 0x0000000702000000| Untracked 
|  17|0x0000000702200000, 0x0000000702400000, 0x0000000702400000|100%| O|  |TAMS 0x0000000702400000, 0x0000000702200000| Untracked 
|  18|0x0000000702400000, 0x0000000702600000, 0x0000000702600000|100%| O|  |TAMS 0x0000000702600000, 0x0000000702400000| Untracked 
|  19|0x0000000702600000, 0x0000000702800000, 0x0000000702800000|100%| O|  |TAMS 0x0000000702800000, 0x0000000702600000| Untracked 
|  20|0x0000000702800000, 0x0000000702a00000, 0x0000000702a00000|100%| O|  |TAMS 0x0000000702a00000, 0x0000000702800000| Untracked 
|  21|0x0000000702a00000, 0x0000000702c00000, 0x0000000702c00000|100%| O|  |TAMS 0x0000000702c00000, 0x0000000702a00000| Untracked 
|  22|0x0000000702c00000, 0x0000000702e00000, 0x0000000702e00000|100%|HS|  |TAMS 0x0000000702e00000, 0x0000000702c00000| Complete 
|  23|0x0000000702e00000, 0x0000000703000000, 0x0000000703000000|100%| O|  |TAMS 0x0000000703000000, 0x0000000702e00000| Untracked 
|  24|0x0000000703000000, 0x0000000703200000, 0x0000000703200000|100%| O|  |TAMS 0x0000000703200000, 0x0000000703000000| Untracked 
|  25|0x0000000703200000, 0x0000000703400000, 0x0000000703400000|100%|HS|  |TAMS 0x0000000703400000, 0x0000000703200000| Complete 
|  26|0x0000000703400000, 0x0000000703600000, 0x0000000703600000|100%|HC|  |TAMS 0x0000000703600000, 0x0000000703400000| Complete 
|  27|0x0000000703600000, 0x0000000703800000, 0x0000000703800000|100%| O|  |TAMS 0x0000000703800000, 0x0000000703600000| Untracked 
|  28|0x0000000703800000, 0x0000000703a00000, 0x0000000703a00000|100%| O|  |TAMS 0x0000000703a00000, 0x0000000703800000| Untracked 
|  29|0x0000000703a00000, 0x0000000703c00000, 0x0000000703c00000|100%| O|  |TAMS 0x0000000703c00000, 0x0000000703a00000| Untracked 
|  30|0x0000000703c00000, 0x0000000703e00000, 0x0000000703e00000|100%| O|  |TAMS 0x0000000703e00000, 0x0000000703c00000| Untracked 
|  31|0x0000000703e00000, 0x0000000704000000, 0x0000000704000000|100%| O|  |TAMS 0x0000000704000000, 0x0000000703e00000| Untracked 
|  32|0x0000000704000000, 0x0000000704200000, 0x0000000704200000|100%| O|  |TAMS 0x0000000704200000, 0x0000000704000000| Untracked 
|  33|0x0000000704200000, 0x0000000704400000, 0x0000000704400000|100%| O|  |TAMS 0x0000000704400000, 0x0000000704200000| Untracked 
|  34|0x0000000704400000, 0x0000000704600000, 0x0000000704600000|100%| O|  |TAMS 0x000000070441ac00, 0x0000000704400000| Untracked 
|  35|0x0000000704600000, 0x0000000704800000, 0x0000000704800000|100%| O|  |TAMS 0x0000000704600000, 0x0000000704600000| Untracked 
|  36|0x0000000704800000, 0x0000000704999a00, 0x0000000704a00000| 80%| O|  |TAMS 0x0000000704800000, 0x0000000704800000| Untracked 
|  37|0x0000000704a00000, 0x0000000704a00000, 0x0000000704c00000|  0%| F|  |TAMS 0x0000000704a00000, 0x0000000704a00000| Untracked 
|  38|0x0000000704c00000, 0x0000000704c00000, 0x0000000704e00000|  0%| F|  |TAMS 0x0000000704c00000, 0x0000000704c00000| Untracked 
|  39|0x0000000704e00000, 0x0000000704e00000, 0x0000000705000000|  0%| F|  |TAMS 0x0000000704e00000, 0x0000000704e00000| Untracked 
|  40|0x0000000705000000, 0x0000000705000000, 0x0000000705200000|  0%| F|  |TAMS 0x0000000705000000, 0x0000000705000000| Untracked 
|  41|0x0000000705200000, 0x0000000705200000, 0x0000000705400000|  0%| F|  |TAMS 0x0000000705200000, 0x0000000705200000| Untracked 
|  42|0x0000000705400000, 0x0000000705400000, 0x0000000705600000|  0%| F|  |TAMS 0x0000000705400000, 0x0000000705400000| Untracked 
|  43|0x0000000705600000, 0x0000000705600000, 0x0000000705800000|  0%| F|  |TAMS 0x0000000705600000, 0x0000000705600000| Untracked 
|  44|0x0000000705800000, 0x0000000705800000, 0x0000000705a00000|  0%| F|  |TAMS 0x0000000705800000, 0x0000000705800000| Untracked 
|  45|0x0000000705a00000, 0x0000000705a00000, 0x0000000705c00000|  0%| F|  |TAMS 0x0000000705a00000, 0x0000000705a00000| Untracked 
|  46|0x0000000705c00000, 0x0000000705c00000, 0x0000000705e00000|  0%| F|  |TAMS 0x0000000705c00000, 0x0000000705c00000| Untracked 
|  47|0x0000000705e00000, 0x0000000705e00000, 0x0000000706000000|  0%| F|  |TAMS 0x0000000705e00000, 0x0000000705e00000| Untracked 
|  48|0x0000000706000000, 0x0000000706000000, 0x0000000706200000|  0%| F|  |TAMS 0x0000000706000000, 0x0000000706000000| Untracked 
|  49|0x0000000706200000, 0x0000000706200000, 0x0000000706400000|  0%| F|  |TAMS 0x0000000706200000, 0x0000000706200000| Untracked 
|  50|0x0000000706400000, 0x0000000706575648, 0x0000000706600000| 72%| S|CS|TAMS 0x0000000706400000, 0x0000000706400000| Complete 
|  51|0x0000000706600000, 0x0000000706800000, 0x0000000706800000|100%| S|CS|TAMS 0x0000000706600000, 0x0000000706600000| Complete 
|  52|0x0000000706800000, 0x0000000706a00000, 0x0000000706a00000|100%| S|CS|TAMS 0x0000000706800000, 0x0000000706800000| Complete 
|  53|0x0000000706a00000, 0x0000000706a00000, 0x0000000706c00000|  0%| F|  |TAMS 0x0000000706a00000, 0x0000000706a00000| Untracked 
|  54|0x0000000706c00000, 0x0000000706c00000, 0x0000000706e00000|  0%| F|  |TAMS 0x0000000706c00000, 0x0000000706c00000| Untracked 
|  55|0x0000000706e00000, 0x0000000706e00000, 0x0000000707000000|  0%| F|  |TAMS 0x0000000706e00000, 0x0000000706e00000| Untracked 
|  56|0x0000000707000000, 0x0000000707000000, 0x0000000707200000|  0%| F|  |TAMS 0x0000000707000000, 0x0000000707000000| Untracked 
|  57|0x0000000707200000, 0x0000000707200000, 0x0000000707400000|  0%| F|  |TAMS 0x0000000707200000, 0x0000000707200000| Untracked 
|  58|0x0000000707400000, 0x0000000707400000, 0x0000000707600000|  0%| F|  |TAMS 0x0000000707400000, 0x0000000707400000| Untracked 
|  59|0x0000000707600000, 0x0000000707600000, 0x0000000707800000|  0%| F|  |TAMS 0x0000000707600000, 0x0000000707600000| Untracked 
|  60|0x0000000707800000, 0x0000000707800000, 0x0000000707a00000|  0%| F|  |TAMS 0x0000000707800000, 0x0000000707800000| Untracked 
|  61|0x0000000707a00000, 0x0000000707a00000, 0x0000000707c00000|  0%| F|  |TAMS 0x0000000707a00000, 0x0000000707a00000| Untracked 
|  62|0x0000000707c00000, 0x0000000707d451e8, 0x0000000707e00000| 63%| E|  |TAMS 0x0000000707c00000, 0x0000000707c00000| Complete 
|  63|0x0000000707e00000, 0x0000000708000000, 0x0000000708000000|100%| E|CS|TAMS 0x0000000707e00000, 0x0000000707e00000| Complete 
|  64|0x0000000708000000, 0x0000000708200000, 0x0000000708200000|100%| E|CS|TAMS 0x0000000708000000, 0x0000000708000000| Complete 
|  65|0x0000000708200000, 0x0000000708400000, 0x0000000708400000|100%| E|CS|TAMS 0x0000000708200000, 0x0000000708200000| Complete 
|  66|0x0000000708400000, 0x0000000708600000, 0x0000000708600000|100%| E|CS|TAMS 0x0000000708400000, 0x0000000708400000| Complete 

Card table byte_map: [0x000002ca71bf0000,0x000002ca723f0000] _byte_map_base: 0x000002ca6e3f0000

Marking Bits (Prev, Next): (CMBitMap*) 0x000002ca6df8b0e0, (CMBitMap*) 0x000002ca6df8b120
 Prev Bits: [0x000002ca72bf0000, 0x000002ca76bf0000)
 Next Bits: [0x000002ca76bf0000, 0x000002ca7abf0000)

Polling page: 0x000002ca6be90000

Metaspace:

Usage:
  Non-class:     74.75 MB used.
      Class:     11.84 MB used.
       Both:     86.58 MB used.

Virtual space:
  Non-class space:       80.00 MB reserved,      75.19 MB ( 94%) committed,  10 nodes.
      Class space:        1.00 GB reserved,      12.12 MB (  1%) committed,  1 nodes.
             Both:        1.08 GB reserved,      87.31 MB (  8%) committed. 

Chunk freelists:
   Non-Class:  688.00 KB
       Class:  3.83 MB
        Both:  4.50 MB

MaxMetaspaceSize: unlimited
CompressedClassSpaceSize: 1.00 GB
Initial GC threshold: 21.00 MB
Current GC threshold: 143.44 MB
CDS: off
MetaspaceReclaimPolicy: balanced
 - commit_granule_bytes: 65536.
 - commit_granule_words: 8192.
 - virtual_space_node_default_size: 1048576.
 - enlarge_chunks_in_place: 1.
 - new_chunks_are_fully_committed: 0.
 - uncommit_free_chunks: 1.
 - use_allocation_guard: 0.
 - handle_deallocations: 1.


Internal statistics:

num_allocs_failed_limit: 6.
num_arena_births: 798.
num_arena_deaths: 0.
num_vsnodes_births: 11.
num_vsnodes_deaths: 0.
num_space_committed: 1397.
num_space_uncommitted: 0.
num_chunks_returned_to_freelist: 6.
num_chunks_taken_from_freelist: 3971.
num_chunk_merges: 3.
num_chunk_splits: 2703.
num_chunks_enlarged: 1879.
num_purges: 0.
num_inconsistent_stats: 0.

CodeHeap 'non-profiled nmethods': size=120000Kb used=5298Kb max_used=5637Kb free=114702Kb
 bounds [0x000002ca07ad0000, 0x000002ca08060000, 0x000002ca0f000000]
CodeHeap 'profiled nmethods': size=120000Kb used=16501Kb max_used=17484Kb free=103499Kb
 bounds [0x000002ca00000000, 0x000002ca01120000, 0x000002ca07530000]
CodeHeap 'non-nmethods': size=5760Kb used=2394Kb max_used=2443Kb free=3365Kb
 bounds [0x000002ca07530000, 0x000002ca077b0000, 0x000002ca07ad0000]
 total_blobs=9067 nmethods=8142 adapters=836
 compilation: enabled
              stopped_count=0, restarted_count=0
 full_count=0

Compilation events (20 events):
Event: 53.015 Thread 0x000002ca1854b010 nmethod 9285 0x000002ca07b41790 code [0x000002ca07b41900, 0x000002ca07b419b8]
Event: 53.015 Thread 0x000002ca1854b010 9286       4       java.lang.reflect.Method::specificToGenericStringHeader (48 bytes)
Event: 53.038 Thread 0x000002ca7dc33920 9294       3       org.codehaus.groovy.reflection.ClassLoaderForClassArtifacts::loadClass (38 bytes)
Event: 53.038 Thread 0x000002ca7dc33920 nmethod 9294 0x000002ca0006bf90 code [0x000002ca0006c160, 0x000002ca0006c528]
Event: 53.038 Thread 0x000002ca7dc33920 9297       3       org.gradle.internal.extensibility.ExtraPropertiesDynamicObjectAdapter::hasProperty (11 bytes)
Event: 53.039 Thread 0x000002ca7dc33920 nmethod 9297 0x000002ca00059890 code [0x000002ca00059a40, 0x000002ca00059cc8]
Event: 53.039 Thread 0x000002ca7dc33920 9298       3       com.android.build.api.component.impl.ComponentImpl::getName (10 bytes)
Event: 53.039 Thread 0x000002ca7dc33920 nmethod 9298 0x000002ca0006a310 code [0x000002ca0006a4c0, 0x000002ca0006a6a8]
Event: 53.039 Thread 0x000002ca7dc33920 9295  s!   3       org.codehaus.groovy.runtime.callsite.CallSiteClassLoader::loadClass (44 bytes)
Event: 53.054 Thread 0x000002ca7dc33920 nmethod 9295 0x000002ca0060e910 code [0x000002ca0060ec60, 0x000002ca006105f8]
Event: 53.055 Thread 0x000002ca7dc33920 9296       1       org.gradle.api.internal.artifacts.configurations.DefaultConfiguration::getDependencies (5 bytes)
Event: 53.055 Thread 0x000002ca7dc33920 nmethod 9296 0x000002ca07b1b390 code [0x000002ca07b1b520, 0x000002ca07b1b5f8]
Event: 53.057 Thread 0x000002ca7dc33920 9300       3       java.util.LinkedHashMap::transferLinks (58 bytes)
Event: 53.057 Thread 0x000002ca7dc33920 nmethod 9300 0x000002ca002f2e10 code [0x000002ca002f2fe0, 0x000002ca002f3438]
Event: 53.058 Thread 0x000002ca7dc33920 9301       3       java.util.LinkedHashMap::replacementTreeNode (37 bytes)
Event: 53.058 Thread 0x000002ca7dc33920 nmethod 9301 0x000002ca0026f690 code [0x000002ca0026f840, 0x000002ca0026fb58]
Event: 53.063 Thread 0x000002ca7dc33920 9303       3       org.gradle.internal.instantiation.generator.AbstractClassGenerator$PropertyMetadata::getGenericType (34 bytes)
Event: 53.065 Thread 0x000002ca7dc33920 nmethod 9303 0x000002ca0022c190 code [0x000002ca0022c3e0, 0x000002ca0022cfa8]
Event: 53.081 Thread 0x000002ca7dc33920 9304       3       java.lang.invoke.DelegatingMethodHandle$Holder::reinvoke_L (18 bytes)
Event: 53.081 Thread 0x000002ca7dc33920 nmethod 9304 0x000002ca00382310 code [0x000002ca003824e0, 0x000002ca00382a18]

GC Heap History (20 events):
Event: 39.197 GC heap before
{Heap before GC invocations=35 (full 0):
 garbage-first heap   total 102400K, used 78048K [0x0000000700000000, 0x0000000800000000)
  region size 2048K, 12 young (24576K), 2 survivors (4096K)
 Metaspace       used 74116K, committed 74752K, reserved 1114112K
  class space    used 9966K, committed 10240K, reserved 1048576K
}
Event: 39.205 GC heap after
{Heap after GC invocations=36 (full 0):
 garbage-first heap   total 102400K, used 63651K [0x0000000700000000, 0x0000000800000000)
  region size 2048K, 2 young (4096K), 2 survivors (4096K)
 Metaspace       used 74116K, committed 74752K, reserved 1114112K
  class space    used 9966K, committed 10240K, reserved 1048576K
}
Event: 39.716 GC heap before
{Heap before GC invocations=37 (full 0):
 garbage-first heap   total 122880K, used 75939K [0x0000000700000000, 0x0000000800000000)
  region size 2048K, 9 young (18432K), 2 survivors (4096K)
 Metaspace       used 74419K, committed 75072K, reserved 1114112K
  class space    used 10027K, committed 10304K, reserved 1048576K
}
Event: 39.725 GC heap after
{Heap after GC invocations=38 (full 0):
 garbage-first heap   total 122880K, used 63563K [0x0000000700000000, 0x0000000800000000)
  region size 2048K, 1 young (2048K), 1 survivors (2048K)
 Metaspace       used 74419K, committed 75072K, reserved 1114112K
  class space    used 10027K, committed 10304K, reserved 1048576K
}
Event: 41.735 GC heap before
{Heap before GC invocations=38 (full 0):
 garbage-first heap   total 122880K, used 94283K [0x0000000700000000, 0x0000000800000000)
  region size 2048K, 16 young (32768K), 1 survivors (2048K)
 Metaspace       used 77104K, committed 77696K, reserved 1122304K
  class space    used 10355K, committed 10624K, reserved 1048576K
}
Event: 41.741 GC heap after
{Heap after GC invocations=39 (full 0):
 garbage-first heap   total 122880K, used 65390K [0x0000000700000000, 0x0000000800000000)
  region size 2048K, 2 young (4096K), 2 survivors (4096K)
 Metaspace       used 77104K, committed 77696K, reserved 1122304K
  class space    used 10355K, committed 10624K, reserved 1048576K
}
Event: 43.629 GC heap before
{Heap before GC invocations=40 (full 0):
 garbage-first heap   total 122880K, used 96110K [0x0000000700000000, 0x0000000800000000)
  region size 2048K, 17 young (34816K), 2 survivors (4096K)
 Metaspace       used 79884K, committed 80512K, reserved 1122304K
  class space    used 10707K, committed 11008K, reserved 1048576K
}
Event: 43.637 GC heap after
{Heap after GC invocations=41 (full 0):
 garbage-first heap   total 122880K, used 66470K [0x0000000700000000, 0x0000000800000000)
  region size 2048K, 2 young (4096K), 2 survivors (4096K)
 Metaspace       used 79884K, committed 80512K, reserved 1122304K
  class space    used 10707K, committed 11008K, reserved 1048576K
}
Event: 45.109 GC heap before
{Heap before GC invocations=41 (full 0):
 garbage-first heap   total 122880K, used 99238K [0x0000000700000000, 0x0000000800000000)
  region size 2048K, 18 young (36864K), 2 survivors (4096K)
 Metaspace       used 80777K, committed 81408K, reserved 1122304K
  class space    used 10846K, committed 11136K, reserved 1048576K
}
Event: 45.121 GC heap after
{Heap after GC invocations=42 (full 0):
 garbage-first heap   total 122880K, used 69701K [0x0000000700000000, 0x0000000800000000)
  region size 2048K, 3 young (6144K), 3 survivors (6144K)
 Metaspace       used 80777K, committed 81408K, reserved 1122304K
  class space    used 10846K, committed 11136K, reserved 1048576K
}
Event: 45.906 GC heap before
{Heap before GC invocations=43 (full 0):
 garbage-first heap   total 131072K, used 96325K [0x0000000700000000, 0x0000000800000000)
  region size 2048K, 16 young (32768K), 3 survivors (6144K)
 Metaspace       used 80938K, committed 81536K, reserved 1122304K
  class space    used 10871K, committed 11136K, reserved 1048576K
}
Event: 45.918 GC heap after
{Heap after GC invocations=44 (full 0):
 garbage-first heap   total 131072K, used 70954K [0x0000000700000000, 0x0000000800000000)
  region size 2048K, 1 young (2048K), 1 survivors (2048K)
 Metaspace       used 80938K, committed 81536K, reserved 1122304K
  class space    used 10871K, committed 11136K, reserved 1048576K
}
Event: 47.171 GC heap before
{Heap before GC invocations=44 (full 0):
 garbage-first heap   total 131072K, used 103722K [0x0000000700000000, 0x0000000800000000)
  region size 2048K, 17 young (34816K), 1 survivors (2048K)
 Metaspace       used 81177K, committed 81856K, reserved 1122304K
  class space    used 10908K, committed 11200K, reserved 1048576K
}
Event: 47.177 GC heap after
{Heap after GC invocations=45 (full 0):
 garbage-first heap   total 131072K, used 72724K [0x0000000700000000, 0x0000000800000000)
  region size 2048K, 2 young (4096K), 2 survivors (4096K)
 Metaspace       used 81177K, committed 81856K, reserved 1122304K
  class space    used 10908K, committed 11200K, reserved 1048576K
}
Event: 49.114 GC heap before
{Heap before GC invocations=46 (full 0):
 garbage-first heap   total 131072K, used 105492K [0x0000000700000000, 0x0000000800000000)
  region size 2048K, 18 young (36864K), 2 survivors (4096K)
 Metaspace       used 83968K, committed 84608K, reserved 1122304K
  class space    used 11312K, committed 11584K, reserved 1048576K
}
Event: 49.126 GC heap after
{Heap after GC invocations=47 (full 0):
 garbage-first heap   total 131072K, used 75079K [0x0000000700000000, 0x0000000800000000)
  region size 2048K, 3 young (6144K), 3 survivors (6144K)
 Metaspace       used 83968K, committed 84608K, reserved 1122304K
  class space    used 11312K, committed 11584K, reserved 1048576K
}
Event: 50.986 GC heap before
{Heap before GC invocations=47 (full 0):
 garbage-first heap   total 131072K, used 105799K [0x0000000700000000, 0x0000000800000000)
  region size 2048K, 18 young (36864K), 3 survivors (6144K)
 Metaspace       used 87283K, committed 87936K, reserved 1130496K
  class space    used 11922K, committed 12224K, reserved 1048576K
}
Event: 50.998 GC heap after
{Heap after GC invocations=48 (full 0):
 garbage-first heap   total 131072K, used 77253K [0x0000000700000000, 0x0000000800000000)
  region size 2048K, 3 young (6144K), 3 survivors (6144K)
 Metaspace       used 87283K, committed 87936K, reserved 1130496K
  class space    used 11922K, committed 12224K, reserved 1048576K
}
Event: 52.809 GC heap before
{Heap before GC invocations=49 (full 0):
 garbage-first heap   total 137216K, used 105925K [0x0000000700000000, 0x0000000800000000)
  region size 2048K, 17 young (34816K), 3 survivors (6144K)
 Metaspace       used 88459K, committed 89152K, reserved 1130496K
  class space    used 12088K, committed 12416K, reserved 1048576K
}
Event: 52.821 GC heap after
{Heap after GC invocations=50 (full 0):
 garbage-first heap   total 137216K, used 80839K [0x0000000700000000, 0x0000000800000000)
  region size 2048K, 3 young (6144K), 3 survivors (6144K)
 Metaspace       used 88459K, committed 89152K, reserved 1130496K
  class space    used 12088K, committed 12416K, reserved 1048576K
}

Dll operation events (2 events):
Event: 0.016 Loaded shared library C:\Program Files\Android\Android Studio\jbr\bin\java.dll
Event: 2.088 Loaded shared library C:\Program Files\Android\Android Studio\jbr\bin\verify.dll

Deoptimization events (20 events):
Event: 52.474 Thread 0x000002ca7eadb430 DEOPT PACKING pc=0x000002ca07d8f560 sp=0x000000ec1a6f0590
Event: 52.474 Thread 0x000002ca7eadb430 DEOPT UNPACKING pc=0x000002ca075869a3 sp=0x000000ec1a6f0510 mode 2
Event: 52.474 Thread 0x000002ca7eadb430 Uncommon trap: trap_request=0xffffffc6 fr.pc=0x000002ca07d8f560 relative=0x0000000000003540
Event: 52.474 Thread 0x000002ca7eadb430 Uncommon trap: reason=bimorphic_or_optimized_type_check action=maybe_recompile pc=0x000002ca07d8f560 method=java.util.Arrays.binarySearch0([Ljava/lang/Object;IILjava/lang/Object;Ljava/util/Comparator;)I @ 48 c2
Event: 52.474 Thread 0x000002ca7eadb430 DEOPT PACKING pc=0x000002ca07d8f560 sp=0x000000ec1a6f0590
Event: 52.474 Thread 0x000002ca7eadb430 DEOPT UNPACKING pc=0x000002ca075869a3 sp=0x000000ec1a6f0510 mode 2
Event: 52.474 Thread 0x000002ca7eadb430 Uncommon trap: trap_request=0xffffffc6 fr.pc=0x000002ca07d99c10 relative=0x00000000000033f0
Event: 52.474 Thread 0x000002ca7eadb430 Uncommon trap: reason=bimorphic_or_optimized_type_check action=maybe_recompile pc=0x000002ca07d99c10 method=java.util.Arrays.binarySearch0([Ljava/lang/Object;IILjava/lang/Object;Ljava/util/Comparator;)I @ 48 c2
Event: 52.475 Thread 0x000002ca7eadb430 DEOPT PACKING pc=0x000002ca07d99c10 sp=0x000000ec1a6f04f0
Event: 52.475 Thread 0x000002ca7eadb430 DEOPT UNPACKING pc=0x000002ca075869a3 sp=0x000000ec1a6f0508 mode 2
Event: 52.478 Thread 0x000002ca7eadb430 Uncommon trap: trap_request=0xffffff45 fr.pc=0x000002ca07cc3660 relative=0x0000000000005280
Event: 52.478 Thread 0x000002ca7eadb430 Uncommon trap: reason=unstable_if action=reinterpret pc=0x000002ca07cc3660 method=groovy.lang.MetaClassImpl$1MOPIter.methodNameAction(Ljava/lang/Class;Lorg/codehaus/groovy/runtime/metaclass/MetaMethodIndex$Entry;)V @ 277 c2
Event: 52.479 Thread 0x000002ca7eadb430 DEOPT PACKING pc=0x000002ca07cc3660 sp=0x000000ec1a6f0670
Event: 52.480 Thread 0x000002ca7eadb430 DEOPT UNPACKING pc=0x000002ca075869a3 sp=0x000000ec1a6f0650 mode 2
Event: 52.611 Thread 0x000002ca7eadb430 Uncommon trap: trap_request=0xffffff45 fr.pc=0x000002ca08016718 relative=0x00000000000013f8
Event: 52.615 Thread 0x000002ca7eadb430 Uncommon trap: reason=unstable_if action=reinterpret pc=0x000002ca08016718 method=org.apache.commons.io.FilenameUtils.doNormalize(Ljava/lang/String;CZ)Ljava/lang/String; @ 508 c2
Event: 52.615 Thread 0x000002ca7eadb430 DEOPT PACKING pc=0x000002ca08016718 sp=0x000000ec1a6ef3a0
Event: 52.615 Thread 0x000002ca7eadb430 DEOPT UNPACKING pc=0x000002ca075869a3 sp=0x000000ec1a6ef340 mode 2
Event: 52.659 Thread 0x000002ca7eadb430 DEOPT PACKING pc=0x000002ca00bce974 sp=0x000000ec1a6f0070
Event: 52.659 Thread 0x000002ca7eadb430 DEOPT UNPACKING pc=0x000002ca07587143 sp=0x000000ec1a6ef4d0 mode 0

Classes unloaded (0 events):
No events

Classes redefined (0 events):
No events

Internal exceptions (20 events):
Event: 52.729 Thread 0x000002ca7eadb430 Exception <a 'java/lang/ClassNotFoundException'{0x0000000706aed3d8}: org/gradle/jvm/tasks/JarBeanInfo> (0x0000000706aed3d8) 
thrown [s\src\hotspot\share\classfile\systemDictionary.cpp, line 256]
Event: 52.733 Thread 0x000002ca7eadb430 Exception <a 'java/lang/ClassNotFoundException'{0x0000000706b0f348}: org/gradle/api/tasks/bundling/ZipBeanInfo> (0x0000000706b0f348) 
thrown [s\src\hotspot\share\classfile\systemDictionary.cpp, line 256]
Event: 52.736 Thread 0x000002ca7eadb430 Exception <a 'java/lang/ClassNotFoundException'{0x0000000706b31af0}: org/gradle/api/tasks/bundling/AbstractArchiveTaskBeanInfo> (0x0000000706b31af0) 
thrown [s\src\hotspot\share\classfile\systemDictionary.cpp, line 256]
Event: 52.740 Thread 0x000002ca7eadb430 Exception <a 'java/lang/ClassNotFoundException'{0x0000000706b53b20}: org/gradle/api/tasks/AbstractCopyTaskBeanInfo> (0x0000000706b53b20) 
thrown [s\src\hotspot\share\classfile\systemDictionary.cpp, line 256]
Event: 52.743 Thread 0x000002ca7eadb430 Exception <a 'java/lang/ClassNotFoundException'{0x0000000706b75b68}: org/gradle/api/internal/ConventionTaskBeanInfo> (0x0000000706b75b68) 
thrown [s\src\hotspot\share\classfile\systemDictionary.cpp, line 256]
Event: 52.747 Thread 0x000002ca7eadb430 Exception <a 'java/lang/ClassNotFoundException'{0x0000000706b97c60}: org/gradle/api/internal/ConventionTaskCustomizer> (0x0000000706b97c60) 
thrown [s\src\hotspot\share\classfile\systemDictionary.cpp, line 256]
Event: 52.751 Thread 0x000002ca7eadb430 Exception <a 'java/lang/ClassNotFoundException'{0x0000000706bc9e08}: org/gradle/api/tasks/AbstractCopyTaskCustomizer> (0x0000000706bc9e08) 
thrown [s\src\hotspot\share\classfile\systemDictionary.cpp, line 256]
Event: 52.830 Thread 0x000002ca7eadb430 Exception <a 'java/lang/ClassNotFoundException'{0x0000000708461c20}: org/gradle/api/tasks/bundling/AbstractArchiveTaskCustomizer> (0x0000000708461c20) 
thrown [s\src\hotspot\share\classfile\systemDictionary.cpp, line 256]
Event: 52.838 Thread 0x000002ca7eadb430 Exception <a 'java/lang/ClassNotFoundException'{0x00000007084c2900}: org/gradle/api/tasks/bundling/ZipCustomizer> (0x00000007084c2900) 
thrown [s\src\hotspot\share\classfile\systemDictionary.cpp, line 256]
Event: 52.842 Thread 0x000002ca7eadb430 Exception <a 'java/lang/ClassNotFoundException'{0x0000000708505658}: org/gradle/jvm/tasks/JarCustomizer> (0x0000000708505658) 
thrown [s\src\hotspot\share\classfile\systemDictionary.cpp, line 256]
Event: 52.847 Thread 0x000002ca7eadb430 Exception <a 'java/lang/ClassNotFoundException'{0x000000070854e598}: org/gradle/api/tasks/bundling/JarCustomizer> (0x000000070854e598) 
thrown [s\src\hotspot\share\classfile\systemDictionary.cpp, line 256]
Event: 52.851 Thread 0x000002ca7eadb430 Exception <a 'java/lang/ClassNotFoundException'{0x0000000708590460}: org/gradle/api/tasks/bundling/Jar_DecoratedCustomizer> (0x0000000708590460) 
thrown [s\src\hotspot\share\classfile\systemDictionary.cpp, line 256]
Event: 52.993 Thread 0x000002ca7eadb430 Exception <a 'java/lang/ClassNotFoundException'{0x0000000708310dd8}: org/gradle/api/internal/file/copy/CopySpecWrapper_DecoratedBeanInfo> (0x0000000708310dd8) 
thrown [s\src\hotspot\share\classfile\systemDictionary.cpp, line 256]
Event: 53.000 Thread 0x000002ca7eadb430 Exception <a 'java/lang/ClassNotFoundException'{0x0000000708335800}: org/gradle/api/internal/file/copy/CopySpecWrapperBeanInfo> (0x0000000708335800) 
thrown [s\src\hotspot\share\classfile\systemDictionary.cpp, line 256]
Event: 53.022 Thread 0x000002ca7eadb430 Exception <a 'java/lang/ClassNotFoundException'{0x000000070835a4f8}: org/gradle/api/internal/file/copy/CopySpecWrapperCustomizer> (0x000000070835a4f8) 
thrown [s\src\hotspot\share\classfile\systemDictionary.cpp, line 256]
Event: 53.028 Thread 0x000002ca7eadb430 Exception <a 'java/lang/ClassNotFoundException'{0x00000007083c5b18}: org/gradle/api/internal/file/copy/CopySpecWrapper_DecoratedCustomizer> (0x00000007083c5b18) 
thrown [s\src\hotspot\share\classfile\systemDictionary.cpp, line 256]
Event: 53.081 Thread 0x000002ca7eadb430 Exception <a 'java/lang/ClassNotFoundException'{0x00000007081848f0}: org/gradle/api/tasks/Copy_DecoratedBeanInfo> (0x00000007081848f0) 
thrown [s\src\hotspot\share\classfile\systemDictionary.cpp, line 256]
Event: 53.083 Thread 0x000002ca7eadb430 Exception <a 'java/lang/ClassNotFoundException'{0x00000007081a6498}: org/gradle/api/tasks/CopyBeanInfo> (0x00000007081a6498) 
thrown [s\src\hotspot\share\classfile\systemDictionary.cpp, line 256]
Event: 53.085 Thread 0x000002ca7eadb430 Exception <a 'java/lang/ClassNotFoundException'{0x00000007081c7d98}: org/gradle/api/tasks/CopyCustomizer> (0x00000007081c7d98) 
thrown [s\src\hotspot\share\classfile\systemDictionary.cpp, line 256]
Event: 53.089 Thread 0x000002ca7eadb430 Exception <a 'java/lang/ClassNotFoundException'{0x00000007081ff578}: org/gradle/api/tasks/Copy_DecoratedCustomizer> (0x00000007081ff578) 
thrown [s\src\hotspot\share\classfile\systemDictionary.cpp, line 256]

VM Operations (20 events):
Event: 49.114 Executing VM operation: G1CollectForAllocation
Event: 49.126 Executing VM operation: G1CollectForAllocation done
Event: 50.132 Executing VM operation: Cleanup
Event: 50.148 Executing VM operation: Cleanup done
Event: 50.985 Executing VM operation: G1CollectForAllocation
Event: 50.999 Executing VM operation: G1CollectForAllocation done
Event: 51.225 Executing VM operation: G1Concurrent
Event: 51.273 Executing VM operation: G1Concurrent done
Event: 51.359 Executing VM operation: G1Concurrent
Event: 51.390 Executing VM operation: G1Concurrent done
Event: 51.918 Executing VM operation: HandshakeAllThreads
Event: 51.918 Executing VM operation: HandshakeAllThreads done
Event: 52.474 Executing VM operation: HandshakeAllThreads
Event: 52.475 Executing VM operation: HandshakeAllThreads done
Event: 52.475 Executing VM operation: Cleanup
Event: 52.477 Executing VM operation: Cleanup done
Event: 52.585 Executing VM operation: HandshakeAllThreads
Event: 52.611 Executing VM operation: HandshakeAllThreads done
Event: 52.808 Executing VM operation: G1CollectForAllocation
Event: 52.822 Executing VM operation: G1CollectForAllocation done

Events (20 events):
Event: 52.628 Thread 0x000002ca7dc345d0 flushing nmethod 0x000002ca00a0a690
Event: 52.628 Thread 0x000002ca7dc345d0 flushing nmethod 0x000002ca00a0ac10
Event: 52.628 Thread 0x000002ca7dc345d0 flushing nmethod 0x000002ca00a4a610
Event: 52.628 Thread 0x000002ca7dc345d0 flushing nmethod 0x000002ca00a6a690
Event: 52.629 Thread 0x000002ca7dc345d0 flushing nmethod 0x000002ca00a88090
Event: 52.629 Thread 0x000002ca7dc345d0 flushing nmethod 0x000002ca00b2a590
Event: 52.629 Thread 0x000002ca7dc345d0 flushing nmethod 0x000002ca00b2fb90
Event: 52.629 Thread 0x000002ca7dc345d0 flushing nmethod 0x000002ca00b33810
Event: 52.631 Thread 0x000002ca7dc345d0 flushing nmethod 0x000002ca00c79810
Event: 52.631 Thread 0x000002ca7dc345d0 flushing nmethod 0x000002ca00c7a090
Event: 52.631 Thread 0x000002ca7dc345d0 flushing nmethod 0x000002ca00c7cc90
Event: 52.631 Thread 0x000002ca7dc345d0 flushing nmethod 0x000002ca00c7e090
Event: 52.631 Thread 0x000002ca7dc345d0 flushing nmethod 0x000002ca00c7fc10
Event: 52.631 Thread 0x000002ca7dc345d0 flushing nmethod 0x000002ca00c88890
Event: 52.631 Thread 0x000002ca7dc345d0 flushing nmethod 0x000002ca00ca3c90
Event: 52.631 Thread 0x000002ca7dc345d0 flushing nmethod 0x000002ca00cb2610
Event: 52.631 Thread 0x000002ca7dc345d0 flushing nmethod 0x000002ca00cb2d10
Event: 52.631 Thread 0x000002ca7dc345d0 flushing nmethod 0x000002ca00cce890
Event: 52.808 loading class java/io/FilterReader
Event: 52.808 loading class java/io/FilterReader done


Dynamic libraries:
0x00007ff7ef6a0000 - 0x00007ff7ef6aa000 	C:\Program Files\Android\Android Studio\jbr\bin\java.exe
0x00007ffff6170000 - 0x00007ffff6368000 	C:\Windows\SYSTEM32\ntdll.dll
0x00007ffff42b0000 - 0x00007ffff436d000 	C:\Windows\System32\KERNEL32.DLL
0x00007ffff3850000 - 0x00007ffff3b46000 	C:\Windows\System32\KERNELBASE.dll
0x00007ffff4040000 - 0x00007ffff4140000 	C:\Windows\System32\ucrtbase.dll
0x00007fffd1ed0000 - 0x00007fffd1ee7000 	C:\Program Files\Android\Android Studio\jbr\bin\jli.dll
0x00007ffff4ee0000 - 0x00007ffff507e000 	C:\Windows\System32\USER32.dll
0x00007ffff3d50000 - 0x00007ffff3d72000 	C:\Windows\System32\win32u.dll
0x00007ffff41d0000 - 0x00007ffff41fc000 	C:\Windows\System32\GDI32.dll
0x00007ffff3d80000 - 0x00007ffff3e9a000 	C:\Windows\System32\gdi32full.dll
0x00007ffff3fa0000 - 0x00007ffff403d000 	C:\Windows\System32\msvcp_win.dll
0x00007fffd1eb0000 - 0x00007fffd1ecb000 	C:\Program Files\Android\Android Studio\jbr\bin\VCRUNTIME140.dll
0x00007fffe4d20000 - 0x00007fffe4fba000 	C:\Windows\WinSxS\amd64_microsoft.windows.common-controls_6595b64144ccf1df_6.0.19041.3636_none_60b6a03d71f818d5\COMCTL32.dll
0x00007ffff4370000 - 0x00007ffff440e000 	C:\Windows\System32\msvcrt.dll
0x00007ffff4c00000 - 0x00007ffff4c30000 	C:\Windows\System32\IMM32.DLL
0x00007fffd8b10000 - 0x00007fffd8b1c000 	C:\Program Files\Android\Android Studio\jbr\bin\vcruntime140_1.dll
0x00007fffc09e0000 - 0x00007fffc0a6d000 	C:\Program Files\Android\Android Studio\jbr\bin\msvcp140.dll
0x00007fff7a130000 - 0x00007fff7ad9e000 	C:\Program Files\Android\Android Studio\jbr\bin\server\jvm.dll
0x00007ffff5c10000 - 0x00007ffff5cbf000 	C:\Windows\System32\ADVAPI32.dll
0x00007ffff4b60000 - 0x00007ffff4bfc000 	C:\Windows\System32\sechost.dll
0x00007ffff5a70000 - 0x00007ffff5b96000 	C:\Windows\System32\RPCRT4.dll
0x00007fffdc8b0000 - 0x00007fffdc8b9000 	C:\Windows\SYSTEM32\WSOCK32.dll
0x00007ffff5ba0000 - 0x00007ffff5c0b000 	C:\Windows\System32\WS2_32.dll
0x00007fffe6760000 - 0x00007fffe6787000 	C:\Windows\SYSTEM32\WINMM.dll
0x00007fffe76e0000 - 0x00007fffe76ea000 	C:\Windows\SYSTEM32\VERSION.dll
0x00007ffff2060000 - 0x00007ffff2072000 	C:\Windows\SYSTEM32\kernel.appcore.dll
0x00007fffd1ea0000 - 0x00007fffd1eaa000 	C:\Program Files\Android\Android Studio\jbr\bin\jimage.dll
0x00007ffff15b0000 - 0x00007ffff1794000 	C:\Windows\SYSTEM32\DBGHELP.DLL
0x00007fffe7390000 - 0x00007fffe73c4000 	C:\Windows\SYSTEM32\dbgcore.DLL
0x00007ffff4140000 - 0x00007ffff41c2000 	C:\Windows\System32\bcryptPrimitives.dll
0x00007fffd03c0000 - 0x00007fffd03e5000 	C:\Program Files\Android\Android Studio\jbr\bin\java.dll
0x00007fffd0280000 - 0x00007fffd0298000 	C:\Program Files\Android\Android Studio\jbr\bin\zip.dll
0x00007ffff4410000 - 0x00007ffff4b55000 	C:\Windows\System32\SHELL32.dll
0x00007ffff18b0000 - 0x00007ffff204b000 	C:\Windows\SYSTEM32\windows.storage.dll
0x00007ffff5580000 - 0x00007ffff58d4000 	C:\Windows\System32\combase.dll
0x00007ffff30e0000 - 0x00007ffff310d000 	C:\Windows\SYSTEM32\Wldp.dll
0x00007ffff4200000 - 0x00007ffff42ad000 	C:\Windows\System32\SHCORE.dll
0x00007ffff4e00000 - 0x00007ffff4e55000 	C:\Windows\System32\shlwapi.dll
0x00007ffff3780000 - 0x00007ffff37a5000 	C:\Windows\SYSTEM32\profapi.dll
0x00007fffc4cd0000 - 0x00007fffc4ce9000 	C:\Program Files\Android\Android Studio\jbr\bin\net.dll
0x00007fffe8340000 - 0x00007fffe844a000 	C:\Windows\SYSTEM32\WINHTTP.dll
0x00007ffff2ec0000 - 0x00007ffff2f2a000 	C:\Windows\system32\mswsock.dll
0x00007fffc34f0000 - 0x00007fffc3506000 	C:\Program Files\Android\Android Studio\jbr\bin\nio.dll
0x00007fffd03b0000 - 0x00007fffd03c0000 	C:\Program Files\Android\Android Studio\jbr\bin\verify.dll
0x00007fffcffd0000 - 0x00007fffcfff7000 	C:\Users\Admin\.gradle\native\e1d6ef7f7dcc3fd88c89a11ec53ec762bb8ba0a96d01ffa2cd45eb1d1d8dd5c5\windows-amd64\native-platform.dll
0x00007fffbb3b0000 - 0x00007fffbb4f4000 	C:\Users\Admin\.gradle\native\0d407fdbe67a94daf76414ababcb853783967236a71b16ec16e742cd7a986fd3\windows-amd64\native-platform-file-events.dll
0x00007fffc4ff0000 - 0x00007fffc4ff9000 	C:\Program Files\Android\Android Studio\jbr\bin\management.dll
0x00007fffc09a0000 - 0x00007fffc09ab000 	C:\Program Files\Android\Android Studio\jbr\bin\management_ext.dll
0x00007ffff4de0000 - 0x00007ffff4de8000 	C:\Windows\System32\PSAPI.DLL
0x00007ffff3120000 - 0x00007ffff3138000 	C:\Windows\SYSTEM32\CRYPTSP.dll
0x00007ffff2810000 - 0x00007ffff2844000 	C:\Windows\system32\rsaenh.dll
0x00007ffff3bc0000 - 0x00007ffff3be7000 	C:\Windows\System32\bcrypt.dll
0x00007ffff3740000 - 0x00007ffff376e000 	C:\Windows\SYSTEM32\USERENV.dll
0x00007ffff3050000 - 0x00007ffff305c000 	C:\Windows\SYSTEM32\CRYPTBASE.dll
0x00007ffff2bd0000 - 0x00007ffff2c0b000 	C:\Windows\SYSTEM32\IPHLPAPI.DLL
0x00007ffff4df0000 - 0x00007ffff4df8000 	C:\Windows\System32\NSI.dll
0x00007fffebf30000 - 0x00007fffebf47000 	C:\Windows\SYSTEM32\dhcpcsvc6.DLL
0x00007fffea990000 - 0x00007fffea9ad000 	C:\Windows\SYSTEM32\dhcpcsvc.DLL
0x00007ffff2c10000 - 0x00007ffff2cda000 	C:\Windows\SYSTEM32\DNSAPI.dll
0x00007fffc0500000 - 0x00007fffc0507000 	C:\Windows\system32\wshunix.dll

dbghelp: loaded successfully - version: 4.0.5 - missing functions: none
symbol engine: initialized successfully - sym options: 0x614 - pdb path: .;C:\Program Files\Android\Android Studio\jbr\bin;C:\Windows\SYSTEM32;C:\Windows\WinSxS\amd64_microsoft.windows.common-controls_6595b64144ccf1df_6.0.19041.3636_none_60b6a03d71f818d5;C:\Program Files\Android\Android Studio\jbr\bin\server;C:\Users\Admin\.gradle\native\e1d6ef7f7dcc3fd88c89a11ec53ec762bb8ba0a96d01ffa2cd45eb1d1d8dd5c5\windows-amd64;C:\Users\Admin\.gradle\native\0d407fdbe67a94daf76414ababcb853783967236a71b16ec16e742cd7a986fd3\windows-amd64

VM Arguments:
jvm_args: --add-opens=java.base/java.util=ALL-UNNAMED --add-opens=java.base/java.lang=ALL-UNNAMED --add-opens=java.base/java.lang.invoke=ALL-UNNAMED --add-opens=java.base/java.util=ALL-UNNAMED --add-opens=java.prefs/java.util.prefs=ALL-UNNAMED --add-opens=java.prefs/java.util.prefs=ALL-UNNAMED --add-opens=java.base/java.nio.charset=ALL-UNNAMED --add-opens=java.base/java.net=ALL-UNNAMED --add-opens=java.base/java.util.concurrent.atomic=ALL-UNNAMED -Xmx4G -Dfile.encoding=windows-1252 -Duser.country=US -Duser.language=en -Duser.variant 
java_command: org.gradle.launcher.daemon.bootstrap.GradleDaemon 7.5
java_class_path (initial): C:\Users\Admin\.gradle\wrapper\dists\gradle-7.5-all\6qsw290k5lz422uaf8jf6m7co\gradle-7.5\lib\gradle-launcher-7.5.jar
Launcher Type: SUN_STANDARD

[Global flags]
     intx CICompilerCount                          = 3                                         {product} {ergonomic}
     uint ConcGCThreads                            = 1                                         {product} {ergonomic}
     uint G1ConcRefinementThreads                  = 4                                         {product} {ergonomic}
   size_t G1HeapRegionSize                         = 2097152                                   {product} {ergonomic}
    uintx GCDrainStackTargetSize                   = 64                                        {product} {ergonomic}
   size_t InitialHeapSize                          = 134217728                                 {product} {ergonomic}
   size_t MarkStackSize                            = 4194304                                   {product} {ergonomic}
   size_t MaxHeapSize                              = 4294967296                                {product} {command line}
   size_t MaxNewSize                               = 2575302656                                {product} {ergonomic}
   size_t MinHeapDeltaBytes                        = 2097152                                   {product} {ergonomic}
   size_t MinHeapSize                              = 8388608                                   {product} {ergonomic}
    uintx NonNMethodCodeHeapSize                   = 5832780                                {pd product} {ergonomic}
    uintx NonProfiledCodeHeapSize                  = 122912730                              {pd product} {ergonomic}
    uintx ProfiledCodeHeapSize                     = 122912730                              {pd product} {ergonomic}
    uintx ReservedCodeCacheSize                    = 251658240                              {pd product} {ergonomic}
     bool SegmentedCodeCache                       = true                                      {product} {ergonomic}
   size_t SoftMaxHeapSize                          = 4294967296                             {manageable} {ergonomic}
     bool UseCompressedClassPointers               = true                           {product lp64_product} {ergonomic}
     bool UseCompressedOops                        = true                           {product lp64_product} {ergonomic}
     bool UseG1GC                                  = true                                      {product} {ergonomic}
     bool UseLargePagesIndividualAllocation        = false                                  {pd product} {ergonomic}

Logging:
Log output configuration:
 #0: stdout all=warning uptime,level,tags
 #1: stderr all=off uptime,level,tags

Environment Variables:
JAVA_HOME=C:\Program Files\Android\Android Studio\jbr
CLASSPATH=H:\my-P-flutter\quran_app\android\\gradle\wrapper\gradle-wrapper.jar
PATH=C:\Program Files\Android\Android Studio\jbr\bin;G:\src\flutter\bin\;C:\Program Files\Common Files\Oracle\Java\javapath;C:\Windows\system32;C:\Windows;C:\Windows\System32\Wbem;C:\Windows\System32\WindowsPowerShell\v1.0\;C:\Windows\System32\OpenSSH\;C:\Program Files\Git\cmd;C:\Program Files\Microsoft SQL Server\150\Tools\Binn\;C:\Program Files (x86)\Windows Kits\10\Windows Performance Toolkit\;C:\Program Files\Microsoft SQL Server\Client SDK\ODBC\170\Tools\Binn\;C:\Program Files\dotnet\;C:\Program Files (x86)\Incredibuild;C:\Program Files\nodejs\;C:\Program Files\Git LFS;C:\Users\Admin\AppData\Local\Microsoft\WindowsApps;C:\Users\Admin\Desktop\Devolpment Flutter\flutter\bin;C:\Users\Admin\Desktop\flutter projects;C:\Users\Admin\.dotnet\tools;C:\Users\Admin\AppData\Local\Pub\Cache\bin;C:\Users\Admin\AppData\Roaming\npm;C:\Program Files\Java\jdk-21\bin;G:\src\flutter\bin;C:\Users\Admin\AppData\Local\Programs\Microsoft VS Code\bin;G:\src\flutter\bin\mingit\cmd
USERNAME=Admin
LANG=en_US.UTF-8
OS=Windows_NT
PROCESSOR_IDENTIFIER=Intel64 Family 6 Model 58 Stepping 9, GenuineIntel
TMP=C:\Users\Admin\AppData\Local\Temp
TEMP=C:\Users\Admin\AppData\Local\Temp


JNI global refs:
JNI global refs: 24, weak refs: 2

JNI global refs memory usage: 843, weak refs: 841


---------------  S Y S T E M  ---------------

OS:
 Windows 10 , 64 bit Build 19041 (10.0.19041.3636)
OS uptime: 0 days 0:40 hours
Hyper-V role detected

CPU: total 4 (initial active 4) (2 cores per cpu, 2 threads per core) family 6 model 58 stepping 9 microcode 0x21, cx8, cmov, fxsr, ht, mmx, sse, sse2, sse3, ssse3, sse4.1, sse4.2, popcnt, tsc, tscinvbit, avx, aes, erms, clmul, vzeroupper, clflush, hv

Memory: 4k page, system-wide physical 8077M (1212M free)
TotalPageFile size 9004M (AvailPageFile size 5M)
current process WorkingSet (physical memory assigned to process): 378M, peak: 381M
current process commit charge ("private bytes"): 405M, peak: 409M

vm_info: OpenJDK 64-Bit Server VM (17.0.6+0-b2043.56-10027231) for windows-amd64 JRE (17.0.6+0-b2043.56-10027231), built on Apr 28 2023 00:43:19 by "androidbuild" with MS VC++ 16.10 / 16.11 (VS2019)

END.
