#
# A fatal error has been detected by the Java Runtime Environment:
#
#  EXCEPTION_UNCAUGHT_CXX_EXCEPTION (0xe06d7363) at pc=0x00007ffff387cf19, pid=11504, tid=1184
#
# JRE version: OpenJDK Runtime Environment (17.0.6) (build 17.0.6+0-b2043.56-10027231)
# Java VM: OpenJDK 64-Bit Server VM (17.0.6+0-b2043.56-10027231, mixed mode, tiered, compressed oops, compressed class ptrs, g1 gc, windows-amd64)
# Problematic frame:
# C  [KERNELBASE.dll+0x2cf19]
#
# No core dump will be written. Minidumps are not enabled by default on client versions of Windows
#
# If you would like to submit a bug report, please visit:
#   https://bugreport.java.com/bugreport/crash.jsp
#

---------------  S U M M A R Y ------------

Command Line: -Dorg.gradle.appname=gradlew org.gradle.wrapper.GradleWrapperMain -q -Ptarget-platform=android-arm64 -Ptarget=H:\my-P-flutter\quran_app\lib\main.dart -Pbase-application-name=android.app.Application -Pdart-defines=RkxVVFRFUl9XRUJfQVVUT19ERVRFQ1Q9dHJ1ZQ==,RkxVVFRFUl9XRUJfQ0FOVkFTS0lUX1VSTD1odHRwczovL3d3dy5nc3RhdGljLmNvbS9mbHV0dGVyLWNhbnZhc2tpdC8zZjNlNTYwMjM2NTM5YjdlMjcwMmY1YWM3OTBiMmE0NjkxYjMyZDQ5Lw== -Pdart-obfuscation=false -Ptrack-widget-creation=true -Ptree-shake-icons=false -Pfilesystem-scheme=org-dartlang-root assembleDebug

Host: Intel(R) Core(TM) i5-3317U CPU @ 1.70GHz, 4 cores, 7G,  Windows 10 , 64 bit Build 19041 (10.0.19041.3636)
Time: Mon Jan  8 21:23:21 2024 Pacific Standard Time elapsed time: 13.231514 seconds (0d 0h 0m 13s)

---------------  T H R E A D  ---------------

Current thread (0x000001195b9a32f0):  JavaThread "Exec process" [_thread_in_vm, id=1184, stack(0x0000001271d00000,0x0000001271e00000)]

Stack: [0x0000001271d00000,0x0000001271e00000],  sp=0x0000001271dfe450,  free space=1017k
Native frames: (J=compiled Java code, j=interpreted, Vv=VM code, C=native code)
C  [KERNELBASE.dll+0x2cf19]
C  [VCRUNTIME140.dll+0x6480]
C  [jimage.dll+0x32a3]
C  [jimage.dll+0x2a1d]
C  [jimage.dll+0x145b]
C  [jimage.dll+0x1e9f]
C  [jimage.dll+0x1f36]
C  [jimage.dll+0x266e]
V  [jvm.dll+0x1f5b4d]
V  [jvm.dll+0x1f4682]
V  [jvm.dll+0x7bc7cb]
V  [jvm.dll+0x7bdc12]
V  [jvm.dll+0x7bdf48]
V  [jvm.dll+0x24190e]
V  [jvm.dll+0x38437e]
C  0x000001194ac9b525

Java frames: (J=compiled Java code, j=interpreted, Vv=VM code)
j  java.util.regex.Matcher.toMatchResult(Ljava/lang/String;)Ljava/util/regex/MatchResult;+0 java.base@17.0.6
j  java.util.regex.Matcher.toMatchResult()Ljava/util/regex/MatchResult;+10 java.base@17.0.6
j  java.util.Scanner.match()Ljava/util/regex/MatchResult;+22 java.base@17.0.6
j  java.util.Scanner.nextLine()Ljava/lang/String;+54 java.base@17.0.6
j  org.gradle.launcher.daemon.bootstrap.DaemonOutputConsumer.start()V+64
j  org.gradle.process.internal.DefaultExecHandle$CompositeStreamsHandler.start()V+19
j  org.gradle.process.internal.ExecHandleRunner.run()V+25
j  org.gradle.internal.operations.CurrentBuildOperationPreservingRunnable.run()V+11
j  org.gradle.internal.concurrent.ExecutorPolicy$CatchAndRecordFailures.onExecute(Ljava/lang/Runnable;)V+1
j  org.gradle.internal.concurrent.ManagedExecutorImpl$1.run()V+25
j  java.util.concurrent.ThreadPoolExecutor.runWorker(Ljava/util/concurrent/ThreadPoolExecutor$Worker;)V+92 java.base@17.0.6
j  java.util.concurrent.ThreadPoolExecutor$Worker.run()V+5 java.base@17.0.6
j  java.lang.Thread.run()V+11 java.base@17.0.6
v  ~StubRoutines::call_stub

siginfo: EXCEPTION_UNCAUGHT_CXX_EXCEPTION (0xe06d7363), ExceptionInformation=0x0000000019930520 0x0000001271dfe5b0 0x00007fffd1ea5198 0x00007fffd1ea0000 


Register to memory mapping:

RIP=0x00007ffff387cf19 KERNELBASE.dll
RAX=0x0 is NULL
RBX=0x00007fffd1ea5198 jimage.dll
RCX=0x0000000059d95108 is an unknown value
RDX=0x0 is NULL
RSP=0x0000001271dfe450 is pointing into the stack for thread: 0x000001195b9a32f0
RBP=0x0000001271dfe6e0 is pointing into the stack for thread: 0x000001195b9a32f0
RSI=0x0000001271dfe5b0 is pointing into the stack for thread: 0x000001195b9a32f0
RDI=0x0000000019930520 is an unknown value
R8 =0x80ec81485b75c1e8 is an unknown value
R9 =0x4411fbc528244489 is an unknown value
R10=0x8910244c89441824 is an unknown value
R11=0x0000000059fa9b90 is an unknown value
R12=0x0000000000000865 is an unknown value
R13=0x000001195a2f4e00 points into unknown readable memory: 0x6974752f6176616a | 6a 61 76 61 2f 75 74 69
R14=0x000001195b8d8c90 points into unknown readable memory: 0x000001195a13bf00 | 00 bf 13 5a 19 01 00 00
R15=0x000001195b8d8c90 points into unknown readable memory: 0x000001195a13bf00 | 00 bf 13 5a 19 01 00 00


Registers:
RAX=0x0000000000000000, RBX=0x00007fffd1ea5198, RCX=0x0000000059d95108, RDX=0x0000000000000000
RSP=0x0000001271dfe450, RBP=0x0000001271dfe6e0, RSI=0x0000001271dfe5b0, RDI=0x0000000019930520
R8 =0x80ec81485b75c1e8, R9 =0x4411fbc528244489, R10=0x8910244c89441824, R11=0x0000000059fa9b90
R12=0x0000000000000865, R13=0x000001195a2f4e00, R14=0x000001195b8d8c90, R15=0x000001195b8d8c90
RIP=0x00007ffff387cf19, EFLAGS=0x0000000000000202

Top of Stack: (sp=0x0000001271dfe450)
0x0000001271dfe450:   000001193e0b0000 00007fffd1ea5198
0x0000001271dfe460:   0000001271dfe5b0 0000000000000000
0x0000001271dfe470:   00000001e06d7363 0000000000000000
0x0000001271dfe480:   00007ffff387cf19 0000011900000004
0x0000001271dfe490:   0000000019930520 0000001271dfe5b0
0x0000001271dfe4a0:   00007fffd1ea5198 00007fffd1ea0000
0x0000001271dfe4b0:   000001195a2f4e00 0000000000000865
0x0000001271dfe4c0:   0000001271dfe5b0 0000001271dfe6e0
0x0000001271dfe4d0:   0000001271dfe550 00007ffff61a4a5f
0x0000001271dfe4e0:   0000000019930520 0000011900000000
0x0000001271dfe4f0:   0000000000000038 00007ffff61c07c0
0x0000001271dfe500:   00007fffd1ea7000 00007fffd1ea0000
0x0000001271dfe510:   00005181f2affb0d 00007ffff38a0fbb
0x0000001271dfe520:   00007fffd1ea5198 00007fffd1eb6480
0x0000001271dfe530:   00003cb9398bfdc3 000000006def1d64
0x0000001271dfe540:   0000000000000008 00007ffff40439ce 

Instructions: (pc=0x00007ffff387cf19)
0x00007ffff387ce19:   09 00 48 8b 84 24 b8 00 00 00 48 8b 8c 24 b0 05
0x00007ffff387ce29:   00 00 48 33 cc e8 2d 8a 06 00 48 81 c4 c0 05 00
0x00007ffff387ce39:   00 41 5f 41 5e 41 5d 5e 5b c3 cc 48 ff 15 fd 7f
0x00007ffff387ce49:   1b 00 0f 1f 44 00 00 eb b0 cc cc cc cc cc cc cc
0x00007ffff387ce59:   cc cc cc cc cc cc cc 40 53 48 83 ec 30 48 8b d1
0x00007ffff387ce69:   48 8d 4c 24 20 e8 5d 23 00 00 85 c0 74 26 48 8b
0x00007ffff387ce79:   4c 24 28 e8 ef 38 00 00 48 8d 4c 24 20 8b d8 48
0x00007ffff387ce89:   ff 15 01 7a 1b 00 0f 1f 44 00 00 8b c3 48 83 c4
0x00007ffff387ce99:   30 5b c3 cc 83 c8 ff eb f4 cc cc cc cc cc cc cc
0x00007ffff387cea9:   cc cc cc cc cc cc cc 48 81 ec d8 00 00 00 48 8b
0x00007ffff387ceb9:   05 e2 9f 28 00 48 33 c4 48 89 84 24 c0 00 00 00
0x00007ffff387cec9:   48 83 64 24 28 00 48 8d 05 da ff ff ff 83 e2 01
0x00007ffff387ced9:   89 4c 24 20 89 54 24 24 48 89 44 24 30 4d 85 c9
0x00007ffff387cee9:   74 4c b8 0f 00 00 00 48 8d 4c 24 40 44 3b c0 49
0x00007ffff387cef9:   8b d1 44 0f 47 c0 44 89 44 24 38 49 c1 e0 03 e8
0x00007ffff387cf09:   3a 99 08 00 48 8d 4c 24 20 48 ff 15 4f 81 1b 00
0x00007ffff387cf19:   0f 1f 44 00 00 48 8b 8c 24 c0 00 00 00 48 33 cc
0x00007ffff387cf29:   e8 32 89 06 00 48 81 c4 d8 00 00 00 c3 cc 83 64
0x00007ffff387cf39:   24 38 00 eb cf cc cc cc cc cc cc cc cc cc cc cc
0x00007ffff387cf49:   cc cc cc cc cc cc cc 65 48 8b 04 25 30 00 00 00
0x00007ffff387cf59:   8b 40 68 c3 cc cc cc cc cc cc cc cc cc cc cc cc
0x00007ffff387cf69:   cc cc cc cc cc cc cc 48 89 5c 24 10 48 89 74 24
0x00007ffff387cf79:   18 57 41 54 41 55 41 56 41 57 48 81 ec b0 02 00
0x00007ffff387cf89:   00 48 8b 05 0f 9f 28 00 48 33 c4 48 89 84 24 a0
0x00007ffff387cf99:   02 00 00 48 8d 15 1f e6 1b 00 48 85 c9 48 0f 45
0x00007ffff387cfa9:   d1 48 89 94 24 80 00 00 00 48 83 c8 ff 48 ff c0
0x00007ffff387cfb9:   80 3c 02 00 75 f7 48 ff c0 48 89 84 24 88 00 00
0x00007ffff387cfc9:   00 48 89 94 24 90 00 00 00 4c 8d 8c 24 88 00 00
0x00007ffff387cfd9:   00 33 d2 b9 06 00 01 40 44 8d 42 02 e8 c6 fe ff
0x00007ffff387cfe9:   ff e9 f0 01 00 00 33 f6 48 89 74 24 60 45 33 ff
0x00007ffff387cff9:   4c 89 7c 24 48 45 33 f6 4c 89 74 24 58 33 ff 48
0x00007ffff387d009:   89 7c 24 50 e8 3e ff ff ff 89 44 24 40 48 39 35 


Stack slot to memory mapping:
stack at sp + 0 slots: 0x000001193e0b0000 points into unknown readable memory: 0x0000000000000000 | 00 00 00 00 00 00 00 00
stack at sp + 1 slots: 0x00007fffd1ea5198 jimage.dll
stack at sp + 2 slots: 0x0000001271dfe5b0 is pointing into the stack for thread: 0x000001195b9a32f0
stack at sp + 3 slots: 0x0 is NULL
stack at sp + 4 slots: 0x00000001e06d7363 is an unknown value
stack at sp + 5 slots: 0x0 is NULL
stack at sp + 6 slots: 0x00007ffff387cf19 KERNELBASE.dll
stack at sp + 7 slots: 0x0000011900000004 is an unknown value


---------------  P R O C E S S  ---------------

Threads class SMR info:
_java_thread_list=0x000001195bcf6580, length=15, elements={
0x00000119402802b0, 0x00000119597684e0, 0x0000011959769260, 0x00000119597752a0,
0x000001195979dfb0, 0x000001195979e870, 0x000001195a118440, 0x000001195a119030,
0x000001195a188400, 0x000001195a18a920, 0x000001195a286a80, 0x000001195a28c200,
0x000001195b930710, 0x000001195b9a32f0, 0x000001195b9a37c0
}
_to_delete_list=0x000001195bcf6340, length=16, elements={
0x00000119402802b0, 0x00000119597684e0, 0x0000011959769260, 0x00000119597752a0,
0x000001195979dfb0, 0x000001195979e870, 0x000001195a118440, 0x000001195a119030,
0x000001195a188400, 0x000001195a18a920, 0x000001195a286a80, 0x000001195a28c200,
0x000001195b930710, 0x000001195b9a32f0, 0x000001195b9f37f0, 0x000001195b9a37c0
}

Java Threads: ( => current thread )
  0x00000119402802b0 JavaThread "main" [_thread_blocked, id=3348, stack(0x0000001270600000,0x0000001270700000)]
  0x00000119597684e0 JavaThread "Reference Handler" daemon [_thread_blocked, id=12468, stack(0x0000001270d00000,0x0000001270e00000)]
  0x0000011959769260 JavaThread "Finalizer" daemon [_thread_blocked, id=11068, stack(0x0000001270e00000,0x0000001270f00000)]
  0x00000119597752a0 JavaThread "Signal Dispatcher" daemon [_thread_blocked, id=10792, stack(0x0000001270f00000,0x0000001271000000)]
  0x000001195979dfb0 JavaThread "Attach Listener" daemon [_thread_blocked, id=1080, stack(0x0000001271000000,0x0000001271100000)]
  0x000001195979e870 JavaThread "Service Thread" daemon [_thread_blocked, id=9580, stack(0x0000001271100000,0x0000001271200000)]
  0x000001195a118440 JavaThread "Monitor Deflation Thread" daemon [_thread_blocked, id=4668, stack(0x0000001271200000,0x0000001271300000)]
  0x000001195a119030 JavaThread "C2 CompilerThread0" daemon [_thread_blocked, id=5052, stack(0x0000001271300000,0x0000001271400000)]
  0x000001195a188400 JavaThread "C1 CompilerThread0" daemon [_thread_in_native, id=5296, stack(0x0000001271400000,0x0000001271500000)]
  0x000001195a18a920 JavaThread "Sweeper thread" daemon [_thread_blocked, id=13756, stack(0x0000001271500000,0x0000001271600000)]
  0x000001195a286a80 JavaThread "Notification Thread" daemon [_thread_blocked, id=7604, stack(0x0000001271600000,0x0000001271700000)]
  0x000001195a28c200 JavaThread "Common-Cleaner" daemon [_thread_blocked, id=14020, stack(0x0000001271800000,0x0000001271900000)]
  0x000001195b930710 JavaThread "pool-1-thread-1" [_thread_blocked, id=11756, stack(0x0000001271c00000,0x0000001271d00000)]
=>0x000001195b9a32f0 JavaThread "Exec process" [_thread_in_vm, id=1184, stack(0x0000001271d00000,0x0000001271e00000)]
  0x000001195b9a37c0 JavaThread "Exec process Thread 2" [_thread_blocked, id=5140, stack(0x0000001271f00000,0x0000001272000000)]

Other Threads:
  0x000001195974bbd0 VMThread "VM Thread" [stack: 0x0000001270c00000,0x0000001270d00000] [id=12888]
  0x000001195a286f50 WatcherThread [stack: 0x0000001271700000,0x0000001271800000] [id=15784]
  0x00000119402da660 GCTaskThread "GC Thread#0" [stack: 0x0000001270700000,0x0000001270800000] [id=6104]
  0x000001195a5da2f0 GCTaskThread "GC Thread#1" [stack: 0x0000001271900000,0x0000001271a00000] [id=10208]
  0x000001195a51c080 GCTaskThread "GC Thread#2" [stack: 0x0000001271a00000,0x0000001271b00000] [id=3752]
  0x000001195a76b7e0 GCTaskThread "GC Thread#3" [stack: 0x0000001271b00000,0x0000001271c00000] [id=2396]
  0x00000119402eb130 ConcurrentGCThread "G1 Main Marker" [stack: 0x0000001270800000,0x0000001270900000] [id=1448]
  0x00000119402eba50 ConcurrentGCThread "G1 Conc#0" [stack: 0x0000001270900000,0x0000001270a00000] [id=2164]
  0x000001194034d0d0 ConcurrentGCThread "G1 Refine#0" [stack: 0x0000001270a00000,0x0000001270b00000] [id=9004]
  0x000001194034da00 ConcurrentGCThread "G1 Service" [stack: 0x0000001270b00000,0x0000001270c00000] [id=1788]

Threads with active compile tasks:
C1 CompilerThread0    13541 1391       3       java.util.concurrent.ScheduledThreadPoolExecutor::canRunInCurrentRunState (61 bytes)

VM state: not at safepoint (normal execution)

VM Mutex/Monitor currently owned by a thread: None

Heap address: 0x0000000081c00000, size: 2020 MB, Compressed Oops mode: 32-bit

CDS archive(s) not mapped
Compressed class space mapped at: 0x0000000100000000-0x0000000140000000, reserved size: 1073741824
Narrow klass base: 0x0000000000000000, Narrow klass shift: 3, Narrow klass range: 0x140000000

GC Precious Log:
 CPUs: 4 total, 4 available
 Memory: 8077M
 Large Page Support: Disabled
 NUMA Support: Disabled
 Compressed Oops: Enabled (32-bit)
 Heap Region Size: 1M
 Heap Min Capacity: 8M
 Heap Initial Capacity: 128M
 Heap Max Capacity: 2020M
 Pre-touch: Disabled
 Parallel Workers: 4
 Concurrent Workers: 1
 Concurrent Refinement Workers: 4
 Periodic GC: Disabled

Heap:
 garbage-first heap   total 131072K, used 22405K [0x0000000081c00000, 0x0000000100000000)
  region size 1024K, 16 young (16384K), 3 survivors (3072K)
 Metaspace       used 16979K, committed 17152K, reserved 1064960K
  class space    used 1940K, committed 2048K, reserved 1048576K

Heap Regions: E=young(eden), S=young(survivor), O=old, HS=humongous(starts), HC=humongous(continues), CS=collection set, F=free, OA=open archive, CA=closed archive, TAMS=top-at-mark-start (previous, next)
|   0|0x0000000081c00000, 0x0000000081d00000, 0x0000000081d00000|100%|HS|  |TAMS 0x0000000081c00000, 0x0000000081c00000| Complete 
|   1|0x0000000081d00000, 0x0000000081e00000, 0x0000000081e00000|100%|HC|  |TAMS 0x0000000081d00000, 0x0000000081d00000| Complete 
|   2|0x0000000081e00000, 0x0000000081f00000, 0x0000000081f00000|100%|HC|  |TAMS 0x0000000081e00000, 0x0000000081e00000| Complete 
|   3|0x0000000081f00000, 0x0000000082000000, 0x0000000082000000|100%| O|  |TAMS 0x0000000081f00000, 0x0000000081f00000| Untracked 
|   4|0x0000000082000000, 0x0000000082100000, 0x0000000082100000|100%| O|  |TAMS 0x0000000082000000, 0x0000000082000000| Untracked 
|   5|0x0000000082100000, 0x0000000082200000, 0x0000000082200000|100%| O|  |TAMS 0x0000000082100000, 0x0000000082100000| Untracked 
|   6|0x0000000082200000, 0x00000000822e1400, 0x0000000082300000| 87%| O|  |TAMS 0x0000000082200000, 0x0000000082200000| Untracked 
|   7|0x0000000082300000, 0x0000000082300000, 0x0000000082400000|  0%| F|  |TAMS 0x0000000082300000, 0x0000000082300000| Untracked 
|   8|0x0000000082400000, 0x0000000082400000, 0x0000000082500000|  0%| F|  |TAMS 0x0000000082400000, 0x0000000082400000| Untracked 
|   9|0x0000000082500000, 0x0000000082500000, 0x0000000082600000|  0%| F|  |TAMS 0x0000000082500000, 0x0000000082500000| Untracked 
|  10|0x0000000082600000, 0x0000000082600000, 0x0000000082700000|  0%| F|  |TAMS 0x0000000082600000, 0x0000000082600000| Untracked 
|  11|0x0000000082700000, 0x0000000082700000, 0x0000000082800000|  0%| F|  |TAMS 0x0000000082700000, 0x0000000082700000| Untracked 
|  12|0x0000000082800000, 0x0000000082800000, 0x0000000082900000|  0%| F|  |TAMS 0x0000000082800000, 0x0000000082800000| Untracked 
|  13|0x0000000082900000, 0x0000000082900000, 0x0000000082a00000|  0%| F|  |TAMS 0x0000000082900000, 0x0000000082900000| Untracked 
|  14|0x0000000082a00000, 0x0000000082a00000, 0x0000000082b00000|  0%| F|  |TAMS 0x0000000082a00000, 0x0000000082a00000| Untracked 
|  15|0x0000000082b00000, 0x0000000082b00000, 0x0000000082c00000|  0%| F|  |TAMS 0x0000000082b00000, 0x0000000082b00000| Untracked 
|  16|0x0000000082c00000, 0x0000000082c00000, 0x0000000082d00000|  0%| F|  |TAMS 0x0000000082c00000, 0x0000000082c00000| Untracked 
|  17|0x0000000082d00000, 0x0000000082d00000, 0x0000000082e00000|  0%| F|  |TAMS 0x0000000082d00000, 0x0000000082d00000| Untracked 
|  18|0x0000000082e00000, 0x0000000082e00000, 0x0000000082f00000|  0%| F|  |TAMS 0x0000000082e00000, 0x0000000082e00000| Untracked 
|  19|0x0000000082f00000, 0x0000000082f00000, 0x0000000083000000|  0%| F|  |TAMS 0x0000000082f00000, 0x0000000082f00000| Untracked 
|  20|0x0000000083000000, 0x0000000083000000, 0x0000000083100000|  0%| F|  |TAMS 0x0000000083000000, 0x0000000083000000| Untracked 
|  21|0x0000000083100000, 0x0000000083100000, 0x0000000083200000|  0%| F|  |TAMS 0x0000000083100000, 0x0000000083100000| Untracked 
|  22|0x0000000083200000, 0x0000000083200000, 0x0000000083300000|  0%| F|  |TAMS 0x0000000083200000, 0x0000000083200000| Untracked 
|  23|0x0000000083300000, 0x0000000083300000, 0x0000000083400000|  0%| F|  |TAMS 0x0000000083300000, 0x0000000083300000| Untracked 
|  24|0x0000000083400000, 0x0000000083400000, 0x0000000083500000|  0%| F|  |TAMS 0x0000000083400000, 0x0000000083400000| Untracked 
|  25|0x0000000083500000, 0x0000000083500000, 0x0000000083600000|  0%| F|  |TAMS 0x0000000083500000, 0x0000000083500000| Untracked 
|  26|0x0000000083600000, 0x0000000083600000, 0x0000000083700000|  0%| F|  |TAMS 0x0000000083600000, 0x0000000083600000| Untracked 
|  27|0x0000000083700000, 0x0000000083700000, 0x0000000083800000|  0%| F|  |TAMS 0x0000000083700000, 0x0000000083700000| Untracked 
|  28|0x0000000083800000, 0x0000000083800000, 0x0000000083900000|  0%| F|  |TAMS 0x0000000083800000, 0x0000000083800000| Untracked 
|  29|0x0000000083900000, 0x0000000083900000, 0x0000000083a00000|  0%| F|  |TAMS 0x0000000083900000, 0x0000000083900000| Untracked 
|  30|0x0000000083a00000, 0x0000000083a00000, 0x0000000083b00000|  0%| F|  |TAMS 0x0000000083a00000, 0x0000000083a00000| Untracked 
|  31|0x0000000083b00000, 0x0000000083b00000, 0x0000000083c00000|  0%| F|  |TAMS 0x0000000083b00000, 0x0000000083b00000| Untracked 
|  32|0x0000000083c00000, 0x0000000083c00000, 0x0000000083d00000|  0%| F|  |TAMS 0x0000000083c00000, 0x0000000083c00000| Untracked 
|  33|0x0000000083d00000, 0x0000000083d00000, 0x0000000083e00000|  0%| F|  |TAMS 0x0000000083d00000, 0x0000000083d00000| Untracked 
|  34|0x0000000083e00000, 0x0000000083e00000, 0x0000000083f00000|  0%| F|  |TAMS 0x0000000083e00000, 0x0000000083e00000| Untracked 
|  35|0x0000000083f00000, 0x0000000083f00000, 0x0000000084000000|  0%| F|  |TAMS 0x0000000083f00000, 0x0000000083f00000| Untracked 
|  36|0x0000000084000000, 0x0000000084000000, 0x0000000084100000|  0%| F|  |TAMS 0x0000000084000000, 0x0000000084000000| Untracked 
|  37|0x0000000084100000, 0x0000000084100000, 0x0000000084200000|  0%| F|  |TAMS 0x0000000084100000, 0x0000000084100000| Untracked 
|  38|0x0000000084200000, 0x0000000084200000, 0x0000000084300000|  0%| F|  |TAMS 0x0000000084200000, 0x0000000084200000| Untracked 
|  39|0x0000000084300000, 0x0000000084300000, 0x0000000084400000|  0%| F|  |TAMS 0x0000000084300000, 0x0000000084300000| Untracked 
|  40|0x0000000084400000, 0x0000000084400000, 0x0000000084500000|  0%| F|  |TAMS 0x0000000084400000, 0x0000000084400000| Untracked 
|  41|0x0000000084500000, 0x0000000084500000, 0x0000000084600000|  0%| F|  |TAMS 0x0000000084500000, 0x0000000084500000| Untracked 
|  42|0x0000000084600000, 0x0000000084600000, 0x0000000084700000|  0%| F|  |TAMS 0x0000000084600000, 0x0000000084600000| Untracked 
|  43|0x0000000084700000, 0x0000000084700000, 0x0000000084800000|  0%| F|  |TAMS 0x0000000084700000, 0x0000000084700000| Untracked 
|  44|0x0000000084800000, 0x0000000084800000, 0x0000000084900000|  0%| F|  |TAMS 0x0000000084800000, 0x0000000084800000| Untracked 
|  45|0x0000000084900000, 0x0000000084900000, 0x0000000084a00000|  0%| F|  |TAMS 0x0000000084900000, 0x0000000084900000| Untracked 
|  46|0x0000000084a00000, 0x0000000084a00000, 0x0000000084b00000|  0%| F|  |TAMS 0x0000000084a00000, 0x0000000084a00000| Untracked 
|  47|0x0000000084b00000, 0x0000000084b00000, 0x0000000084c00000|  0%| F|  |TAMS 0x0000000084b00000, 0x0000000084b00000| Untracked 
|  48|0x0000000084c00000, 0x0000000084c00000, 0x0000000084d00000|  0%| F|  |TAMS 0x0000000084c00000, 0x0000000084c00000| Untracked 
|  49|0x0000000084d00000, 0x0000000084d00000, 0x0000000084e00000|  0%| F|  |TAMS 0x0000000084d00000, 0x0000000084d00000| Untracked 
|  50|0x0000000084e00000, 0x0000000084e00000, 0x0000000084f00000|  0%| F|  |TAMS 0x0000000084e00000, 0x0000000084e00000| Untracked 
|  51|0x0000000084f00000, 0x0000000084f00000, 0x0000000085000000|  0%| F|  |TAMS 0x0000000084f00000, 0x0000000084f00000| Untracked 
|  52|0x0000000085000000, 0x0000000085000000, 0x0000000085100000|  0%| F|  |TAMS 0x0000000085000000, 0x0000000085000000| Untracked 
|  53|0x0000000085100000, 0x0000000085100000, 0x0000000085200000|  0%| F|  |TAMS 0x0000000085100000, 0x0000000085100000| Untracked 
|  54|0x0000000085200000, 0x0000000085200000, 0x0000000085300000|  0%| F|  |TAMS 0x0000000085200000, 0x0000000085200000| Untracked 
|  55|0x0000000085300000, 0x0000000085300000, 0x0000000085400000|  0%| F|  |TAMS 0x0000000085300000, 0x0000000085300000| Untracked 
|  56|0x0000000085400000, 0x0000000085400000, 0x0000000085500000|  0%| F|  |TAMS 0x0000000085400000, 0x0000000085400000| Untracked 
|  57|0x0000000085500000, 0x0000000085500000, 0x0000000085600000|  0%| F|  |TAMS 0x0000000085500000, 0x0000000085500000| Untracked 
|  58|0x0000000085600000, 0x0000000085600000, 0x0000000085700000|  0%| F|  |TAMS 0x0000000085600000, 0x0000000085600000| Untracked 
|  59|0x0000000085700000, 0x0000000085700000, 0x0000000085800000|  0%| F|  |TAMS 0x0000000085700000, 0x0000000085700000| Untracked 
|  60|0x0000000085800000, 0x0000000085800000, 0x0000000085900000|  0%| F|  |TAMS 0x0000000085800000, 0x0000000085800000| Untracked 
|  61|0x0000000085900000, 0x0000000085900000, 0x0000000085a00000|  0%| F|  |TAMS 0x0000000085900000, 0x0000000085900000| Untracked 
|  62|0x0000000085a00000, 0x0000000085a00000, 0x0000000085b00000|  0%| F|  |TAMS 0x0000000085a00000, 0x0000000085a00000| Untracked 
|  63|0x0000000085b00000, 0x0000000085b00000, 0x0000000085c00000|  0%| F|  |TAMS 0x0000000085b00000, 0x0000000085b00000| Untracked 
|  64|0x0000000085c00000, 0x0000000085c00000, 0x0000000085d00000|  0%| F|  |TAMS 0x0000000085c00000, 0x0000000085c00000| Untracked 
|  65|0x0000000085d00000, 0x0000000085d00000, 0x0000000085e00000|  0%| F|  |TAMS 0x0000000085d00000, 0x0000000085d00000| Untracked 
|  66|0x0000000085e00000, 0x0000000085e00000, 0x0000000085f00000|  0%| F|  |TAMS 0x0000000085e00000, 0x0000000085e00000| Untracked 
|  67|0x0000000085f00000, 0x0000000085f00000, 0x0000000086000000|  0%| F|  |TAMS 0x0000000085f00000, 0x0000000085f00000| Untracked 
|  68|0x0000000086000000, 0x0000000086000000, 0x0000000086100000|  0%| F|  |TAMS 0x0000000086000000, 0x0000000086000000| Untracked 
|  69|0x0000000086100000, 0x0000000086100000, 0x0000000086200000|  0%| F|  |TAMS 0x0000000086100000, 0x0000000086100000| Untracked 
|  70|0x0000000086200000, 0x0000000086200000, 0x0000000086300000|  0%| F|  |TAMS 0x0000000086200000, 0x0000000086200000| Untracked 
|  71|0x0000000086300000, 0x0000000086300000, 0x0000000086400000|  0%| F|  |TAMS 0x0000000086300000, 0x0000000086300000| Untracked 
|  72|0x0000000086400000, 0x0000000086400000, 0x0000000086500000|  0%| F|  |TAMS 0x0000000086400000, 0x0000000086400000| Untracked 
|  73|0x0000000086500000, 0x0000000086500000, 0x0000000086600000|  0%| F|  |TAMS 0x0000000086500000, 0x0000000086500000| Untracked 
|  74|0x0000000086600000, 0x0000000086600000, 0x0000000086700000|  0%| F|  |TAMS 0x0000000086600000, 0x0000000086600000| Untracked 
|  75|0x0000000086700000, 0x0000000086700000, 0x0000000086800000|  0%| F|  |TAMS 0x0000000086700000, 0x0000000086700000| Untracked 
|  76|0x0000000086800000, 0x0000000086800000, 0x0000000086900000|  0%| F|  |TAMS 0x0000000086800000, 0x0000000086800000| Untracked 
|  77|0x0000000086900000, 0x0000000086900000, 0x0000000086a00000|  0%| F|  |TAMS 0x0000000086900000, 0x0000000086900000| Untracked 
|  78|0x0000000086a00000, 0x0000000086a00000, 0x0000000086b00000|  0%| F|  |TAMS 0x0000000086a00000, 0x0000000086a00000| Untracked 
|  79|0x0000000086b00000, 0x0000000086b00000, 0x0000000086c00000|  0%| F|  |TAMS 0x0000000086b00000, 0x0000000086b00000| Untracked 
|  80|0x0000000086c00000, 0x0000000086c00000, 0x0000000086d00000|  0%| F|  |TAMS 0x0000000086c00000, 0x0000000086c00000| Untracked 
|  81|0x0000000086d00000, 0x0000000086d00000, 0x0000000086e00000|  0%| F|  |TAMS 0x0000000086d00000, 0x0000000086d00000| Untracked 
|  82|0x0000000086e00000, 0x0000000086e00000, 0x0000000086f00000|  0%| F|  |TAMS 0x0000000086e00000, 0x0000000086e00000| Untracked 
|  83|0x0000000086f00000, 0x0000000086f00000, 0x0000000087000000|  0%| F|  |TAMS 0x0000000086f00000, 0x0000000086f00000| Untracked 
|  84|0x0000000087000000, 0x0000000087000000, 0x0000000087100000|  0%| F|  |TAMS 0x0000000087000000, 0x0000000087000000| Untracked 
|  85|0x0000000087100000, 0x0000000087100000, 0x0000000087200000|  0%| F|  |TAMS 0x0000000087100000, 0x0000000087100000| Untracked 
|  86|0x0000000087200000, 0x0000000087200000, 0x0000000087300000|  0%| F|  |TAMS 0x0000000087200000, 0x0000000087200000| Untracked 
|  87|0x0000000087300000, 0x0000000087300000, 0x0000000087400000|  0%| F|  |TAMS 0x0000000087300000, 0x0000000087300000| Untracked 
|  88|0x0000000087400000, 0x0000000087400000, 0x0000000087500000|  0%| F|  |TAMS 0x0000000087400000, 0x0000000087400000| Untracked 
|  89|0x0000000087500000, 0x0000000087500000, 0x0000000087600000|  0%| F|  |TAMS 0x0000000087500000, 0x0000000087500000| Untracked 
|  90|0x0000000087600000, 0x0000000087600000, 0x0000000087700000|  0%| F|  |TAMS 0x0000000087600000, 0x0000000087600000| Untracked 
|  91|0x0000000087700000, 0x0000000087700000, 0x0000000087800000|  0%| F|  |TAMS 0x0000000087700000, 0x0000000087700000| Untracked 
|  92|0x0000000087800000, 0x0000000087800000, 0x0000000087900000|  0%| F|  |TAMS 0x0000000087800000, 0x0000000087800000| Untracked 
|  93|0x0000000087900000, 0x0000000087900000, 0x0000000087a00000|  0%| F|  |TAMS 0x0000000087900000, 0x0000000087900000| Untracked 
|  94|0x0000000087a00000, 0x0000000087a00000, 0x0000000087b00000|  0%| F|  |TAMS 0x0000000087a00000, 0x0000000087a00000| Untracked 
|  95|0x0000000087b00000, 0x0000000087b00000, 0x0000000087c00000|  0%| F|  |TAMS 0x0000000087b00000, 0x0000000087b00000| Untracked 
|  96|0x0000000087c00000, 0x0000000087c00000, 0x0000000087d00000|  0%| F|  |TAMS 0x0000000087c00000, 0x0000000087c00000| Untracked 
|  97|0x0000000087d00000, 0x0000000087d00000, 0x0000000087e00000|  0%| F|  |TAMS 0x0000000087d00000, 0x0000000087d00000| Untracked 
|  98|0x0000000087e00000, 0x0000000087e00000, 0x0000000087f00000|  0%| F|  |TAMS 0x0000000087e00000, 0x0000000087e00000| Untracked 
|  99|0x0000000087f00000, 0x0000000087f00000, 0x0000000088000000|  0%| F|  |TAMS 0x0000000087f00000, 0x0000000087f00000| Untracked 
| 100|0x0000000088000000, 0x0000000088000000, 0x0000000088100000|  0%| F|  |TAMS 0x0000000088000000, 0x0000000088000000| Untracked 
| 101|0x0000000088100000, 0x0000000088100000, 0x0000000088200000|  0%| F|  |TAMS 0x0000000088100000, 0x0000000088100000| Untracked 
| 102|0x0000000088200000, 0x0000000088200000, 0x0000000088300000|  0%| F|  |TAMS 0x0000000088200000, 0x0000000088200000| Untracked 
| 103|0x0000000088300000, 0x0000000088300000, 0x0000000088400000|  0%| F|  |TAMS 0x0000000088300000, 0x0000000088300000| Untracked 
| 104|0x0000000088400000, 0x0000000088400000, 0x0000000088500000|  0%| F|  |TAMS 0x0000000088400000, 0x0000000088400000| Untracked 
| 105|0x0000000088500000, 0x0000000088500000, 0x0000000088600000|  0%| F|  |TAMS 0x0000000088500000, 0x0000000088500000| Untracked 
| 106|0x0000000088600000, 0x0000000088600000, 0x0000000088700000|  0%| F|  |TAMS 0x0000000088600000, 0x0000000088600000| Untracked 
| 107|0x0000000088700000, 0x0000000088800000, 0x0000000088800000|100%| S|CS|TAMS 0x0000000088700000, 0x0000000088700000| Complete 
| 108|0x0000000088800000, 0x0000000088900000, 0x0000000088900000|100%| S|CS|TAMS 0x0000000088800000, 0x0000000088800000| Complete 
| 109|0x0000000088900000, 0x0000000088a00000, 0x0000000088a00000|100%| S|CS|TAMS 0x0000000088900000, 0x0000000088900000| Complete 
| 110|0x0000000088a00000, 0x0000000088a00000, 0x0000000088b00000|  0%| F|  |TAMS 0x0000000088a00000, 0x0000000088a00000| Untracked 
| 111|0x0000000088b00000, 0x0000000088b00000, 0x0000000088c00000|  0%| F|  |TAMS 0x0000000088b00000, 0x0000000088b00000| Untracked 
| 112|0x0000000088c00000, 0x0000000088c00000, 0x0000000088d00000|  0%| F|  |TAMS 0x0000000088c00000, 0x0000000088c00000| Untracked 
| 113|0x0000000088d00000, 0x0000000088d00000, 0x0000000088e00000|  0%| F|  |TAMS 0x0000000088d00000, 0x0000000088d00000| Untracked 
| 114|0x0000000088e00000, 0x0000000088e00000, 0x0000000088f00000|  0%| F|  |TAMS 0x0000000088e00000, 0x0000000088e00000| Untracked 
| 115|0x0000000088f00000, 0x0000000088f4abe8, 0x0000000089000000| 29%| E|  |TAMS 0x0000000088f00000, 0x0000000088f00000| Complete 
| 116|0x0000000089000000, 0x0000000089100000, 0x0000000089100000|100%| E|CS|TAMS 0x0000000089000000, 0x0000000089000000| Complete 
| 117|0x0000000089100000, 0x0000000089200000, 0x0000000089200000|100%| E|CS|TAMS 0x0000000089100000, 0x0000000089100000| Complete 
| 118|0x0000000089200000, 0x0000000089300000, 0x0000000089300000|100%| E|CS|TAMS 0x0000000089200000, 0x0000000089200000| Complete 
| 119|0x0000000089300000, 0x0000000089400000, 0x0000000089400000|100%| E|CS|TAMS 0x0000000089300000, 0x0000000089300000| Complete 
| 120|0x0000000089400000, 0x0000000089500000, 0x0000000089500000|100%| E|CS|TAMS 0x0000000089400000, 0x0000000089400000| Complete 
| 121|0x0000000089500000, 0x0000000089600000, 0x0000000089600000|100%| E|CS|TAMS 0x0000000089500000, 0x0000000089500000| Complete 
| 122|0x0000000089600000, 0x0000000089700000, 0x0000000089700000|100%| E|CS|TAMS 0x0000000089600000, 0x0000000089600000| Complete 
| 123|0x0000000089700000, 0x0000000089800000, 0x0000000089800000|100%| E|CS|TAMS 0x0000000089700000, 0x0000000089700000| Complete 
| 124|0x0000000089800000, 0x0000000089900000, 0x0000000089900000|100%| E|CS|TAMS 0x0000000089800000, 0x0000000089800000| Complete 
| 125|0x0000000089900000, 0x0000000089a00000, 0x0000000089a00000|100%| E|CS|TAMS 0x0000000089900000, 0x0000000089900000| Complete 
| 126|0x0000000089a00000, 0x0000000089b00000, 0x0000000089b00000|100%| E|CS|TAMS 0x0000000089a00000, 0x0000000089a00000| Complete 
| 127|0x0000000089b00000, 0x0000000089c00000, 0x0000000089c00000|100%| E|CS|TAMS 0x0000000089b00000, 0x0000000089b00000| Complete 

Card table byte_map: [0x0000011952b50000,0x0000011952f50000] _byte_map_base: 0x0000011952742000

Marking Bits (Prev, Next): (CMBitMap*) 0x00000119402dab80, (CMBitMap*) 0x00000119402dabc0
 Prev Bits: [0x0000011953350000, 0x00000119552e0000)
 Next Bits: [0x00000119552e0000, 0x0000011957270000)

Polling page: 0x000001193e120000

Metaspace:

Usage:
  Non-class:     14.69 MB used.
      Class:      1.89 MB used.
       Both:     16.58 MB used.

Virtual space:
  Non-class space:       16.00 MB reserved,      14.75 MB ( 92%) committed,  2 nodes.
      Class space:        1.00 GB reserved,       2.00 MB ( <1%) committed,  1 nodes.
             Both:        1.02 GB reserved,      16.75 MB (  2%) committed. 

Chunk freelists:
   Non-Class:  644.00 KB
       Class:  2.03 MB
        Both:  2.65 MB

MaxMetaspaceSize: unlimited
CompressedClassSpaceSize: 1.00 GB
Initial GC threshold: 21.00 MB
Current GC threshold: 21.00 MB
CDS: off
MetaspaceReclaimPolicy: balanced
 - commit_granule_bytes: 65536.
 - commit_granule_words: 8192.
 - virtual_space_node_default_size: 1048576.
 - enlarge_chunks_in_place: 1.
 - new_chunks_are_fully_committed: 0.
 - uncommit_free_chunks: 1.
 - use_allocation_guard: 0.
 - handle_deallocations: 1.


Internal statistics:

num_allocs_failed_limit: 0.
num_arena_births: 88.
num_arena_deaths: 0.
num_vsnodes_births: 3.
num_vsnodes_deaths: 0.
num_space_committed: 268.
num_space_uncommitted: 0.
num_chunks_returned_to_freelist: 0.
num_chunks_taken_from_freelist: 316.
num_chunk_merges: 0.
num_chunk_splits: 204.
num_chunks_enlarged: 168.
num_purges: 0.
num_inconsistent_stats: 0.

CodeHeap 'non-profiled nmethods': size=120000Kb used=570Kb max_used=570Kb free=119429Kb
 bounds [0x000001194b220000, 0x000001194b490000, 0x0000011952750000]
CodeHeap 'profiled nmethods': size=120000Kb used=2747Kb max_used=2747Kb free=117252Kb
 bounds [0x0000011943750000, 0x0000011943a00000, 0x000001194ac80000]
CodeHeap 'non-nmethods': size=5760Kb used=1170Kb max_used=1182Kb free=4589Kb
 bounds [0x000001194ac80000, 0x000001194aef0000, 0x000001194b220000]
 total_blobs=1857 nmethods=1390 adapters=380
 compilation: enabled
              stopped_count=0, restarted_count=0
 full_count=0

Compilation events (20 events):
Event: 8.805 Thread 0x000001195a188400 1379       1       jdk.internal.org.objectweb.asm.SymbolTable::getConstantPoolCount (5 bytes)
Event: 8.806 Thread 0x000001195a188400 nmethod 1379 0x000001194b2ade90 code [0x000001194b2ae020, 0x000001194b2ae0f8]
Event: 8.829 Thread 0x000001195a188400 1380       3       java.lang.StringUTF16::getChar (60 bytes)
Event: 8.829 Thread 0x000001195a188400 nmethod 1380 0x00000119439fc290 code [0x00000119439fc420, 0x00000119439fc598]
Event: 8.830 Thread 0x000001195a119030 1381       4       java.lang.StringUTF16::getChar (60 bytes)
Event: 8.831 Thread 0x000001195a119030 nmethod 1381 0x000001194b2ae190 code [0x000001194b2ae300, 0x000001194b2ae3d8]
Event: 8.846 Thread 0x000001195a188400 1382       3       java.lang.AbstractStringBuilder::putStringAt (12 bytes)
Event: 8.846 Thread 0x000001195a188400 nmethod 1382 0x00000119439fc690 code [0x00000119439fc840, 0x00000119439fca88]
Event: 9.237 Thread 0x000001195a188400 1383       3       java.util.ArrayList::isEmpty (13 bytes)
Event: 9.237 Thread 0x000001195a188400 nmethod 1383 0x00000119439fcc10 code [0x00000119439fcda0, 0x00000119439fcf18]
Event: 9.621 Thread 0x000001195a188400 1384       3       java.util.concurrent.locks.AbstractQueuedSynchronizer::compareAndSetState (13 bytes)
Event: 9.622 Thread 0x000001195a188400 nmethod 1384 0x00000119439fcf90 code [0x00000119439fd120, 0x00000119439fd258]
Event: 9.622 Thread 0x000001195a188400 1385       3       java.util.concurrent.locks.AbstractQueuedSynchronizer::release (19 bytes)
Event: 9.623 Thread 0x000001195a188400 nmethod 1385 0x00000119439fd310 code [0x00000119439fd500, 0x00000119439fd968]
Event: 9.738 Thread 0x000001195a188400 1386       3       java.util.concurrent.ThreadPoolExecutor::runStateAtLeast (11 bytes)
Event: 9.738 Thread 0x000001195a188400 nmethod 1386 0x00000119439fdb10 code [0x00000119439fdca0, 0x00000119439fddf8]
Event: 11.318 Thread 0x000001195a188400 1387       3       java.util.concurrent.locks.ReentrantLock$Sync::tryRelease (51 bytes)
Event: 11.319 Thread 0x000001195a188400 nmethod 1387 0x00000119439fde90 code [0x00000119439fe040, 0x00000119439fe388]
Event: 11.769 Thread 0x000001195a188400 1389       3       java.util.LinkedHashMap$LinkedHashIterator::<init> (31 bytes)
Event: 11.770 Thread 0x000001195a188400 nmethod 1389 0x00000119439fe490 code [0x00000119439fe640, 0x00000119439fe898]

GC Heap History (4 events):
Event: 2.914 GC heap before
{Heap before GC invocations=0 (full 0):
 garbage-first heap   total 131072K, used 15360K [0x0000000081c00000, 0x0000000100000000)
  region size 1024K, 13 young (13312K), 0 survivors (0K)
 Metaspace       used 8382K, committed 8512K, reserved 1056768K
  class space    used 735K, committed 768K, reserved 1048576K
}
Event: 2.956 GC heap after
{Heap after GC invocations=1 (full 0):
 garbage-first heap   total 131072K, used 3561K [0x0000000081c00000, 0x0000000100000000)
  region size 1024K, 2 young (2048K), 2 survivors (2048K)
 Metaspace       used 8382K, committed 8512K, reserved 1056768K
  class space    used 735K, committed 768K, reserved 1048576K
}
Event: 5.397 GC heap before
{Heap before GC invocations=1 (full 0):
 garbage-first heap   total 131072K, used 23017K [0x0000000081c00000, 0x0000000100000000)
  region size 1024K, 18 young (18432K), 2 survivors (2048K)
 Metaspace       used 13274K, committed 13504K, reserved 1064960K
  class space    used 1508K, committed 1600K, reserved 1048576K
}
Event: 5.402 GC heap after
{Heap after GC invocations=2 (full 0):
 garbage-first heap   total 131072K, used 10117K [0x0000000081c00000, 0x0000000100000000)
  region size 1024K, 3 young (3072K), 3 survivors (3072K)
 Metaspace       used 13274K, committed 13504K, reserved 1064960K
  class space    used 1508K, committed 1600K, reserved 1048576K
}

Dll operation events (2 events):
Event: 0.017 Loaded shared library C:\Program Files\Android\Android Studio\jbr\bin\java.dll
Event: 0.672 Loaded shared library C:\Program Files\Android\Android Studio\jbr\bin\verify.dll

Deoptimization events (20 events):
Event: 7.771 Thread 0x00000119402802b0 DEOPT PACKING pc=0x000001194380ee89 sp=0x00000012706fc460
Event: 7.771 Thread 0x00000119402802b0 DEOPT UNPACKING pc=0x000001194acd7143 sp=0x00000012706fb958 mode 0
Event: 7.970 Thread 0x00000119402802b0 DEOPT PACKING pc=0x000001194393e808 sp=0x00000012706fc280
Event: 7.970 Thread 0x00000119402802b0 DEOPT UNPACKING pc=0x000001194acd7143 sp=0x00000012706fb788 mode 0
Event: 8.810 Thread 0x000001195b9a32f0 Uncommon trap: trap_request=0xffffff45 fr.pc=0x000001194b2738c8 relative=0x0000000000000048
Event: 8.810 Thread 0x000001195b9a32f0 Uncommon trap: reason=unstable_if action=reinterpret pc=0x000001194b2738c8 method=java.lang.CharacterData.of(I)Ljava/lang/CharacterData; @ 4 c2
Event: 8.810 Thread 0x000001195b9a32f0 DEOPT PACKING pc=0x000001194b2738c8 sp=0x0000001271dfe4f0
Event: 8.810 Thread 0x000001195b9a32f0 DEOPT UNPACKING pc=0x000001194acd69a3 sp=0x0000001271dfe488 mode 2
Event: 8.845 Thread 0x000001195b9a32f0 Uncommon trap: trap_request=0xffffff45 fr.pc=0x000001194b25cfbc relative=0x000000000000011c
Event: 8.845 Thread 0x000001195b9a32f0 Uncommon trap: reason=unstable_if action=reinterpret pc=0x000001194b25cfbc method=java.lang.AbstractStringBuilder.putStringAt(ILjava/lang/String;II)V @ 8 c2
Event: 8.845 Thread 0x000001195b9a32f0 DEOPT PACKING pc=0x000001194b25cfbc sp=0x0000001271dfed30
Event: 8.845 Thread 0x000001195b9a32f0 DEOPT UNPACKING pc=0x000001194acd69a3 sp=0x0000001271dfec60 mode 2
Event: 8.845 Thread 0x000001195b9a32f0 Uncommon trap: trap_request=0xffffff45 fr.pc=0x000001194b2562c8 relative=0x0000000000000128
Event: 8.845 Thread 0x000001195b9a32f0 Uncommon trap: reason=unstable_if action=reinterpret pc=0x000001194b2562c8 method=java.lang.AbstractStringBuilder.putStringAt(ILjava/lang/String;II)V @ 8 c2
Event: 8.845 Thread 0x000001195b9a32f0 DEOPT PACKING pc=0x000001194b2562c8 sp=0x0000001271dfec90
Event: 8.845 Thread 0x000001195b9a32f0 DEOPT UNPACKING pc=0x000001194acd69a3 sp=0x0000001271dfec58 mode 2
Event: 8.845 Thread 0x000001195b9a32f0 Uncommon trap: trap_request=0xffffff45 fr.pc=0x000001194b28d6dc relative=0x00000000000003bc
Event: 8.845 Thread 0x000001195b9a32f0 Uncommon trap: reason=unstable_if action=reinterpret pc=0x000001194b28d6dc method=java.lang.AbstractStringBuilder.isLatin1()Z @ 10 c2
Event: 8.846 Thread 0x000001195b9a32f0 DEOPT PACKING pc=0x000001194b28d6dc sp=0x0000001271dfede0
Event: 8.846 Thread 0x000001195b9a32f0 DEOPT UNPACKING pc=0x000001194acd69a3 sp=0x0000001271dfed60 mode 2

Classes unloaded (0 events):
No events

Classes redefined (0 events):
No events

Internal exceptions (20 events):
Event: 4.465 Thread 0x00000119402802b0 Exception <a 'java/lang/NoSuchMethodError'{0x00000000893f4208}: 'java.lang.Object java.lang.invoke.Invokers$Holder.invoker(java.lang.Object, java.lang.Object, java.lang.Object)'> (0x00000000893f4208) 
thrown [s\src\hotspot\share\interpreter\linkResolver.cpp, line 771]
Event: 4.472 Thread 0x00000119402802b0 Exception <a 'java/lang/NoSuchMethodError'{0x00000000893fd528}: 'java.lang.Object java.lang.invoke.DirectMethodHandle$Holder.invokeStatic(java.lang.Object, java.lang.Object, int)'> (0x00000000893fd528) 
thrown [s\src\hotspot\share\interpreter\linkResolver.cpp, line 771]
Event: 4.525 Thread 0x00000119402802b0 Exception <a 'java/lang/NoSuchMethodError'{0x00000000892096c8}: 'void java.lang.invoke.DelegatingMethodHandle$Holder.delegate(java.lang.Object, java.lang.Object, int, java.lang.Object)'> (0x00000000892096c8) 
thrown [s\src\hotspot\share\interpreter\linkResolver.cpp, line 771]
Event: 4.531 Thread 0x00000119402802b0 Exception <a 'java/lang/NoSuchMethodError'{0x000000008920d810}: 'int java.lang.invoke.DirectMethodHandle$Holder.invokeSpecial(java.lang.Object, java.lang.Object, java.lang.Object)'> (0x000000008920d810) 
thrown [s\src\hotspot\share\interpreter\linkResolver.cpp, line 771]
Event: 4.554 Thread 0x00000119402802b0 Exception <a 'java/lang/NoSuchMethodError'{0x0000000089220a30}: 'java.lang.Object java.lang.invoke.Invokers$Holder.invokeExact_MT(java.lang.Object, java.lang.Object, java.lang.Object, java.lang.Object)'> (0x0000000089220a30) 
thrown [s\src\hotspot\share\interpreter\linkResolver.cpp, line 771]
Event: 5.013 Thread 0x00000119402802b0 Exception <a 'java/lang/NoSuchMethodError'{0x0000000088c1fb78}: 'java.lang.Object java.lang.invoke.DirectMethodHandle$Holder.invokeInterface(java.lang.Object, java.lang.Object, java.lang.Object)'> (0x0000000088c1fb78) 
thrown [s\src\hotspot\share\interpreter\linkResolver.cpp, line 771]
Event: 5.044 Thread 0x00000119402802b0 Exception <a 'java/lang/NoSuchMethodError'{0x0000000088c414c8}: 'void java.lang.invoke.DirectMethodHandle$Holder.invokeSpecial(java.lang.Object, java.lang.Object, java.lang.Object)'> (0x0000000088c414c8) 
thrown [s\src\hotspot\share\interpreter\linkResolver.cpp, line 771]
Event: 5.140 Thread 0x00000119402802b0 Implicit null exception at 0x000001194b270d11 to 0x000001194b271114
Event: 5.140 Thread 0x00000119402802b0 Implicit null exception at 0x000001194b258911 to 0x000001194b258d00
Event: 5.245 Thread 0x00000119402802b0 Exception <a 'java/lang/NoSuchMethodError'{0x0000000088bdecb8}: 'java.lang.Object java.lang.invoke.DirectMethodHandle$Holder.invokeStaticInit(java.lang.Object)'> (0x0000000088bdecb8) 
thrown [s\src\hotspot\share\interpreter\linkResolver.cpp, line 771]
Event: 5.759 Thread 0x00000119402802b0 Exception <a 'java/lang/NoSuchMethodError'{0x00000000899f9ef0}: 'java.lang.Object java.lang.invoke.DirectMethodHandle$Holder.invokeStaticInit(java.lang.Object, int, int, int, int)'> (0x00000000899f9ef0) 
thrown [s\src\hotspot\share\interpreter\linkResolver.cpp, line 771]
Event: 5.984 Thread 0x00000119402802b0 Exception <a 'java/lang/NoSuchMethodError'{0x0000000089823fb8}: 'java.lang.Object java.lang.invoke.DirectMethodHandle$Holder.invokeStaticInit(java.lang.Object, java.lang.Object, int, int, int, int)'> (0x0000000089823fb8) 
thrown [s\src\hotspot\share\interpreter\linkResolver.cpp, line 771]
Event: 6.900 Thread 0x00000119402802b0 Exception <a 'java/lang/NoSuchMethodError'{0x0000000089851618}: 'void java.lang.invoke.DirectMethodHandle$Holder.invokeStatic(java.lang.Object, java.lang.Object, java.lang.Object)'> (0x0000000089851618) 
thrown [s\src\hotspot\share\interpreter\linkResolver.cpp, line 771]
Event: 6.994 Thread 0x00000119402802b0 Implicit null exception at 0x000001194b2555f2 to 0x000001194b255b8c
Event: 6.995 Thread 0x00000119402802b0 Implicit null exception at 0x000001194b25c372 to 0x000001194b25c920
Event: 8.697 Thread 0x000001195b9a32f0 Exception <a 'java/lang/NoSuchMethodError'{0x0000000089009dc0}: 'void java.lang.invoke.DirectMethodHandle$Holder.invokeStatic(java.lang.Object, long)'> (0x0000000089009dc0) 
thrown [s\src\hotspot\share\interpreter\linkResolver.cpp, line 771]
Event: 8.698 Thread 0x000001195b9a32f0 Exception <a 'java/lang/NoSuchMethodError'{0x000000008900f470}: 'java.lang.Object java.lang.invoke.DirectMethodHandle$Holder.newInvokeSpecial(java.lang.Object, long)'> (0x000000008900f470) 
thrown [s\src\hotspot\share\interpreter\linkResolver.cpp, line 771]
Event: 8.703 Thread 0x000001195b9a32f0 Exception <a 'java/lang/NoSuchMethodError'{0x000000008901a018}: 'java.lang.Object java.lang.invoke.DirectMethodHandle$Holder.invokeStaticInit(java.lang.Object, java.lang.Object, long, java.lang.Object)'> (0x000000008901a018) 
thrown [s\src\hotspot\share\interpreter\linkResolver.cpp, line 771]
Event: 8.705 Thread 0x000001195b9a32f0 Exception <a 'java/lang/NoSuchMethodError'{0x00000000890206a0}: 'java.lang.Object java.lang.invoke.DirectMethodHandle$Holder.newInvokeSpecial(java.lang.Object, java.lang.Object, long)'> (0x00000000890206a0) 
thrown [s\src\hotspot\share\interpreter\linkResolver.cpp, line 771]
Event: 8.706 Thread 0x000001195b9a32f0 Exception <a 'java/lang/NoSuchMethodError'{0x0000000089024990}: 'java.lang.Object java.lang.invoke.Invokers$Holder.linkToTargetMethod(java.lang.Object, long, java.lang.Object)'> (0x0000000089024990) 
thrown [s\src\hotspot\share\interpreter\linkResolver.cpp, line 771]

VM Operations (20 events):
Event: 4.471 Executing VM operation: Cleanup
Event: 4.471 Executing VM operation: Cleanup done
Event: 5.396 Executing VM operation: G1CollectForAllocation
Event: 5.402 Executing VM operation: G1CollectForAllocation done
Event: 5.558 Executing VM operation: HandshakeAllThreads
Event: 5.558 Executing VM operation: HandshakeAllThreads done
Event: 5.977 Executing VM operation: HandshakeAllThreads
Event: 5.977 Executing VM operation: HandshakeAllThreads done
Event: 6.989 Executing VM operation: Cleanup
Event: 6.989 Executing VM operation: Cleanup done
Event: 7.049 Executing VM operation: HandshakeAllThreads
Event: 7.049 Executing VM operation: HandshakeAllThreads done
Event: 8.052 Executing VM operation: Cleanup
Event: 8.052 Executing VM operation: Cleanup done
Event: 8.715 Executing VM operation: HandshakeAllThreads
Event: 8.780 Executing VM operation: HandshakeAllThreads done
Event: 8.812 Executing VM operation: HandshakeAllThreads
Event: 8.828 Executing VM operation: HandshakeAllThreads done
Event: 9.831 Executing VM operation: Cleanup
Event: 9.831 Executing VM operation: Cleanup done

Events (20 events):
Event: 8.803 loading class java/util/function/IntConsumer done
Event: 8.803 loading class java/util/stream/Sink$OfInt done
Event: 8.803 loading class java/util/stream/FindOps$FindSink$OfInt done
Event: 8.804 loading class java/util/OptionalInt
Event: 8.804 loading class java/util/OptionalInt done
Event: 8.809 loading class java/util/stream/IntPipeline$10$1
Event: 8.809 loading class java/util/stream/Sink$ChainedInt
Event: 8.809 loading class java/util/stream/Sink$ChainedInt done
Event: 8.809 loading class java/util/stream/IntPipeline$10$1 done
Event: 8.809 loading class java/lang/StringUTF16$CharsSpliterator
Event: 8.810 loading class java/lang/StringUTF16$CharsSpliterator done
Event: 8.810 loading class java/lang/CharacterData00
Event: 8.811 loading class java/lang/CharacterData00 done
Event: 8.831 loading class java/text/DecimalFormat
Event: 8.833 loading class java/text/DecimalFormat done
Event: 8.842 loading class java/text/FieldPosition
Event: 8.842 loading class java/text/FieldPosition done
Event: 8.842 loading class java/text/DigitList
Event: 8.844 loading class java/text/DigitList done
Event: 13.168 loading class java/util/regex/Matcher$ImmutableMatchResult


Dynamic libraries:
0x00007ff7ef6a0000 - 0x00007ff7ef6aa000 	C:\Program Files\Android\Android Studio\jbr\bin\java.exe
0x00007ffff6170000 - 0x00007ffff6368000 	C:\Windows\SYSTEM32\ntdll.dll
0x00007ffff42b0000 - 0x00007ffff436d000 	C:\Windows\System32\KERNEL32.DLL
0x00007ffff3850000 - 0x00007ffff3b46000 	C:\Windows\System32\KERNELBASE.dll
0x00007ffff4040000 - 0x00007ffff4140000 	C:\Windows\System32\ucrtbase.dll
0x00007fffd1ed0000 - 0x00007fffd1ee7000 	C:\Program Files\Android\Android Studio\jbr\bin\jli.dll
0x00007fffd1eb0000 - 0x00007fffd1ecb000 	C:\Program Files\Android\Android Studio\jbr\bin\VCRUNTIME140.dll
0x00007ffff4ee0000 - 0x00007ffff507e000 	C:\Windows\System32\USER32.dll
0x00007ffff3d50000 - 0x00007ffff3d72000 	C:\Windows\System32\win32u.dll
0x00007ffff41d0000 - 0x00007ffff41fc000 	C:\Windows\System32\GDI32.dll
0x00007ffff3d80000 - 0x00007ffff3e9a000 	C:\Windows\System32\gdi32full.dll
0x00007fffe4d20000 - 0x00007fffe4fba000 	C:\Windows\WinSxS\amd64_microsoft.windows.common-controls_6595b64144ccf1df_6.0.19041.3636_none_60b6a03d71f818d5\COMCTL32.dll
0x00007ffff3fa0000 - 0x00007ffff403d000 	C:\Windows\System32\msvcp_win.dll
0x00007ffff4370000 - 0x00007ffff440e000 	C:\Windows\System32\msvcrt.dll
0x00007ffff4c00000 - 0x00007ffff4c30000 	C:\Windows\System32\IMM32.DLL
0x00007fffd8b10000 - 0x00007fffd8b1c000 	C:\Program Files\Android\Android Studio\jbr\bin\vcruntime140_1.dll
0x00007fffc09e0000 - 0x00007fffc0a6d000 	C:\Program Files\Android\Android Studio\jbr\bin\msvcp140.dll
0x00007fff7a130000 - 0x00007fff7ad9e000 	C:\Program Files\Android\Android Studio\jbr\bin\server\jvm.dll
0x00007ffff5c10000 - 0x00007ffff5cbf000 	C:\Windows\System32\ADVAPI32.dll
0x00007ffff4b60000 - 0x00007ffff4bfc000 	C:\Windows\System32\sechost.dll
0x00007ffff5a70000 - 0x00007ffff5b96000 	C:\Windows\System32\RPCRT4.dll
0x00007fffdc8b0000 - 0x00007fffdc8b9000 	C:\Windows\SYSTEM32\WSOCK32.dll
0x00007fffe6760000 - 0x00007fffe6787000 	C:\Windows\SYSTEM32\WINMM.dll
0x00007ffff5ba0000 - 0x00007ffff5c0b000 	C:\Windows\System32\WS2_32.dll
0x00007fffe76e0000 - 0x00007fffe76ea000 	C:\Windows\SYSTEM32\VERSION.dll
0x00007ffff2060000 - 0x00007ffff2072000 	C:\Windows\SYSTEM32\kernel.appcore.dll
0x00007fffd1ea0000 - 0x00007fffd1eaa000 	C:\Program Files\Android\Android Studio\jbr\bin\jimage.dll
0x00007ffff15b0000 - 0x00007ffff1794000 	C:\Windows\SYSTEM32\DBGHELP.DLL
0x00007fffe7390000 - 0x00007fffe73c4000 	C:\Windows\SYSTEM32\dbgcore.DLL
0x00007ffff4140000 - 0x00007ffff41c2000 	C:\Windows\System32\bcryptPrimitives.dll
0x00007fffd03c0000 - 0x00007fffd03e5000 	C:\Program Files\Android\Android Studio\jbr\bin\java.dll
0x00007fffd0280000 - 0x00007fffd0298000 	C:\Program Files\Android\Android Studio\jbr\bin\zip.dll
0x00007ffff4410000 - 0x00007ffff4b55000 	C:\Windows\System32\SHELL32.dll
0x00007ffff18b0000 - 0x00007ffff204b000 	C:\Windows\SYSTEM32\windows.storage.dll
0x00007ffff5580000 - 0x00007ffff58d4000 	C:\Windows\System32\combase.dll
0x00007ffff30e0000 - 0x00007ffff310d000 	C:\Windows\SYSTEM32\Wldp.dll
0x00007ffff4200000 - 0x00007ffff42ad000 	C:\Windows\System32\SHCORE.dll
0x00007ffff4e00000 - 0x00007ffff4e55000 	C:\Windows\System32\shlwapi.dll
0x00007ffff3780000 - 0x00007ffff37a5000 	C:\Windows\SYSTEM32\profapi.dll
0x00007fffc4cd0000 - 0x00007fffc4ce9000 	C:\Program Files\Android\Android Studio\jbr\bin\net.dll
0x00007fffe8340000 - 0x00007fffe844a000 	C:\Windows\SYSTEM32\WINHTTP.dll
0x00007ffff2ec0000 - 0x00007ffff2f2a000 	C:\Windows\system32\mswsock.dll
0x00007fffc34f0000 - 0x00007fffc3506000 	C:\Program Files\Android\Android Studio\jbr\bin\nio.dll
0x00007fffd03b0000 - 0x00007fffd03c0000 	C:\Program Files\Android\Android Studio\jbr\bin\verify.dll
0x00007fffeae10000 - 0x00007fffeae37000 	C:\Users\Admin\.gradle\native\e1d6ef7f7dcc3fd88c89a11ec53ec762bb8ba0a96d01ffa2cd45eb1d1d8dd5c5\windows-amd64\native-platform.dll
0x00007fffc4ff0000 - 0x00007fffc4ff9000 	C:\Program Files\Android\Android Studio\jbr\bin\management.dll
0x00007fffc09a0000 - 0x00007fffc09ab000 	C:\Program Files\Android\Android Studio\jbr\bin\management_ext.dll
0x00007ffff4de0000 - 0x00007ffff4de8000 	C:\Windows\System32\PSAPI.DLL
0x00007ffff3120000 - 0x00007ffff3138000 	C:\Windows\SYSTEM32\CRYPTSP.dll
0x00007ffff2810000 - 0x00007ffff2844000 	C:\Windows\system32\rsaenh.dll
0x00007ffff3bc0000 - 0x00007ffff3be7000 	C:\Windows\System32\bcrypt.dll
0x00007ffff3740000 - 0x00007ffff376e000 	C:\Windows\SYSTEM32\USERENV.dll
0x00007ffff3050000 - 0x00007ffff305c000 	C:\Windows\SYSTEM32\CRYPTBASE.dll
0x00007ffff2bd0000 - 0x00007ffff2c0b000 	C:\Windows\SYSTEM32\IPHLPAPI.DLL
0x00007ffff4df0000 - 0x00007ffff4df8000 	C:\Windows\System32\NSI.dll
0x00007fffebf30000 - 0x00007fffebf47000 	C:\Windows\SYSTEM32\dhcpcsvc6.DLL
0x00007fffea990000 - 0x00007fffea9ad000 	C:\Windows\SYSTEM32\dhcpcsvc.DLL
0x00007ffff2c10000 - 0x00007ffff2cda000 	C:\Windows\SYSTEM32\DNSAPI.dll

dbghelp: loaded successfully - version: 4.0.5 - missing functions: none
symbol engine: initialized successfully - sym options: 0x614 - pdb path: .;C:\Program Files\Android\Android Studio\jbr\bin;C:\Windows\SYSTEM32;C:\Windows\WinSxS\amd64_microsoft.windows.common-controls_6595b64144ccf1df_6.0.19041.3636_none_60b6a03d71f818d5;C:\Program Files\Android\Android Studio\jbr\bin\server;C:\Users\Admin\.gradle\native\e1d6ef7f7dcc3fd88c89a11ec53ec762bb8ba0a96d01ffa2cd45eb1d1d8dd5c5\windows-amd64

VM Arguments:
jvm_args: -Dorg.gradle.appname=gradlew 
java_command: org.gradle.wrapper.GradleWrapperMain -q -Ptarget-platform=android-arm64 -Ptarget=H:\my-P-flutter\quran_app\lib\main.dart -Pbase-application-name=android.app.Application -Pdart-defines=RkxVVFRFUl9XRUJfQVVUT19ERVRFQ1Q9dHJ1ZQ==,RkxVVFRFUl9XRUJfQ0FOVkFTS0lUX1VSTD1odHRwczovL3d3dy5nc3RhdGljLmNvbS9mbHV0dGVyLWNhbnZhc2tpdC8zZjNlNTYwMjM2NTM5YjdlMjcwMmY1YWM3OTBiMmE0NjkxYjMyZDQ5Lw== -Pdart-obfuscation=false -Ptrack-widget-creation=true -Ptree-shake-icons=false -Pfilesystem-scheme=org-dartlang-root assembleDebug
java_class_path (initial): H:\my-P-flutter\quran_app\android\\gradle\wrapper\gradle-wrapper.jar
Launcher Type: SUN_STANDARD

[Global flags]
     intx CICompilerCount                          = 3                                         {product} {ergonomic}
     uint ConcGCThreads                            = 1                                         {product} {ergonomic}
     uint G1ConcRefinementThreads                  = 4                                         {product} {ergonomic}
   size_t G1HeapRegionSize                         = 1048576                                   {product} {ergonomic}
    uintx GCDrainStackTargetSize                   = 64                                        {product} {ergonomic}
   size_t InitialHeapSize                          = 134217728                                 {product} {ergonomic}
   size_t MarkStackSize                            = 4194304                                   {product} {ergonomic}
   size_t MaxHeapSize                              = 2118123520                                {product} {ergonomic}
   size_t MaxNewSize                               = 1270874112                                {product} {ergonomic}
   size_t MinHeapDeltaBytes                        = 1048576                                   {product} {ergonomic}
   size_t MinHeapSize                              = 8388608                                   {product} {ergonomic}
    uintx NonNMethodCodeHeapSize                   = 5832780                                {pd product} {ergonomic}
    uintx NonProfiledCodeHeapSize                  = 122912730                              {pd product} {ergonomic}
    uintx ProfiledCodeHeapSize                     = 122912730                              {pd product} {ergonomic}
    uintx ReservedCodeCacheSize                    = 251658240                              {pd product} {ergonomic}
     bool SegmentedCodeCache                       = true                                      {product} {ergonomic}
   size_t SoftMaxHeapSize                          = 2118123520                             {manageable} {ergonomic}
     bool UseCompressedClassPointers               = true                           {product lp64_product} {ergonomic}
     bool UseCompressedOops                        = true                           {product lp64_product} {ergonomic}
     bool UseG1GC                                  = true                                      {product} {ergonomic}
     bool UseLargePagesIndividualAllocation        = false                                  {pd product} {ergonomic}

Logging:
Log output configuration:
 #0: stdout all=warning uptime,level,tags
 #1: stderr all=off uptime,level,tags

Environment Variables:
JAVA_HOME=C:\Program Files\Android\Android Studio\jbr
CLASSPATH=H:\my-P-flutter\quran_app\android\\gradle\wrapper\gradle-wrapper.jar
PATH=C:\Program Files\Android\Android Studio\jbr\bin;G:\src\flutter\bin\;C:\Program Files\Common Files\Oracle\Java\javapath;C:\Windows\system32;C:\Windows;C:\Windows\System32\Wbem;C:\Windows\System32\WindowsPowerShell\v1.0\;C:\Windows\System32\OpenSSH\;C:\Program Files\Git\cmd;C:\Program Files\Microsoft SQL Server\150\Tools\Binn\;C:\Program Files (x86)\Windows Kits\10\Windows Performance Toolkit\;C:\Program Files\Microsoft SQL Server\Client SDK\ODBC\170\Tools\Binn\;C:\Program Files\dotnet\;C:\Program Files (x86)\Incredibuild;C:\Program Files\nodejs\;C:\Program Files\Git LFS;C:\Users\Admin\AppData\Local\Microsoft\WindowsApps;C:\Users\Admin\Desktop\Devolpment Flutter\flutter\bin;C:\Users\Admin\Desktop\flutter projects;C:\Users\Admin\.dotnet\tools;C:\Users\Admin\AppData\Local\Pub\Cache\bin;C:\Users\Admin\AppData\Roaming\npm;C:\Program Files\Java\jdk-21\bin;G:\src\flutter\bin;C:\Users\Admin\AppData\Local\Programs\Microsoft VS Code\bin;G:\src\flutter\bin\mingit\cmd
USERNAME=Admin
LANG=en_US.UTF-8
OS=Windows_NT
PROCESSOR_IDENTIFIER=Intel64 Family 6 Model 58 Stepping 9, GenuineIntel
TMP=C:\Users\Admin\AppData\Local\Temp
TEMP=C:\Users\Admin\AppData\Local\Temp


JNI global refs:
JNI global refs: 18, weak refs: 0

JNI global refs memory usage: 843, weak refs: 209


---------------  S Y S T E M  ---------------

OS:
 Windows 10 , 64 bit Build 19041 (10.0.19041.3636)
OS uptime: 0 days 0:47 hours
Hyper-V role detected

CPU: total 4 (initial active 4) (2 cores per cpu, 2 threads per core) family 6 model 58 stepping 9 microcode 0x21, cx8, cmov, fxsr, ht, mmx, sse, sse2, sse3, ssse3, sse4.1, sse4.2, popcnt, tsc, tscinvbit, avx, aes, erms, clmul, vzeroupper, clflush, hv

Memory: 4k page, system-wide physical 8077M (1367M free)
TotalPageFile size 8902M (AvailPageFile size 254M)
current process WorkingSet (physical memory assigned to process): 85M, peak: 89M
current process commit charge ("private bytes"): 219M, peak: 222M

vm_info: OpenJDK 64-Bit Server VM (17.0.6+0-b2043.56-10027231) for windows-amd64 JRE (17.0.6+0-b2043.56-10027231), built on Apr 28 2023 00:43:19 by "androidbuild" with MS VC++ 16.10 / 16.11 (VS2019)

END.
